
===========================================================================
 report_power
============================================================================
======================= Fastest Corner ===================================

Group                  Internal  Switching    Leakage      Total
                          Power      Power      Power      Power (Watts)
----------------------------------------------------------------
Sequential             4.44e-04   2.25e-04   3.38e-07   6.70e-04  24.3%
Combinational          9.77e-04   1.11e-03   6.85e-09   2.09e-03  75.7%
Macro                  0.00e+00   0.00e+00   0.00e+00   0.00e+00   0.0%
Pad                    0.00e+00   0.00e+00   0.00e+00   0.00e+00   0.0%
----------------------------------------------------------------
Total                  1.42e-03   1.33e-03   3.45e-07   2.76e-03 100.0%
                          51.6%      48.4%       0.0%

======================= Slowest Corner ===================================

Group                  Internal  Switching    Leakage      Total
                          Power      Power      Power      Power (Watts)
----------------------------------------------------------------
Sequential             3.01e-04   1.46e-04   1.48e-06   4.48e-04  23.7%
Combinational          7.08e-04   7.32e-04   3.25e-06   1.44e-03  76.3%
Macro                  0.00e+00   0.00e+00   0.00e+00   0.00e+00   0.0%
Pad                    0.00e+00   0.00e+00   0.00e+00   0.00e+00   0.0%
----------------------------------------------------------------
Total                  1.01e-03   8.78e-04   4.73e-06   1.89e-03 100.0%
                          53.3%      46.4%       0.3%

======================= Typical Corner ===================================

Group                  Internal  Switching    Leakage      Total
                          Power      Power      Power      Power (Watts)
----------------------------------------------------------------
Sequential             3.83e-04   1.88e-04   3.38e-07   5.71e-04  24.0%
Combinational          8.71e-04   9.37e-04   4.42e-09   1.81e-03  76.0%
Macro                  0.00e+00   0.00e+00   0.00e+00   0.00e+00   0.0%
Pad                    0.00e+00   0.00e+00   0.00e+00   0.00e+00   0.0%
----------------------------------------------------------------
Total                  1.25e-03   1.13e-03   3.42e-07   2.38e-03 100.0%
                          52.7%      47.3%       0.0%

