Instance name, X location, Y location, Voltage
_0938_, 138.81, 114.24, 5.82675e-05
_0934_, 138.81, 108.8, 0.000126456
_0937_, 138.81, 108.8, 0.000126456
_0943_, 138.81, 108.8, 0.000126456
FILLER_0_36_281, 138.81, 108.8, 0.000126456
FILLER_0_37_287, 138.81, 108.8, 0.000126456
_0944_, 138.81, 103.36, 9.83251e-05
_0931_, 138.81, 97.92, 0.00010768
_0932_, 138.81, 97.92, 0.00010768
_0995_, 138.81, 97.92, 0.00010768
FILLER_0_33_293, 138.81, 97.92, 0.00010768
_1009_, 138.81, 92.48, 7.72151e-05
_1015_, 138.81, 92.48, 7.72151e-05
_1018_, 138.81, 92.48, 7.72151e-05
FILLER_0_31_293, 138.81, 92.48, 7.72151e-05
_1008_, 138.81, 87.04, 0.000109808
_1016_, 138.81, 87.04, 0.000109808
_1017_, 138.81, 87.04, 0.000109808
_0961_, 138.81, 81.6, 8.17735e-05
_1007_, 138.81, 81.6, 8.17735e-05
FILLER_0_27_281, 138.81, 81.6, 8.17735e-05
_1028_, 138.81, 76.16, 6.03528e-05
_1242_, 138.81, 76.16, 6.03528e-05
_0916_, 138.81, 70.72, 0.00011223
_0991_, 101.67, 114.24, 8.67655e-05
_1196_, 101.67, 114.24, 8.67655e-05
_0977_, 101.67, 108.8, 0.000145003
_0978_, 101.67, 108.8, 0.000145003
_0990_, 101.67, 108.8, 0.000145003
FILLER_0_36_204, 101.67, 108.8, 0.000145003
_0949_, 101.67, 103.36, 0.000127744
_0963_, 101.67, 103.36, 0.000127744
_0981_, 101.67, 103.36, 0.000127744
_1306_, 101.67, 103.36, 0.000127744
FILLER_0_35_212, 101.67, 103.36, 0.000127744
_0952_, 101.67, 97.92, 0.000107896
_0973_, 101.67, 97.92, 0.000107896
_1103_, 101.67, 97.92, 0.000107896
_1248_, 101.67, 97.92, 0.000107896
_1305_, 101.67, 97.92, 0.000107896
FILLER_0_32_200, 101.67, 97.92, 0.000107896
FILLER_0_33_202, 101.67, 97.92, 0.000107896
FILLER_0_33_218, 101.67, 97.92, 0.000107896
_1093_, 101.67, 92.48, 9.23954e-05
_1094_, 101.67, 92.48, 9.23954e-05
_1102_, 101.67, 92.48, 9.23954e-05
FILLER_0_30_203, 101.67, 92.48, 9.23954e-05
_1092_, 101.67, 87.04, 0.000158266
_1095_, 101.67, 87.04, 0.000158266
_1104_, 101.67, 81.6, 0.000151795
_1298_, 101.67, 81.6, 0.000151795
FILLER_0_26_204, 101.67, 81.6, 0.000151795
_1128_, 101.67, 76.16, 0.000104872
_1189_, 101.67, 76.16, 0.000104872
_1240_, 101.67, 76.16, 0.000104872
FILLER_0_24_217, 101.67, 76.16, 0.000104872
FILLER_0_25_203, 101.67, 76.16, 0.000104872
FILLER_0_25_209, 101.67, 76.16, 0.000104872
_1044_, 101.67, 70.72, 0.000163384
_1045_, 101.67, 70.72, 0.000163384
_1049_, 101.67, 70.72, 0.000163384
_1077_, 101.67, 70.72, 0.000163384
_1078_, 101.67, 70.72, 0.000163384
_1079_, 101.67, 70.72, 0.000163384
FILLER_0_22_209, 101.67, 70.72, 0.000163384
FILLER_0_23_211, 101.67, 70.72, 0.000163384
_1051_, 101.67, 65.28, 0.000138226
_1239_, 101.67, 65.28, 0.000138226
_1297_, 101.67, 65.28, 0.000138226
FILLER_0_21_215, 101.67, 65.28, 0.000138226
_1188_, 101.67, 59.84, 0.00012921
FILLER_0_18_221, 101.67, 59.84, 0.00012921
FILLER_0_19_210, 101.67, 59.84, 0.00012921
FILLER_0_19_218, 101.67, 59.84, 0.00012921
_1052_, 101.67, 54.4, 0.000100492
_1057_, 101.67, 54.4, 0.000100492
_1296_, 101.67, 54.4, 0.000100492
FILLER_0_17_209, 101.67, 54.4, 0.000100492
_0698_, 101.67, 48.96, 9.33276e-05
_1238_, 101.67, 48.96, 9.33276e-05
_0661_, 101.67, 43.52, 0.000112062
FILLER_0_12_209, 101.67, 43.52, 0.000112062
_1235_, 101.67, 38.08, 0.000111539
_0699_, 101.67, 32.64, 7.59059e-05
_1294_, 101.67, 32.64, 7.59059e-05
FILLER_0_8_209, 101.67, 32.64, 7.59059e-05
FILLER_0_9_216, 101.67, 32.64, 7.59059e-05
_1184_, 101.67, 27.2, 7.34991e-05
output3, 64.53, 141.44, 8.68231e-06
hold6, 64.53, 130.56, 1.24609e-05
FILLER_0_44_133, 64.53, 130.56, 1.24609e-05
_1157_, 64.53, 125.12, 4.81723e-05
_1216_, 64.53, 125.12, 4.81723e-05
hold3, 64.53, 125.12, 4.81723e-05
FILLER_0_42_123, 64.53, 125.12, 4.81723e-05
FILLER_0_42_137, 64.53, 125.12, 4.81723e-05
_0883_, 64.53, 119.68, 5.41381e-05
_1209_, 64.53, 119.68, 5.41381e-05
FILLER_0_40_124, 64.53, 119.68, 5.41381e-05
FILLER_0_40_136, 64.53, 119.68, 5.41381e-05
_0817_, 64.53, 114.24, 5.82905e-05
FILLER_0_39_125, 64.53, 114.24, 5.82905e-05
_0822_, 64.53, 108.8, 0.000111823
_0884_, 64.53, 108.8, 0.000111823
_0590_, 64.53, 103.36, 7.51976e-05
_0821_, 64.53, 103.36, 7.51976e-05
_0840_, 64.53, 103.36, 7.51976e-05
_0849_, 64.53, 103.36, 7.51976e-05
_0882_, 64.53, 103.36, 7.51976e-05
FILLER_0_34_132, 64.53, 103.36, 7.51976e-05
FILLER_0_35_125, 64.53, 103.36, 7.51976e-05
_0820_, 64.53, 97.92, 8.71663e-05
_0838_, 64.53, 97.92, 8.71663e-05
_0885_, 64.53, 97.92, 8.71663e-05
_1118_, 64.53, 97.92, 8.71663e-05
_1119_, 64.53, 97.92, 8.71663e-05
FILLER_0_32_131, 64.53, 97.92, 8.71663e-05
_0818_, 64.53, 92.48, 9.00754e-05
_0901_, 64.53, 92.48, 9.00754e-05
_1200_, 64.53, 92.48, 9.00754e-05
hold18, 64.53, 92.48, 9.00754e-05
FILLER_0_31_126, 64.53, 92.48, 9.00754e-05
_0900_, 64.53, 87.04, 0.000120523
fanout10, 64.53, 87.04, 0.000120523
fanout13, 64.53, 87.04, 0.000120523
FILLER_0_28_117, 64.53, 87.04, 0.000120523
FILLER_0_28_132, 64.53, 87.04, 0.000120523
FILLER_0_29_131, 64.53, 87.04, 0.000120523
_1207_, 64.53, 81.6, 0.000175707
_1219_, 64.53, 81.6, 0.000175707
_0815_, 64.53, 76.16, 0.000204267
_0888_, 64.53, 76.16, 0.000204267
clkbuf_0_clock, 64.53, 76.16, 0.000204267
_0686_, 64.53, 70.72, 0.000150267
_0814_, 64.53, 70.72, 0.000150267
_0886_, 64.53, 70.72, 0.000150267
_1063_, 64.53, 70.72, 0.000150267
_1066_, 64.53, 70.72, 0.000150267
hold12, 64.53, 70.72, 0.000150267
_0716_, 64.53, 65.28, 0.00016288
_0746_, 64.53, 65.28, 0.00016288
FILLER_0_21_135, 64.53, 65.28, 0.00016288
_0628_, 64.53, 59.84, 0.000119257
FILLER_0_19_134, 64.53, 59.84, 0.000119257
_0648_, 64.53, 54.4, 0.000107345
_0658_, 64.53, 54.4, 0.000107345
FILLER_0_16_129, 64.53, 54.4, 0.000107345
_0657_, 64.53, 48.96, 0.000148371
_0659_, 64.53, 48.96, 0.000148371
_0660_, 64.53, 48.96, 0.000148371
_0706_, 64.53, 48.96, 0.000148371
_0704_, 64.53, 43.52, 0.000108848
_0705_, 64.53, 43.52, 0.000108848
_0728_, 64.53, 43.52, 0.000108848
_0729_, 64.53, 43.52, 0.000108848
FILLER_0_12_133, 64.53, 43.52, 0.000108848
_0631_, 64.53, 38.08, 0.00012971
_0647_, 64.53, 38.08, 0.00012971
FILLER_0_10_135, 64.53, 38.08, 0.00012971
FILLER_0_11_126, 64.53, 38.08, 0.00012971
_0743_, 64.53, 32.64, 9.33587e-05
_0745_, 64.53, 32.64, 9.33587e-05
_0654_, 64.53, 27.2, 0.000100045
_0744_, 64.53, 27.2, 0.000100045
FILLER_0_6_129, 64.53, 27.2, 0.000100045
_0639_, 64.53, 21.76, 2.78127e-05
FILLER_0_49_53, 27.39, 141.44, 2.02468e-06
FILLER_0_47_51, 27.39, 136, 2.65858e-07
FILLER_0_45_51, 27.39, 130.56, 4.07343e-06
FILLER_0_43_51, 27.39, 125.12, 3.55548e-05
FILLER_0_41_51, 27.39, 119.68, 6.23561e-05
_0858_, 27.39, 114.24, 3.70201e-05
_1165_, 27.39, 114.24, 3.70201e-05
FILLER_0_38_53, 27.39, 114.24, 3.70201e-05
FILLER_0_39_53, 27.39, 114.24, 3.70201e-05
_0836_, 27.39, 108.8, 0.000103153
_0832_, 27.39, 103.36, 7.24005e-05
_0856_, 27.39, 103.36, 7.24005e-05
FILLER_0_34_52, 27.39, 103.36, 7.24005e-05
_1122_, 27.39, 97.92, 6.06311e-05
_1123_, 27.39, 97.92, 6.06311e-05
_0897_, 27.39, 92.48, 8.99365e-05
_0609_, 27.39, 87.04, 0.000104685
_0611_, 27.39, 87.04, 0.000104685
_1142_, 27.39, 87.04, 0.000104685
FILLER_0_28_49, 27.39, 87.04, 0.000104685
FILLER_0_29_49, 27.39, 87.04, 0.000104685
FILLER_0_29_57, 27.39, 87.04, 0.000104685
_0606_, 27.39, 81.6, 0.000117871
_0610_, 27.39, 81.6, 0.000117871
_0806_, 27.39, 81.6, 0.000117871
_1170_, 27.39, 81.6, 0.000117871
FILLER_0_26_38, 27.39, 81.6, 0.000117871
FILLER_0_26_53, 27.39, 81.6, 0.000117871
FILLER_0_27_48, 27.39, 81.6, 0.000117871
_0607_, 27.39, 76.16, 0.000215644
_0616_, 27.39, 76.16, 0.000215644
_0617_, 27.39, 76.16, 0.000215644
_0604_, 27.39, 70.72, 0.000120296
_1068_, 27.39, 70.72, 0.000120296
FILLER_0_22_44, 27.39, 70.72, 0.000120296
FILLER_0_23_43, 27.39, 70.72, 0.000120296
_0619_, 27.39, 65.28, 0.000180527
_1223_, 27.39, 65.28, 0.000180527
FILLER_0_20_51, 27.39, 65.28, 0.000180527
_0601_, 27.39, 59.84, 0.000103637
FILLER_0_19_47, 27.39, 59.84, 0.000103637
FILLER_0_19_57, 27.39, 59.84, 0.000103637
_0602_, 27.39, 54.4, 0.00015146
_1224_, 27.39, 54.4, 0.00015146
_1283_, 27.39, 54.4, 0.00015146
_0599_, 27.39, 48.96, 0.000118469
_1226_, 27.39, 48.96, 0.000118469
FILLER_0_14_53, 27.39, 48.96, 0.000118469
_1285_, 27.39, 38.08, 0.000105607
FILLER_0_11_51, 27.39, 38.08, 0.000105607
FILLER_0_8_53, 27.39, 32.64, 7.41135e-05
FILLER_0_9_53, 27.39, 32.64, 7.41135e-05
_1267_, 27.39, 27.2, 7.50599e-05
FILLER_0_7_51, 27.39, 27.2, 7.50599e-05
FILLER_0_5_51, 27.39, 21.76, 7.18267e-06
FILLER_0_3_51, 27.39, 16.32, 6.1237e-07
FILLER_0_0_53, 27.39, 10.88, 6.17434e-07
FILLER_0_1_51, 27.39, 10.88, 6.17434e-07
PHY_EDGE_ROW_49_Left_99, 5.52, 146.88, 3.39059e-07
PHY_EDGE_ROW_49_Right_49, 154.1, 146.88, 1.6215e-07
FILLER_0_49_317, 154.1, 146.88, 1.6215e-07
PHY_EDGE_ROW_47_Left_97, 5.52, 141.44, 2.02472e-06
PHY_EDGE_ROW_48_Left_98, 5.52, 141.44, 2.02472e-06
PHY_EDGE_ROW_47_Right_47, 154.1, 141.44, 7.65252e-07
PHY_EDGE_ROW_48_Right_48, 154.1, 141.44, 7.65252e-07
FILLER_0_47_317, 154.1, 141.44, 7.65252e-07
FILLER_0_48_317, 154.1, 141.44, 7.65252e-07
FILLER_0_48_77, 40.02, 141.44, 4.28872e-06
FILLER_0_49_81, 40.02, 141.44, 4.28872e-06
FILLER_0_48_133, 65.78, 141.44, 8.75587e-06
FILLER_0_49_135, 65.78, 141.44, 8.75587e-06
output9, 76.82, 141.44, 9.40553e-06
FILLER_0_49_153, 76.82, 141.44, 9.40553e-06
FILLER_0_48_189, 91.54, 141.44, 6.84866e-06
FILLER_0_49_191, 91.54, 141.44, 6.84866e-06
FILLER_0_48_245, 117.3, 141.44, 2.20635e-06
FILLER_0_49_249, 117.3, 141.44, 2.20635e-06
FILLER_0_48_301, 143.06, 141.44, 7.65206e-07
FILLER_0_49_305, 143.06, 141.44, 7.65206e-07
FILLER_0_48_309, 148.58, 141.44, 7.65234e-07
FILLER_0_49_309, 148.58, 141.44, 7.65234e-07
FILLER_0_49_109, 52.9, 141.44, 6.59756e-06
FILLER_0_49_125, 63.94, 141.44, 8.57655e-06
FILLER_0_49_163, 78.66, 141.44, 9.13355e-06
output2, 89.7, 141.44, 7.50167e-06
FILLER_0_49_181, 89.7, 141.44, 7.50167e-06
FILLER_0_49_221, 104.42, 141.44, 3.06929e-06
FILLER_0_49_277, 130.18, 141.44, 1.34339e-06
PHY_EDGE_ROW_45_Left_95, 5.52, 136, 2.65895e-07
PHY_EDGE_ROW_46_Left_96, 5.52, 136, 2.65895e-07
PHY_EDGE_ROW_45_Right_45, 154.1, 136, 2.01268e-07
PHY_EDGE_ROW_46_Right_46, 154.1, 136, 2.01268e-07
FILLER_0_45_317, 154.1, 136, 2.01268e-07
FILLER_0_46_317, 154.1, 136, 2.01268e-07
FILLER_0_46_77, 40.02, 136, 4.55949e-07
FILLER_0_45_137, 65.78, 136, 8.90639e-07
FILLER_0_46_133, 65.78, 136, 8.90639e-07
FILLER_0_46_245, 117.3, 136, 5.26473e-07
FILLER_0_46_301, 143.06, 136, 2.01226e-07
FILLER_0_46_309, 148.58, 136, 2.01249e-07
FILLER_0_47_105, 52.9, 136, 6.49792e-07
_1159_, 73.14, 136, 1.27821e-06
FILLER_0_45_149, 73.14, 136, 1.27821e-06
FILLER_0_45_165, 78.66, 136, 1.4483e-06
FILLER_0_47_161, 78.66, 136, 1.4483e-06
_1156_, 84.18, 136, 1.61837e-06
FILLER_0_45_169, 84.18, 136, 1.61837e-06
FILLER_0_45_175, 84.18, 136, 1.61837e-06
hold11, 89.7, 136, 1.62254e-06
FILLER_0_46_189, 89.7, 136, 1.62254e-06
FILLER_0_45_216, 104.42, 136, 7.21225e-07
FILLER_0_47_217, 104.42, 136, 7.21225e-07
FILLER_0_47_273, 130.18, 136, 3.31709e-07
PHY_EDGE_ROW_43_Left_93, 5.52, 130.56, 4.07347e-06
PHY_EDGE_ROW_44_Left_94, 5.52, 130.56, 4.07347e-06
PHY_EDGE_ROW_43_Right_43, 154.1, 130.56, 1.84104e-06
PHY_EDGE_ROW_44_Right_44, 154.1, 130.56, 1.84104e-06
FILLER_0_43_317, 154.1, 130.56, 1.84104e-06
FILLER_0_44_317, 154.1, 130.56, 1.84104e-06
FILLER_0_44_77, 40.02, 130.56, 9.21649e-06
hold7, 101.66, 130.56, 8.68643e-06
FILLER_0_44_241, 117.3, 130.56, 5.79952e-06
FILLER_0_44_249, 117.3, 130.56, 5.79952e-06
FILLER_0_44_301, 143.06, 130.56, 1.84099e-06
FILLER_0_44_309, 148.58, 130.56, 1.84102e-06
FILLER_0_43_105, 52.9, 130.56, 1.44613e-05
FILLER_0_45_105, 52.9, 130.56, 1.44613e-05
_1215_, 58.42, 130.56, 1.67091e-05
FILLER_0_45_273, 130.18, 130.56, 3.42918e-06
_1106_, 76.906, 130.56, 1.82124e-05
_1107_, 76.906, 130.56, 1.82124e-05
_1161_, 76.906, 130.56, 1.82124e-05
hold4, 76.906, 130.56, 1.82124e-05
hold5, 76.906, 130.56, 1.82124e-05
FILLER_0_45_157, 76.906, 130.56, 1.82124e-05
_1155_, 89.283, 130.56, 2.05631e-05
_1214_, 89.283, 130.56, 2.05631e-05
FILLER_0_44_191, 89.283, 130.56, 2.05631e-05
PHY_EDGE_ROW_41_Left_91, 5.52, 125.12, 3.55549e-05
PHY_EDGE_ROW_42_Left_92, 5.52, 125.12, 3.55549e-05
PHY_EDGE_ROW_41_Right_41, 154.1, 125.12, 1.06795e-05
PHY_EDGE_ROW_42_Right_42, 154.1, 125.12, 1.06795e-05
FILLER_0_41_317, 154.1, 125.12, 1.06795e-05
FILLER_0_42_317, 154.1, 125.12, 1.06795e-05
_1160_, 77.28, 125.12, 6.75961e-05
_1114_, 98.44, 125.12, 4.17898e-05
_1149_, 98.44, 125.12, 4.17898e-05
_1208_, 98.44, 125.12, 4.17898e-05
FILLER_0_42_193, 98.44, 125.12, 4.17898e-05
FILLER_0_43_215, 103.96, 125.12, 3.07055e-05
FILLER_0_42_249, 117.3, 125.12, 2.30399e-05
FILLER_0_42_301, 143.06, 125.12, 1.06795e-05
FILLER_0_42_309, 148.58, 125.12, 1.06795e-05
_1257_, 32.66, 125.12, 5.07491e-05
FILLER_0_42_77, 38.18, 125.12, 5.35284e-05
_1151_, 73.14, 125.12, 6.45104e-05
_1158_, 73.14, 125.12, 6.45104e-05
_1217_, 73.14, 125.12, 6.45104e-05
_1213_, 81.42, 125.12, 7.05137e-05
_1218_, 81.42, 125.12, 7.05137e-05
FILLER_0_41_162, 81.42, 125.12, 7.05137e-05
FILLER_0_42_171, 81.42, 125.12, 7.05137e-05
FILLER_0_43_165, 81.42, 125.12, 7.05137e-05
FILLER_0_41_220, 106.26, 125.12, 2.93838e-05
FILLER_0_43_273, 130.18, 125.12, 1.56386e-05
_1164_, 51.355, 125.12, 6.01621e-05
_1254_, 51.355, 125.12, 6.01621e-05
FILLER_0_42_92, 51.355, 125.12, 6.01621e-05
FILLER_0_42_100, 51.355, 125.12, 6.01621e-05
_1150_, 89.93, 125.12, 5.75389e-05
hold1, 89.93, 125.12, 5.75389e-05
hold2, 89.93, 125.12, 5.75389e-05
hold8, 89.93, 125.12, 5.75389e-05
FILLER_0_43_185, 89.93, 125.12, 5.75389e-05
PHY_EDGE_ROW_39_Left_89, 5.52, 119.68, 7.55282e-05
PHY_EDGE_ROW_40_Left_90, 5.52, 119.68, 7.55282e-05
PHY_EDGE_ROW_39_Right_39, 154.1, 119.68, 1.30275e-05
PHY_EDGE_ROW_40_Right_40, 154.1, 119.68, 1.30275e-05
FILLER_0_40_317, 154.1, 119.68, 1.30275e-05
_1256_, 20.7, 119.68, 7.55282e-05
FILLER_0_40_29, 20.7, 119.68, 7.55282e-05
_0868_, 44.16, 119.68, 0.000101362
_1166_, 44.16, 119.68, 0.000101362
_1255_, 44.16, 119.68, 0.000101362
FILLER_0_39_90, 44.16, 119.68, 0.000101362
FILLER_0_40_81, 44.16, 119.68, 0.000101362
FILLER_0_40_92, 44.16, 119.68, 0.000101362
FILLER_0_42_85, 44.16, 119.68, 0.000101362
_0825_, 60.26, 119.68, 7.1279e-05
_1162_, 60.26, 119.68, 7.1279e-05
_1163_, 60.26, 119.68, 7.1279e-05
FILLER_0_41_122, 60.26, 119.68, 7.1279e-05
_1115_, 86.02, 119.68, 4.98702e-05
_1251_, 86.02, 119.68, 4.98702e-05
FILLER_0_40_301, 143.06, 119.68, 1.30274e-05
FILLER_0_40_309, 148.58, 119.68, 1.30274e-05
FILLER_0_39_203, 98.9, 119.68, 2.99933e-05
FILLER_0_39_215, 104.42, 119.68, 2.48251e-05
_1134_, 115.46, 119.68, 2.12381e-05
FILLER_0_39_237, 115.46, 119.68, 2.12381e-05
FILLER_0_40_245, 115.46, 119.68, 2.12381e-05
FILLER_0_41_273, 130.18, 119.68, 1.6062e-05
_0854_, 35.775, 119.68, 8.83428e-05
_0860_, 35.775, 119.68, 8.83428e-05
hold13, 35.775, 119.68, 8.83428e-05
FILLER_0_39_64, 35.775, 119.68, 8.83428e-05
FILLER_0_40_66, 35.775, 119.68, 8.83428e-05
_0875_, 52.21, 119.68, 9.40945e-05
_1253_, 52.21, 119.68, 9.40945e-05
FILLER_0_39_103, 52.21, 119.68, 9.40945e-05
FILLER_0_41_108, 52.21, 119.68, 9.40945e-05
_1109_, 75.275, 119.68, 5.37967e-05
_1152_, 75.275, 119.68, 5.37967e-05
_1210_, 75.275, 119.68, 5.37967e-05
PHY_EDGE_ROW_37_Left_87, 5.52, 114.24, 3.73381e-05
PHY_EDGE_ROW_38_Left_88, 5.52, 114.24, 3.73381e-05
PHY_EDGE_ROW_37_Right_37, 154.1, 114.24, 6.24099e-05
PHY_EDGE_ROW_38_Right_38, 154.1, 114.24, 6.24099e-05
_0589_, 68.08, 114.24, 6.70606e-05
_1108_, 68.08, 114.24, 6.70606e-05
FILLER_0_38_136, 68.08, 114.24, 6.70606e-05
FILLER_0_38_141, 68.08, 114.24, 6.70606e-05
FILLER_0_39_138, 68.08, 114.24, 6.70606e-05
_1135_, 111.78, 114.24, 0.000107207
_1195_, 111.78, 114.24, 0.000107207
FILLER_0_38_309, 149.96, 114.24, 6.24099e-05
FILLER_0_38_317, 149.96, 114.24, 6.24099e-05
FILLER_0_39_317, 149.96, 114.24, 6.24099e-05
_0839_, 21.62, 114.24, 3.73381e-05
FILLER_0_39_39, 21.62, 114.24, 3.73381e-05
_0835_, 27.14, 114.24, 3.71254e-05
FILLER_0_39_47, 27.14, 114.24, 3.71254e-05
_0846_, 50.6, 114.24, 6.96848e-05
_0877_, 50.6, 114.24, 6.96848e-05
_0880_, 50.6, 114.24, 6.96848e-05
_0881_, 50.6, 114.24, 6.96848e-05
FILLER_0_38_104, 50.6, 114.24, 6.96848e-05
_1116_, 81.88, 114.24, 0.000100969
_1197_, 81.88, 114.24, 0.000100969
FILLER_0_39_162, 81.88, 114.24, 0.000100969
FILLER_0_39_181, 87.4, 114.24, 0.000102679
_0948_, 92.92, 114.24, 0.000104389
_1113_, 92.92, 114.24, 0.000104389
_1252_, 92.92, 114.24, 0.000104389
FILLER_0_37_189, 92.92, 114.24, 0.000104389
_0979_, 98.9, 114.24, 9.34714e-05
FILLER_0_37_206, 98.9, 114.24, 9.34714e-05
_0935_, 130.64, 114.24, 8.3469e-05
_1133_, 130.64, 114.24, 8.3469e-05
FILLER_0_37_270, 130.64, 114.24, 8.3469e-05
FILLER_0_38_278, 130.64, 114.24, 8.3469e-05
FILLER_0_39_274, 130.64, 114.24, 8.3469e-05
_0936_, 143.52, 114.24, 6.24098e-05
_0841_, 38.995, 114.24, 5.82249e-05
_0847_, 38.995, 114.24, 5.82249e-05
_0848_, 38.995, 114.24, 5.82249e-05
_0859_, 38.995, 114.24, 5.82249e-05
_0867_, 38.995, 114.24, 5.82249e-05
_0823_, 57.565, 114.24, 7.0862e-05
_0843_, 57.565, 114.24, 7.0862e-05
_0879_, 57.565, 114.24, 7.0862e-05
FILLER_0_38_112, 57.565, 114.24, 7.0862e-05
_1059_, 74.98, 114.24, 8.41069e-05
_1112_, 74.98, 114.24, 8.41069e-05
_1153_, 74.98, 114.24, 8.41069e-05
FILLER_0_38_153, 74.98, 114.24, 8.41069e-05
FILLER_0_39_150, 74.98, 114.24, 8.41069e-05
_1006_, 121.21, 114.24, 0.000106756
_1194_, 121.21, 114.24, 0.000106756
FILLER_0_37_253, 121.21, 114.24, 0.000106756
FILLER_0_38_253, 121.21, 114.24, 0.000106756
FILLER_0_39_246, 121.21, 114.24, 0.000106756
PHY_EDGE_ROW_35_Left_85, 5.52, 108.8, 0.000114663
PHY_EDGE_ROW_36_Left_86, 5.52, 108.8, 0.000114663
PHY_EDGE_ROW_35_Right_35, 154.1, 108.8, 0.00015556
PHY_EDGE_ROW_36_Right_36, 154.1, 108.8, 0.00015556
FILLER_0_36_316, 154.1, 108.8, 0.00015556
_0833_, 17.02, 108.8, 0.000114663
_0834_, 17.02, 108.8, 0.000114663
FILLER_0_36_29, 17.02, 108.8, 0.000114663
FILLER_0_37_27, 17.02, 108.8, 0.000114663
_0827_, 60.26, 108.8, 0.000128467
_0878_, 60.26, 108.8, 0.000128467
_1117_, 60.26, 108.8, 0.000128467
FILLER_0_36_119, 60.26, 108.8, 0.000128467
_0903_, 111.78, 108.8, 0.000184269
_0986_, 111.78, 108.8, 0.000184269
_0989_, 111.78, 108.8, 0.000184269
_0940_, 142.14, 108.8, 0.000141414
_0996_, 142.14, 108.8, 0.000141414
FILLER_0_36_294, 142.14, 108.8, 0.000141414
_0939_, 147.66, 108.8, 0.00015556
_0997_, 147.66, 108.8, 0.00015556
FILLER_0_35_315, 147.66, 108.8, 0.00015556
_0852_, 27.6, 108.8, 0.000104729
FILLER_0_35_51, 27.6, 108.8, 0.000104729
_0851_, 33.12, 108.8, 0.000145455
_0853_, 33.12, 108.8, 0.000145455
_0857_, 33.12, 108.8, 0.000145455
_0842_, 38.64, 108.8, 0.000182875
clkbuf_2_1__f_clock, 38.64, 108.8, 0.000182875
FILLER_0_36_78, 38.64, 108.8, 0.000182875
_0984_, 81.42, 108.8, 0.000192478
_0985_, 81.42, 108.8, 0.000192478
_1139_, 81.42, 108.8, 0.000192478
FILLER_0_35_172, 81.42, 108.8, 0.000192478
_0999_, 117.76, 108.8, 0.000200066
_1000_, 117.76, 108.8, 0.000200066
_1246_, 117.76, 108.8, 0.000200066
_1304_, 117.76, 108.8, 0.000200066
FILLER_0_37_241, 117.76, 108.8, 0.000200066
_0850_, 49.45, 108.8, 0.000162691
_0861_, 49.45, 108.8, 0.000162691
_0865_, 49.45, 108.8, 0.000162691
_0874_, 49.45, 108.8, 0.000162691
_0876_, 49.45, 108.8, 0.000162691
FILLER_0_36_96, 49.45, 108.8, 0.000162691
FILLER_0_36_104, 49.45, 108.8, 0.000162691
FILLER_0_37_87, 49.45, 108.8, 0.000162691
_1060_, 72.975, 108.8, 0.000156708
_1111_, 72.975, 108.8, 0.000156708
_1211_, 72.975, 108.8, 0.000156708
hold10, 72.975, 108.8, 0.000156708
FILLER_0_36_141, 72.975, 108.8, 0.000156708
FILLER_0_37_142, 72.975, 108.8, 0.000156708
_0980_, 91.545, 108.8, 0.000228176
_0982_, 91.545, 108.8, 0.000228176
_1137_, 91.545, 108.8, 0.000228176
clkbuf_2_3__f_clock, 91.545, 108.8, 0.000228176
FILLER_0_36_187, 91.545, 108.8, 0.000228176
_0993_, 128.285, 108.8, 0.000172356
_0998_, 128.285, 108.8, 0.000172356
_1005_, 128.285, 108.8, 0.000172356
_1245_, 128.285, 108.8, 0.000172356
FILLER_0_36_265, 128.285, 108.8, 0.000172356
PHY_EDGE_ROW_33_Left_83, 5.52, 103.36, 0.000109211
PHY_EDGE_ROW_34_Left_84, 5.52, 103.36, 0.000109211
output7, 5.52, 103.36, 0.000109211
output8, 5.52, 103.36, 0.000109211
PHY_EDGE_ROW_33_Right_33, 154.1, 103.36, 0.000106033
PHY_EDGE_ROW_34_Right_34, 154.1, 103.36, 0.000106033
FILLER_0_34_317, 154.1, 103.36, 0.000106033
_0829_, 42.32, 103.36, 9.52231e-05
_0866_, 42.32, 103.36, 9.52231e-05
_0844_, 47.84, 103.36, 9.61626e-05
_0845_, 47.84, 103.36, 9.61626e-05
_0869_, 47.84, 103.36, 9.61626e-05
hold15, 47.84, 103.36, 9.61626e-05
_0828_, 53.36, 103.36, 9.09663e-05
_0870_, 53.36, 103.36, 9.09663e-05
_0873_, 53.36, 103.36, 9.09663e-05
FILLER_0_35_106, 53.36, 103.36, 9.09663e-05
_0953_, 90.16, 103.36, 0.000153633
_0972_, 90.16, 103.36, 0.000153633
_0983_, 90.16, 103.36, 0.000153633
FILLER_0_34_181, 90.16, 103.36, 0.000153633
_1303_, 128.34, 103.36, 0.000155793
FILLER_0_33_273, 128.34, 103.36, 0.000155793
FILLER_0_34_253, 128.34, 103.36, 0.000155793
_0962_, 137.54, 103.36, 0.000105486
_0992_, 137.54, 103.36, 0.000105486
_1002_, 137.54, 103.36, 0.000105486
_1003_, 137.54, 103.36, 0.000105486
_1004_, 137.54, 103.36, 0.000105486
FILLER_0_34_19, 11.5, 103.36, 0.000103234
_0855_, 19.445, 103.36, 9.52937e-05
_0892_, 19.445, 103.36, 9.52937e-05
hold17, 19.445, 103.36, 9.52937e-05
FILLER_0_34_29, 19.445, 103.36, 9.52937e-05
FILLER_0_35_31, 19.445, 103.36, 9.52937e-05
_0824_, 34.855, 103.36, 9.14377e-05
_0830_, 34.855, 103.36, 9.14377e-05
_0831_, 34.855, 103.36, 9.14377e-05
_0862_, 34.855, 103.36, 9.14377e-05
_0863_, 34.855, 103.36, 9.14377e-05
_0864_, 34.855, 103.36, 9.14377e-05
FILLER_0_35_64, 34.855, 103.36, 9.14377e-05
_1110_, 77.345, 103.36, 0.000133898
_1154_, 77.345, 103.36, 0.000133898
_1199_, 77.345, 103.36, 0.000133898
hold9, 77.345, 103.36, 0.000133898
FILLER_0_35_158, 77.345, 103.36, 0.000133898
_0945_, 115.005, 103.36, 0.000183401
_0946_, 115.005, 103.36, 0.000183401
_0947_, 115.005, 103.36, 0.000183401
_0987_, 115.005, 103.36, 0.000183401
_0988_, 115.005, 103.36, 0.000183401
_1101_, 115.005, 103.36, 0.000183401
FILLER_0_33_249, 115.005, 103.36, 0.000183401
FILLER_0_34_249, 115.005, 103.36, 0.000183401
FILLER_0_35_240, 115.005, 103.36, 0.000183401
_0942_, 146.455, 103.36, 0.000106033
FILLER_0_34_300, 146.455, 103.36, 0.000106033
FILLER_0_34_309, 146.455, 103.36, 0.000106033
PHY_EDGE_ROW_31_Left_81, 5.52, 97.92, 0.000107079
PHY_EDGE_ROW_32_Left_82, 5.52, 97.92, 0.000107079
output4, 5.52, 97.92, 0.000107079
PHY_EDGE_ROW_31_Right_31, 154.1, 97.92, 0.000141643
PHY_EDGE_ROW_32_Right_32, 154.1, 97.92, 0.000141643
FILLER_0_32_317, 154.1, 97.92, 0.000141643
_1204_, 11.5, 97.92, 0.000102944
_0893_, 17.02, 97.92, 8.94847e-05
_1144_, 17.02, 97.92, 8.94847e-05
FILLER_0_32_24, 17.02, 97.92, 8.94847e-05
FILLER_0_32_32, 17.02, 97.92, 8.94847e-05
_0826_, 53.82, 97.92, 9.57365e-05
_0871_, 53.82, 97.92, 9.57365e-05
_0872_, 53.82, 97.92, 9.57365e-05
FILLER_0_31_113, 53.82, 97.92, 9.57365e-05
FILLER_0_32_116, 53.82, 97.92, 9.57365e-05
_0896_, 29.44, 97.92, 6.6349e-05
hold14, 29.44, 97.92, 6.6349e-05
FILLER_0_31_51, 29.44, 97.92, 6.6349e-05
FILLER_0_32_58, 29.44, 97.92, 6.6349e-05
FILLER_0_33_51, 29.44, 97.92, 6.6349e-05
FILLER_0_33_57, 29.44, 97.92, 6.6349e-05
_1212_, 73.14, 97.92, 0.000135238
_1308_, 73.14, 97.92, 0.000135238
FILLER_0_32_153, 73.14, 97.92, 0.000135238
_0970_, 89.7, 97.92, 0.000129166
_0974_, 89.7, 97.92, 0.000129166
FILLER_0_32_193, 89.7, 97.92, 0.000129166
_0899_, 41.63, 97.92, 8.65034e-05
_1120_, 41.63, 97.92, 8.65034e-05
_1121_, 41.63, 97.92, 8.65034e-05
FILLER_0_32_80, 41.63, 97.92, 8.65034e-05
_0954_, 81.42, 97.92, 0.000142883
_0955_, 81.42, 97.92, 0.000142883
_0957_, 81.42, 97.92, 0.000142883
_0966_, 81.42, 97.92, 0.000142883
_0968_, 81.42, 97.92, 0.000142883
_0969_, 81.42, 97.92, 0.000142883
FILLER_0_32_167, 81.42, 97.92, 0.000142883
_1099_, 114.05, 97.92, 0.000140147
_1100_, 114.05, 97.92, 0.000140147
_1247_, 114.05, 97.92, 0.000140147
FILLER_0_32_249, 114.05, 97.92, 0.000140147
_1013_, 126.43, 97.92, 0.000149139
_1014_, 126.43, 97.92, 0.000149139
_1132_, 126.43, 97.92, 0.000149139
_1302_, 126.43, 97.92, 0.000149139
_0933_, 146.455, 97.92, 0.000141643
_0941_, 146.455, 97.92, 0.000141643
_1001_, 146.455, 97.92, 0.000141643
_1011_, 146.455, 97.92, 0.000141643
FILLER_0_32_309, 146.455, 97.92, 0.000141643
PHY_EDGE_ROW_29_Left_79, 5.52, 92.48, 0.000131276
PHY_EDGE_ROW_30_Left_80, 5.52, 92.48, 0.000131276
output5, 5.52, 92.48, 0.000131276
output6, 5.52, 92.48, 0.000131276
PHY_EDGE_ROW_29_Right_29, 154.1, 92.48, 0.00010293
PHY_EDGE_ROW_30_Right_30, 154.1, 92.48, 0.00010293
_1202_, 25.3, 92.48, 9.9539e-05
hold16, 25.3, 92.48, 9.9539e-05
FILLER_0_30_39, 25.3, 92.48, 9.9539e-05
FILLER_0_31_44, 25.3, 92.48, 9.9539e-05
_1141_, 38.18, 92.48, 0.000113436
FILLER_0_30_75, 38.18, 92.48, 0.000113436
_0956_, 87.86, 92.48, 0.000117339
_0971_, 87.86, 92.48, 0.000117339
FILLER_0_30_185, 87.86, 92.48, 0.000117339
FILLER_0_31_178, 87.86, 92.48, 0.000117339
_0902_, 93.38, 92.48, 0.000113536
_0950_, 93.38, 92.48, 0.000113536
_0951_, 93.38, 92.48, 0.000113536
_0964_, 93.38, 92.48, 0.000113536
FILLER_0_29_197, 93.38, 92.48, 0.000113536
FILLER_0_31_200, 93.38, 92.48, 0.000113536
_0994_, 149.96, 92.48, 0.00010293
_1010_, 149.96, 92.48, 0.00010293
FILLER_0_30_309, 149.96, 92.48, 0.00010293
FILLER_0_30_317, 149.96, 92.48, 0.00010293
FILLER_0_30_19, 11.5, 92.48, 0.000123241
_0798_, 37.26, 92.48, 0.000113663
_1201_, 37.26, 92.48, 0.000113663
FILLER_0_31_66, 37.26, 92.48, 0.000113663
_0795_, 47.38, 92.48, 0.00011092
_0811_, 47.38, 92.48, 0.00011092
_0898_, 47.38, 92.48, 0.00011092
FILLER_0_28_90, 47.38, 92.48, 0.00011092
_0614_, 52.9, 92.48, 0.000106346
FILLER_0_30_109, 52.9, 92.48, 0.000106346
FILLER_0_29_220, 106.26, 92.48, 9.97629e-05
FILLER_0_30_225, 106.26, 92.48, 9.97629e-05
FILLER_0_31_225, 106.26, 92.48, 9.97629e-05
_1020_, 126.04, 92.48, 0.000108582
_1012_, 131.56, 92.48, 0.000102919
_1243_, 131.56, 92.48, 0.000102919
_1244_, 131.56, 92.48, 0.000102919
FILLER_0_29_277, 131.56, 92.48, 0.000102919
FILLER_0_30_280, 131.56, 92.48, 0.000102919
FILLER_0_31_269, 131.56, 92.48, 0.000102919
_0894_, 18.4, 92.48, 0.000113969
_0895_, 18.4, 92.48, 0.000113969
_1143_, 18.4, 92.48, 0.000113969
FILLER_0_31_31, 18.4, 92.48, 0.000113969
_0758_, 76.195, 92.48, 0.000114406
_0965_, 76.195, 92.48, 0.000114406
_1140_, 76.195, 92.48, 0.000114406
_1250_, 76.195, 92.48, 0.000114406
FILLER_0_30_144, 76.195, 92.48, 0.000114406
FILLER_0_30_166, 76.195, 92.48, 0.000114406
_1097_, 116.15, 92.48, 0.000115637
_1193_, 116.15, 92.48, 0.000115637
FILLER_0_29_237, 116.15, 92.48, 0.000115637
FILLER_0_30_245, 116.15, 92.48, 0.000115637
FILLER_0_31_245, 116.15, 92.48, 0.000115637
PHY_EDGE_ROW_27_Left_77, 5.52, 87.04, 0.000152915
PHY_EDGE_ROW_28_Left_78, 5.52, 87.04, 0.000152915
PHY_EDGE_ROW_27_Right_27, 154.1, 87.04, 0.0001221
PHY_EDGE_ROW_28_Right_28, 154.1, 87.04, 0.0001221
_1203_, 15.18, 87.04, 0.000152914
_1260_, 15.18, 87.04, 0.000152914
_0796_, 40.48, 87.04, 0.000133791
_0803_, 40.48, 87.04, 0.000133791
_0804_, 40.48, 87.04, 0.000133791
_0805_, 40.48, 87.04, 0.000133791
FILLER_0_27_82, 40.48, 87.04, 0.000133791
FILLER_0_28_70, 40.48, 87.04, 0.000133791
FILLER_0_29_77, 40.48, 87.04, 0.000133791
_0612_, 52.9, 87.04, 0.000148985
_0615_, 52.9, 87.04, 0.000148985
_0808_, 52.9, 87.04, 0.000148985
_0809_, 52.9, 87.04, 0.000148985
_0810_, 52.9, 87.04, 0.000148985
FILLER_0_28_98, 52.9, 87.04, 0.000148985
FILLER_0_29_108, 52.9, 87.04, 0.000148985
_1249_, 92.92, 87.04, 0.000196832
_1307_, 92.92, 87.04, 0.000196832
_1019_, 130.64, 87.04, 0.000166874
_1301_, 130.64, 87.04, 0.000166874
_0904_, 142.14, 87.04, 0.000116265
FILLER_0_28_295, 142.14, 87.04, 0.000116265
FILLER_0_29_298, 142.14, 87.04, 0.000116265
_0905_, 147.66, 87.04, 0.0001221
_0906_, 147.66, 87.04, 0.0001221
FILLER_0_28_315, 147.66, 87.04, 0.0001221
_0591_, 73.14, 87.04, 0.000167712
_1105_, 73.14, 87.04, 0.000167712
FILLER_0_28_153, 73.14, 87.04, 0.000167712
_1096_, 108.56, 87.04, 0.000192768
_1098_, 108.56, 87.04, 0.000192768
_1299_, 108.56, 87.04, 0.000192768
FILLER_0_27_218, 108.56, 87.04, 0.000192768
FILLER_0_28_230, 108.56, 87.04, 0.000192768
_0976_, 83.03, 87.04, 0.000193933
_1138_, 83.03, 87.04, 0.000193933
_1198_, 83.03, 87.04, 0.000193933
FILLER_0_27_169, 83.03, 87.04, 0.000193933
FILLER_0_28_161, 83.03, 87.04, 0.000193933
_1131_, 119.6, 87.04, 0.000202447
_1190_, 119.6, 87.04, 0.000202447
_1192_, 119.6, 87.04, 0.000202447
FILLER_0_28_245, 119.6, 87.04, 0.000202447
FILLER_0_28_253, 119.6, 87.04, 0.000202447
FILLER_0_28_260, 119.6, 87.04, 0.000202447
FILLER_0_29_245, 119.6, 87.04, 0.000202447
PHY_EDGE_ROW_25_Left_75, 5.52, 81.6, 0.000126988
PHY_EDGE_ROW_26_Left_76, 5.52, 81.6, 0.000126988
PHY_EDGE_ROW_25_Right_25, 154.1, 81.6, 8.17735e-05
PHY_EDGE_ROW_26_Right_26, 154.1, 81.6, 8.17735e-05
_0812_, 47.84, 81.6, 0.000210828
_0813_, 47.84, 81.6, 0.000210828
_1259_, 47.84, 81.6, 0.000210828
FILLER_0_25_98, 47.84, 81.6, 0.000210828
_1039_, 111.78, 81.6, 0.000164917
_1241_, 111.78, 81.6, 0.000164917
FILLER_0_26_300, 144.44, 81.6, 8.17735e-05
FILLER_0_26_309, 149.96, 81.6, 8.17735e-05
FILLER_0_26_317, 149.96, 81.6, 8.17735e-05
FILLER_0_27_315, 149.96, 81.6, 8.17735e-05
_0801_, 15.18, 81.6, 0.000126988
_0807_, 15.18, 81.6, 0.000126988
FILLER_0_27_27, 15.18, 81.6, 0.000126988
_0588_, 81.42, 81.6, 0.000233141
_1146_, 81.42, 81.6, 0.000233141
FILLER_0_25_164, 81.42, 81.6, 0.000233141
FILLER_0_25_169, 81.42, 81.6, 0.000233141
_0681_, 86.94, 81.6, 0.000229572
_0837_, 86.94, 81.6, 0.000229572
_0975_, 86.94, 81.6, 0.000229572
_1145_, 86.94, 81.6, 0.000229572
FILLER_0_25_175, 86.94, 81.6, 0.000229572
_0618_, 37.615, 81.6, 0.00017983
_0797_, 37.615, 81.6, 0.00017983
_0799_, 37.615, 81.6, 0.00017983
_0800_, 37.615, 81.6, 0.00017983
FILLER_0_26_69, 37.615, 81.6, 0.00017983
FILLER_0_26_77, 37.615, 81.6, 0.00017983
_0613_, 56.185, 81.6, 0.000213134
_1062_, 56.185, 81.6, 0.000213134
_1147_, 56.185, 81.6, 0.000213134
_1169_, 56.185, 81.6, 0.000213134
_1277_, 56.185, 81.6, 0.000213134
FILLER_0_25_113, 56.185, 81.6, 0.000213134
FILLER_0_27_109, 56.185, 81.6, 0.000213134
_0819_, 72.975, 81.6, 0.000216478
_0887_, 72.975, 81.6, 0.000216478
_0889_, 72.975, 81.6, 0.000216478
_1148_, 72.975, 81.6, 0.000216478
_1206_, 72.975, 81.6, 0.000216478
_0592_, 94.305, 81.6, 0.000198349
_0685_, 94.305, 81.6, 0.000198349
_0967_, 94.305, 81.6, 0.000198349
_1091_, 94.305, 81.6, 0.000198349
FILLER_0_25_195, 94.305, 81.6, 0.000198349
FILLER_0_27_201, 94.305, 81.6, 0.000198349
_1031_, 125.295, 81.6, 0.000161409
_1130_, 125.295, 81.6, 0.000161409
_1191_, 125.295, 81.6, 0.000161409
_1300_, 125.295, 81.6, 0.000161409
PHY_EDGE_ROW_23_Left_73, 5.52, 76.16, 0.000285003
PHY_EDGE_ROW_24_Left_74, 5.52, 76.16, 0.000285003
FILLER_0_25_3, 5.52, 76.16, 0.000285003
PHY_EDGE_ROW_23_Right_23, 154.1, 76.16, 6.04104e-05
PHY_EDGE_ROW_24_Right_24, 154.1, 76.16, 6.04104e-05
_0802_, 9.66, 76.16, 0.000285003
_1261_, 9.66, 76.16, 0.000285003
FILLER_0_23_15, 9.66, 76.16, 0.000285003
FILLER_0_24_18, 9.66, 76.16, 0.000285003
_1171_, 22.54, 76.16, 0.000254537
_1222_, 22.54, 76.16, 0.000254537
_1280_, 22.54, 76.16, 0.000254537
_0608_, 34.5, 76.16, 0.000272147
_1279_, 34.5, 76.16, 0.000272147
FILLER_0_25_64, 34.5, 76.16, 0.000272147
_1037_, 116.38, 76.16, 0.00010306
_1038_, 116.38, 76.16, 0.00010306
_1040_, 116.38, 76.16, 0.00010306
_1129_, 116.38, 76.16, 0.00010306
FILLER_0_25_241, 116.38, 76.16, 0.00010306
_0912_, 121.9, 76.16, 9.93948e-05
_0913_, 121.9, 76.16, 9.93948e-05
FILLER_0_23_259, 121.9, 76.16, 9.93948e-05
FILLER_0_25_250, 121.9, 76.16, 9.93948e-05
FILLER_0_24_301, 144.44, 76.16, 6.04104e-05
FILLER_0_24_309, 149.96, 76.16, 6.04104e-05
FILLER_0_24_317, 149.96, 76.16, 6.04104e-05
_1027_, 141.22, 76.16, 6.04104e-05
_0605_, 44.51, 76.16, 0.000303876
_0671_, 44.51, 76.16, 0.000303876
_1220_, 44.51, 76.16, 0.000303876
_1278_, 44.51, 76.16, 0.000303876
FILLER_0_23_81, 44.51, 76.16, 0.000303876
FILLER_0_24_80, 44.51, 76.16, 0.000303876
FILLER_0_24_91, 44.51, 76.16, 0.000303876
_0816_, 54.52, 76.16, 0.000279694
_1061_, 54.52, 76.16, 0.000279694
_1064_, 54.52, 76.16, 0.000279694
_1136_, 54.52, 76.16, 0.000279694
_1168_, 54.52, 76.16, 0.000279694
_0890_, 76.91, 76.16, 0.000191416
_1205_, 76.91, 76.16, 0.000191416
FILLER_0_24_150, 76.91, 76.16, 0.000191416
_0593_, 89.29, 76.16, 0.000152243
_1046_, 89.29, 76.16, 0.000152243
FILLER_0_24_182, 89.29, 76.16, 0.000152243
_0960_, 109.025, 76.16, 0.000103966
_1034_, 109.025, 76.16, 0.000103966
_1036_, 109.025, 76.16, 0.000103966
_1041_, 109.025, 76.16, 0.000103966
FILLER_0_24_223, 109.025, 76.16, 0.000103966
_1026_, 130.355, 76.16, 8.21125e-05
_1029_, 130.355, 76.16, 8.21125e-05
_1030_, 130.355, 76.16, 8.21125e-05
FILLER_0_23_277, 130.355, 76.16, 8.21125e-05
FILLER_0_24_267, 130.355, 76.16, 8.21125e-05
FILLER_0_24_276, 130.355, 76.16, 8.21125e-05
FILLER_0_25_275, 130.355, 76.16, 8.21125e-05
_1262_, 5.52, 70.72, 0.000178497
PHY_EDGE_ROW_21_Left_71, 5.52, 70.72, 0.000178497
PHY_EDGE_ROW_22_Left_72, 5.52, 70.72, 0.000178497
FILLER_0_22_3, 5.52, 70.72, 0.000178497
PHY_EDGE_ROW_21_Right_21, 154.1, 70.72, 0.00011223
PHY_EDGE_ROW_22_Right_22, 154.1, 70.72, 0.00011223
FILLER_0_21_317, 154.1, 70.72, 0.00011223
FILLER_0_22_317, 154.1, 70.72, 0.00011223
_0907_, 111.78, 70.72, 0.000188334
_0908_, 111.78, 70.72, 0.000188334
_1035_, 111.78, 70.72, 0.000188334
_1048_, 111.78, 70.72, 0.000188334
FILLER_0_22_227, 111.78, 70.72, 0.000188334
_1024_, 119.6, 70.72, 0.000194306
_1033_, 119.6, 70.72, 0.000194306
FILLER_0_22_249, 119.6, 70.72, 0.000194306
_0915_, 137.54, 70.72, 0.000123444
_0917_, 137.54, 70.72, 0.000123444
_0929_, 137.54, 70.72, 0.000123444
FILLER_0_23_281, 137.54, 70.72, 0.000123444
FILLER_0_22_304, 143.06, 70.72, 0.00011223
FILLER_0_22_309, 148.58, 70.72, 0.00011223
_0793_, 16.455, 70.72, 0.000155355
_1069_, 16.455, 70.72, 0.000155355
_1070_, 16.455, 70.72, 0.000155355
FILLER_0_22_29, 16.455, 70.72, 0.000155355
_0620_, 39.77, 70.72, 0.000183994
_0783_, 39.77, 70.72, 0.000183994
_0789_, 39.77, 70.72, 0.000183994
_0792_, 39.77, 70.72, 0.000183994
_1221_, 39.77, 70.72, 0.000183994
FILLER_0_22_64, 39.77, 70.72, 0.000183994
FILLER_0_22_81, 39.77, 70.72, 0.000183994
FILLER_0_22_85, 39.77, 70.72, 0.000183994
_0683_, 52.15, 70.72, 0.000183757
_1067_, 52.15, 70.72, 0.000183757
_1258_, 52.15, 70.72, 0.000183757
FILLER_0_21_100, 52.15, 70.72, 0.000183757
_0891_, 76.91, 70.72, 0.000209583
_1233_, 76.91, 70.72, 0.000209583
_1292_, 76.91, 70.72, 0.000209583
fanout11, 76.91, 70.72, 0.000209583
fanout12, 76.91, 70.72, 0.000209583
FILLER_0_21_159, 76.91, 70.72, 0.000209583
FILLER_0_23_156, 76.91, 70.72, 0.000209583
FILLER_0_23_163, 76.91, 70.72, 0.000209583
_0682_, 89.29, 70.72, 0.000195087
_0692_, 89.29, 70.72, 0.000195087
_0721_, 89.29, 70.72, 0.000195087
_1080_, 89.29, 70.72, 0.000195087
_1084_, 89.29, 70.72, 0.000195087
FILLER_0_23_169, 89.29, 70.72, 0.000195087
_0914_, 128.57, 70.72, 0.000175577
_0918_, 128.57, 70.72, 0.000175577
_0928_, 128.57, 70.72, 0.000175577
_1025_, 128.57, 70.72, 0.000175577
FILLER_0_22_275, 128.57, 70.72, 0.000175577
PHY_EDGE_ROW_19_Left_69, 5.52, 65.28, 0.000229106
PHY_EDGE_ROW_20_Left_70, 5.52, 65.28, 0.000229106
input1, 5.52, 65.28, 0.000229106
PHY_EDGE_ROW_19_Right_19, 154.1, 65.28, 7.44879e-05
PHY_EDGE_ROW_20_Right_20, 154.1, 65.28, 7.44879e-05
FILLER_0_19_317, 154.1, 65.28, 7.44879e-05
FILLER_0_20_317, 154.1, 65.28, 7.44879e-05
_0794_, 9.66, 65.28, 0.000228355
_1281_, 17.02, 65.28, 0.000224067
FILLER_0_20_29, 17.02, 65.28, 0.000224067
FILLER_0_21_122, 64.4, 65.28, 0.000163967
_0910_, 111.78, 65.28, 0.000170131
_0922_, 111.78, 65.28, 0.000170131
_1032_, 111.78, 65.28, 0.000170131
_1050_, 111.78, 65.28, 0.000170131
_1127_, 111.78, 65.28, 0.000170131
FILLER_0_20_304, 143.06, 65.28, 7.44879e-05
FILLER_0_20_309, 148.58, 65.28, 7.44879e-05
_0788_, 15.18, 65.28, 0.000225613
_1172_, 15.18, 65.28, 0.000225613
FILLER_0_21_17, 15.18, 65.28, 0.000225613
_0672_, 47.38, 65.28, 0.000252164
_0733_, 47.38, 65.28, 0.000252164
_0774_, 47.38, 65.28, 0.000252164
_0775_, 47.38, 65.28, 0.000252164
_0790_, 47.38, 65.28, 0.000252164
_0791_, 47.38, 65.28, 0.000252164
_0713_, 80.5, 65.28, 0.000209212
_1291_, 80.5, 65.28, 0.000209212
FILLER_0_20_174, 80.5, 65.28, 0.000209212
FILLER_0_21_277, 137.08, 65.28, 8.5753e-05
_0621_, 37.385, 65.28, 0.000268841
_0782_, 37.385, 65.28, 0.000268841
_0784_, 37.385, 65.28, 0.000268841
clkbuf_2_0__f_clock, 37.385, 65.28, 0.000268841
FILLER_0_20_65, 37.385, 65.28, 0.000268841
FILLER_0_20_76, 37.385, 65.28, 0.000268841
FILLER_0_21_64, 37.385, 65.28, 0.000268841
_1065_, 55.89, 65.28, 0.00023507
_1124_, 55.89, 65.28, 0.00023507
_1167_, 55.89, 65.28, 0.00023507
_1272_, 55.89, 65.28, 0.00023507
FILLER_0_21_113, 55.89, 65.28, 0.00023507
_0629_, 72.515, 65.28, 0.000205302
_0703_, 72.515, 65.28, 0.000205302
_0714_, 72.515, 65.28, 0.000205302
_1234_, 72.515, 65.28, 0.000205302
FILLER_0_20_141, 72.515, 65.28, 0.000205302
_1085_, 91.085, 65.28, 0.000177305
_1090_, 91.085, 65.28, 0.000177305
FILLER_0_20_189, 91.085, 65.28, 0.000177305
_0909_, 124.43, 65.28, 0.000168125
_0911_, 124.43, 65.28, 0.000168125
_1022_, 124.43, 65.28, 0.000168125
_1023_, 124.43, 65.28, 0.000168125
_1042_, 124.43, 65.28, 0.000168125
_1043_, 124.43, 65.28, 0.000168125
FILLER_0_20_267, 124.43, 65.28, 0.000168125
FILLER_0_21_262, 124.43, 65.28, 0.000168125
PHY_EDGE_ROW_17_Left_67, 5.52, 59.84, 0.000170425
PHY_EDGE_ROW_18_Left_68, 5.52, 59.84, 0.000170425
FILLER_0_18_3, 5.52, 59.84, 0.000170425
PHY_EDGE_ROW_17_Right_17, 154.1, 59.84, 5.15585e-05
PHY_EDGE_ROW_18_Right_18, 154.1, 59.84, 5.15585e-05
FILLER_0_17_317, 154.1, 59.84, 5.15585e-05
FILLER_0_18_317, 154.1, 59.84, 5.15585e-05
_1263_, 9.66, 59.84, 0.000170425
_0787_, 19.78, 59.84, 0.000150058
_1071_, 19.78, 59.84, 0.000150058
_1282_, 19.78, 59.84, 0.000150058
FILLER_0_17_37, 19.78, 59.84, 0.000150058
FILLER_0_19_31, 19.78, 59.84, 0.000150058
_0603_, 37.72, 59.84, 0.000139845
_0785_, 37.72, 59.84, 0.000139845
FILLER_0_18_60, 37.72, 59.84, 0.000139845
_0622_, 43.24, 59.84, 0.000143871
_0781_, 43.24, 59.84, 0.000143871
_0786_, 43.24, 59.84, 0.000143871
FILLER_0_17_88, 43.24, 59.84, 0.000143871
FILLER_0_18_85, 43.24, 59.84, 0.000143871
_0649_, 72.22, 59.84, 0.000178951
_0709_, 72.22, 59.84, 0.000178951
FILLER_0_18_141, 72.22, 59.84, 0.000178951
_0630_, 77.74, 59.84, 0.000208804
_0708_, 77.74, 59.84, 0.000208804
FILLER_0_19_158, 77.74, 59.84, 0.000208804
_0927_, 125.12, 59.84, 0.000108373
_1047_, 125.12, 59.84, 0.000108373
_0930_, 130.64, 59.84, 9.36682e-05
FILLER_0_19_272, 130.64, 59.84, 9.36682e-05
FILLER_0_18_301, 143.06, 59.84, 5.15585e-05
FILLER_0_18_309, 148.58, 59.84, 5.15585e-05
_0776_, 51.98, 59.84, 0.000142018
FILLER_0_17_99, 51.98, 59.84, 0.000142018
FILLER_0_19_100, 51.98, 59.84, 0.000142018
_0712_, 57.5, 59.84, 0.000140848
_0717_, 57.5, 59.84, 0.000140848
_1182_, 57.5, 59.84, 0.000140848
_1273_, 57.5, 59.84, 0.000140848
_0676_, 80.5, 59.84, 0.000217493
_0715_, 80.5, 59.84, 0.000217493
FILLER_0_17_163, 80.5, 59.84, 0.000217493
FILLER_0_18_249, 124.66, 59.84, 0.000108936
_1021_, 130.18, 59.84, 9.49551e-05
_0701_, 91.085, 59.84, 0.000249177
_0702_, 91.085, 59.84, 0.000249177
_1232_, 91.085, 59.84, 0.000249177
_1290_, 91.085, 59.84, 0.000249177
clkbuf_2_2__f_clock, 91.085, 59.84, 0.000249177
FILLER_0_17_182, 91.085, 59.84, 0.000249177
FILLER_0_18_179, 91.085, 59.84, 0.000249177
FILLER_0_18_197, 91.085, 59.84, 0.000249177
FILLER_0_19_182, 91.085, 59.84, 0.000249177
_1058_, 113.165, 59.84, 0.000122998
_1125_, 113.165, 59.84, 0.000122998
_1126_, 113.165, 59.84, 0.000122998
FILLER_0_18_227, 113.165, 59.84, 0.000122998
FILLER_0_18_235, 113.165, 59.84, 0.000122998
FILLER_0_18_241, 113.165, 59.84, 0.000122998
FILLER_0_19_237, 113.165, 59.84, 0.000122998
FILLER_0_19_246, 113.165, 59.84, 0.000122998
PHY_EDGE_ROW_15_Left_65, 5.52, 54.4, 0.000196755
PHY_EDGE_ROW_16_Left_66, 5.52, 54.4, 0.000196755
FILLER_0_16_3, 5.52, 54.4, 0.000196755
PHY_EDGE_ROW_15_Right_15, 154.1, 54.4, 5.2569e-05
PHY_EDGE_ROW_16_Right_16, 154.1, 54.4, 5.2569e-05
FILLER_0_15_317, 154.1, 54.4, 5.2569e-05
FILLER_0_16_317, 154.1, 54.4, 5.2569e-05
_1264_, 9.66, 54.4, 0.000196755
FILLER_0_17_15, 9.66, 54.4, 0.000196755
_0711_, 60.26, 54.4, 0.000131562
_1183_, 60.26, 54.4, 0.000131562
_0959_, 92.46, 54.4, 0.00011569
_1083_, 92.46, 54.4, 0.00011569
_0919_, 117.3, 54.4, 0.000127367
_0925_, 117.3, 54.4, 0.000127367
FILLER_0_16_235, 117.3, 54.4, 0.000127367
FILLER_0_17_248, 117.3, 54.4, 0.000127367
FILLER_0_16_305, 143.06, 54.4, 5.2569e-05
FILLER_0_16_309, 148.58, 54.4, 5.2569e-05
_0779_, 18.525, 54.4, 0.000176027
_1173_, 18.525, 54.4, 0.000176027
FILLER_0_15_25, 18.525, 54.4, 0.000176027
_0623_, 38.346, 54.4, 0.000212773
_0627_, 38.346, 54.4, 0.000212773
_0766_, 38.346, 54.4, 0.000212773
_0765_, 49.303, 54.4, 0.000188811
_0767_, 49.303, 54.4, 0.000188811
_0773_, 49.303, 54.4, 0.000188811
_0777_, 49.303, 54.4, 0.000188811
_0778_, 49.303, 54.4, 0.000188811
FILLER_0_15_102, 49.303, 54.4, 0.000188811
FILLER_0_16_85, 49.303, 54.4, 0.000188811
FILLER_0_16_107, 49.303, 54.4, 0.000188811
_0635_, 73.84, 54.4, 0.000131918
_0707_, 73.84, 54.4, 0.000131918
FILLER_0_16_141, 73.84, 54.4, 0.000131918
FILLER_0_16_149, 73.84, 54.4, 0.000131918
_0633_, 83.15, 54.4, 0.00012794
_0675_, 83.15, 54.4, 0.00012794
_0677_, 83.15, 54.4, 0.00012794
_0710_, 83.15, 54.4, 0.00012794
FILLER_0_16_165, 83.15, 54.4, 0.00012794
FILLER_0_16_177, 83.15, 54.4, 0.00012794
_1053_, 109.485, 54.4, 0.000123709
_1056_, 109.485, 54.4, 0.000123709
_1187_, 109.485, 54.4, 0.000123709
_0923_, 124.2, 54.4, 0.000119346
_0926_, 124.2, 54.4, 0.000119346
_1055_, 124.2, 54.4, 0.000119346
FILLER_0_15_256, 124.2, 54.4, 0.000119346
PHY_EDGE_ROW_13_Left_63, 5.52, 48.96, 0.000125083
PHY_EDGE_ROW_14_Left_64, 5.52, 48.96, 0.000125083
PHY_EDGE_ROW_13_Right_13, 154.1, 48.96, 4.77549e-05
PHY_EDGE_ROW_14_Right_14, 154.1, 48.96, 4.77549e-05
FILLER_0_13_317, 154.1, 48.96, 4.77549e-05
FILLER_0_14_317, 154.1, 48.96, 4.77549e-05
_0632_, 69.92, 48.96, 0.000167933
_0636_, 69.92, 48.96, 0.000167933
_0651_, 69.92, 48.96, 0.000167933
FILLER_0_14_137, 69.92, 48.96, 0.000167933
_0634_, 75.44, 48.96, 0.000180093
_0719_, 75.44, 48.96, 0.000180093
_0720_, 75.44, 48.96, 0.000180093
FILLER_0_15_155, 75.44, 48.96, 0.000180093
_0718_, 91.08, 48.96, 0.000142868
_0697_, 96.6, 48.96, 0.000121767
_1089_, 96.6, 48.96, 0.000121767
_1181_, 96.6, 48.96, 0.000121767
_0678_, 102.12, 48.96, 9.34386e-05
FILLER_0_13_216, 102.12, 48.96, 9.34386e-05
FILLER_0_14_309, 148.58, 48.96, 4.77549e-05
_0780_, 15.18, 48.96, 0.000125082
_1174_, 15.18, 48.96, 0.000125082
_1072_, 21.62, 48.96, 0.000122807
_1225_, 27.14, 48.96, 0.000119012
_0600_, 40.48, 48.96, 0.000173624
_0626_, 40.48, 48.96, 0.000173624
FILLER_0_13_106, 56.12, 48.96, 0.000165294
FILLER_0_14_116, 56.12, 48.96, 0.000165294
_0680_, 116.84, 48.96, 9.70676e-05
FILLER_0_14_248, 116.84, 48.96, 9.70676e-05
FILLER_0_13_274, 132.94, 48.96, 6.93867e-05
_0598_, 48.3, 48.96, 0.000181029
_0624_, 48.3, 48.96, 0.000181029
_0625_, 48.3, 48.96, 0.000181029
_0764_, 48.3, 48.96, 0.000181029
_0768_, 48.3, 48.96, 0.000181029
_0770_, 48.3, 48.96, 0.000181029
FILLER_0_14_88, 48.3, 48.96, 0.000181029
_0722_, 83.26, 48.96, 0.000172761
_0723_, 83.26, 48.96, 0.000172761
_0724_, 83.26, 48.96, 0.000172761
_1271_, 83.26, 48.96, 0.000172761
FILLER_0_13_169, 83.26, 48.96, 0.000172761
FILLER_0_14_162, 83.26, 48.96, 0.000172761
FILLER_0_15_169, 83.26, 48.96, 0.000172761
_0689_, 109.48, 48.96, 9.52531e-05
_0696_, 109.48, 48.96, 9.52531e-05
_0958_, 109.48, 48.96, 9.52531e-05
FILLER_0_13_225, 109.48, 48.96, 9.52531e-05
FILLER_0_14_223, 109.48, 48.96, 9.52531e-05
FILLER_0_15_221, 109.48, 48.96, 9.52531e-05
_0670_, 124.89, 48.96, 9.90522e-05
_0920_, 124.89, 48.96, 9.90522e-05
_0921_, 124.89, 48.96, 9.90522e-05
_1054_, 124.89, 48.96, 9.90522e-05
FILLER_0_13_252, 124.89, 48.96, 9.90522e-05
FILLER_0_14_260, 124.89, 48.96, 9.90522e-05
PHY_EDGE_ROW_11_Left_61, 5.52, 43.52, 0.000156508
PHY_EDGE_ROW_12_Left_62, 5.52, 43.52, 0.000156508
FILLER_0_13_3, 5.52, 43.52, 0.000156508
PHY_EDGE_ROW_11_Right_11, 154.1, 43.52, 7.60834e-05
PHY_EDGE_ROW_12_Right_12, 154.1, 43.52, 7.60834e-05
FILLER_0_11_317, 154.1, 43.52, 7.60834e-05
FILLER_0_12_317, 154.1, 43.52, 7.60834e-05
_1265_, 9.66, 43.52, 0.000156508
_0772_, 15.18, 43.52, 0.000145307
_1175_, 15.18, 43.52, 0.000145307
FILLER_0_12_15, 15.18, 43.52, 0.000145307
_0771_, 20.7, 43.52, 0.000132199
_1074_, 20.7, 43.52, 0.000132199
FILLER_0_12_29, 20.7, 43.52, 0.000132199
_1073_, 26.22, 43.52, 0.000114907
FILLER_0_12_301, 143.06, 43.52, 7.60834e-05
FILLER_0_12_309, 148.58, 43.52, 7.60834e-05
_0641_, 30.82, 43.52, 0.000128707
_1075_, 30.82, 43.52, 0.000128707
_1284_, 30.82, 43.52, 0.000128707
FILLER_0_11_57, 30.82, 43.52, 0.000128707
_0736_, 51.98, 43.52, 0.000134526
_0749_, 51.98, 43.52, 0.000134526
_0759_, 51.98, 43.52, 0.000134526
_0769_, 51.98, 43.52, 0.000134526
_1076_, 57.5, 43.52, 0.000124282
FILLER_0_11_113, 57.5, 43.52, 0.000124282
FILLER_0_12_119, 57.5, 43.52, 0.000124282
_0730_, 80.04, 43.52, 0.000127887
FILLER_0_12_168, 80.04, 43.52, 0.000127887
FILLER_0_13_158, 80.04, 43.52, 0.000127887
_1293_, 98.9, 43.52, 0.000124112
_0665_, 117.76, 43.52, 0.000146624
_0684_, 117.76, 43.52, 0.000146624
FILLER_0_12_253, 117.76, 43.52, 0.000146624
_0663_, 135.7, 43.52, 9.57975e-05
_0596_, 41.4, 43.52, 0.000139013
_0597_, 41.4, 43.52, 0.000139013
_0673_, 41.4, 43.52, 0.000139013
_0757_, 41.4, 43.52, 0.000139013
_0761_, 41.4, 43.52, 0.000139013
FILLER_0_12_75, 41.4, 43.52, 0.000139013
FILLER_0_12_85, 41.4, 43.52, 0.000139013
_0650_, 72.285, 43.52, 0.000122518
_0732_, 72.285, 43.52, 0.000122518
FILLER_0_12_149, 72.285, 43.52, 0.000122518
_1231_, 89.47, 43.52, 0.00013318
FILLER_0_12_187, 89.47, 43.52, 0.00013318
_0595_, 109.715, 43.52, 0.00013299
_0679_, 109.715, 43.52, 0.00013299
_0693_, 109.715, 43.52, 0.00013299
FILLER_0_12_228, 109.715, 43.52, 0.00013299
_0662_, 126.73, 43.52, 0.000148195
_0667_, 126.73, 43.52, 0.000148195
_0669_, 126.73, 43.52, 0.000148195
_0690_, 126.73, 43.52, 0.000148195
_0691_, 126.73, 43.52, 0.000148195
PHY_EDGE_ROW_9_Left_59, 5.52, 38.08, 0.000109705
PHY_EDGE_ROW_10_Left_60, 5.52, 38.08, 0.000109705
PHY_EDGE_ROW_9_Right_9, 154.1, 38.08, 6.09242e-05
PHY_EDGE_ROW_10_Right_10, 154.1, 38.08, 6.09242e-05
FILLER_0_9_317, 154.1, 38.08, 6.09242e-05
FILLER_0_10_317, 154.1, 38.08, 6.09242e-05
_0750_, 47.84, 38.08, 0.000177221
_0751_, 47.84, 38.08, 0.000177221
_0753_, 47.84, 38.08, 0.000177221
FILLER_0_10_93, 47.84, 38.08, 0.000177221
FILLER_0_11_91, 47.84, 38.08, 0.000177221
_0646_, 53.36, 38.08, 0.00017984
_0752_, 53.36, 38.08, 0.00017984
_1287_, 53.36, 38.08, 0.00017984
FILLER_0_9_113, 53.36, 38.08, 0.00017984
FILLER_0_10_111, 53.36, 38.08, 0.00017984
FILLER_0_11_105, 53.36, 38.08, 0.00017984
_0666_, 131.1, 38.08, 9.97381e-05
_0668_, 131.1, 38.08, 9.97381e-05
FILLER_0_11_274, 131.1, 38.08, 9.97381e-05
FILLER_0_10_309, 148.58, 38.08, 6.09242e-05
_0763_, 15.18, 38.08, 0.000109705
_1176_, 15.18, 38.08, 0.000109705
FILLER_0_9_15, 15.18, 38.08, 0.000109705
_0726_, 73.14, 38.08, 0.000160987
_0731_, 73.14, 38.08, 0.000160987
_1270_, 73.14, 38.08, 0.000160987
FILLER_0_9_148, 73.14, 38.08, 0.000160987
_0640_, 37.615, 38.08, 0.000155168
_0642_, 37.615, 38.08, 0.000155168
_0754_, 37.615, 38.08, 0.000155168
_0760_, 37.615, 38.08, 0.000155168
FILLER_0_9_69, 37.615, 38.08, 0.000155168
FILLER_0_10_74, 37.615, 38.08, 0.000155168
FILLER_0_11_66, 37.615, 38.08, 0.000155168
_1180_, 82.65, 38.08, 0.000169535
_1289_, 82.65, 38.08, 0.000169535
FILLER_0_9_169, 82.65, 38.08, 0.000169535
FILLER_0_10_176, 82.65, 38.08, 0.000169535
_1082_, 92.16, 38.08, 0.000145346
_1086_, 92.16, 38.08, 0.000145346
_1088_, 92.16, 38.08, 0.000145346
FILLER_0_9_190, 92.16, 38.08, 0.000145346
FILLER_0_10_192, 92.16, 38.08, 0.000145346
FILLER_0_11_195, 92.16, 38.08, 0.000145346
_1236_, 111.48, 38.08, 0.000152734
_1237_, 111.48, 38.08, 0.000152734
_1295_, 111.48, 38.08, 0.000152734
FILLER_0_10_221, 111.48, 38.08, 0.000152734
_0664_, 121.29, 38.08, 0.0001325
_0924_, 121.29, 38.08, 0.0001325
FILLER_0_9_246, 121.29, 38.08, 0.0001325
FILLER_0_10_249, 121.29, 38.08, 0.0001325
FILLER_0_10_253, 121.29, 38.08, 0.0001325
FILLER_0_10_261, 121.29, 38.08, 0.0001325
FILLER_0_11_256, 121.29, 38.08, 0.0001325
PHY_EDGE_ROW_7_Left_57, 5.52, 32.64, 0.000100426
PHY_EDGE_ROW_8_Left_58, 5.52, 32.64, 0.000100426
PHY_EDGE_ROW_7_Right_7, 154.1, 32.64, 2.63686e-05
PHY_EDGE_ROW_8_Right_8, 154.1, 32.64, 2.63686e-05
FILLER_0_7_317, 154.1, 32.64, 2.63686e-05
FILLER_0_8_317, 154.1, 32.64, 2.63686e-05
_1266_, 15.18, 32.64, 0.000100426
FILLER_0_9_45, 26.22, 32.64, 7.68732e-05
_0755_, 34.5, 32.64, 0.000102304
_0756_, 34.5, 32.64, 0.000102304
_1177_, 34.5, 32.64, 0.000102304
_1227_, 34.5, 32.64, 0.000102304
FILLER_0_8_73, 34.5, 32.64, 0.000102304
_0747_, 61.64, 32.64, 0.000104878
_0748_, 61.64, 32.64, 0.000104878
_1229_, 61.64, 32.64, 0.000104878
FILLER_0_8_122, 61.64, 32.64, 0.000104878
_0656_, 67.16, 32.64, 0.000103766
_0725_, 67.16, 32.64, 0.000103766
_0652_, 72.68, 32.64, 0.000115083
_0655_, 72.68, 32.64, 0.000115083
_0674_, 72.68, 32.64, 0.000115083
_0740_, 72.68, 32.64, 0.000115083
FILLER_0_7_152, 72.68, 32.64, 0.000115083
FILLER_0_8_301, 143.06, 32.64, 2.63686e-05
FILLER_0_8_309, 148.58, 32.64, 2.63686e-05
_0762_, 21.62, 32.64, 8.77231e-05
_0594_, 124.66, 32.64, 5.60737e-05
_0644_, 48.07, 32.64, 0.000129428
_0645_, 48.07, 32.64, 0.000129428
_0653_, 48.07, 32.64, 0.000129428
_1228_, 48.07, 32.64, 0.000129428
FILLER_0_8_81, 48.07, 32.64, 0.000129428
FILLER_0_8_92, 48.07, 32.64, 0.000129428
FILLER_0_8_104, 48.07, 32.64, 0.000129428
_0727_, 82.343, 32.64, 0.00012816
_0741_, 82.343, 32.64, 0.00012816
_1288_, 82.343, 32.64, 0.00012816
FILLER_0_7_165, 82.343, 32.64, 0.00012816
FILLER_0_7_169, 82.343, 32.64, 0.00012816
FILLER_0_8_167, 82.343, 32.64, 0.00012816
FILLER_0_9_163, 82.343, 32.64, 0.00012816
_1081_, 92.006, 32.64, 0.000105282
_1087_, 92.006, 32.64, 0.000105282
FILLER_0_7_188, 92.006, 32.64, 0.000105282
_0687_, 113.165, 32.64, 7.25216e-05
_0688_, 113.165, 32.64, 7.25216e-05
_0694_, 113.165, 32.64, 7.25216e-05
FILLER_0_8_246, 113.165, 32.64, 7.25216e-05
PHY_EDGE_ROW_5_Left_55, 5.52, 27.2, 7.50599e-05
PHY_EDGE_ROW_6_Left_56, 5.52, 27.2, 7.50599e-05
PHY_EDGE_ROW_5_Right_5, 154.1, 27.2, 2.7354e-05
PHY_EDGE_ROW_6_Right_6, 154.1, 27.2, 2.7354e-05
FILLER_0_5_317, 154.1, 27.2, 2.7354e-05
FILLER_0_6_317, 154.1, 27.2, 2.7354e-05
FILLER_0_6_41, 26.22, 27.2, 7.50599e-05
_1286_, 34.5, 27.2, 0.000114382
_0643_, 45.54, 27.2, 0.000138524
FILLER_0_6_92, 45.54, 27.2, 0.000138524
_0737_, 51.06, 27.2, 0.000145941
_1268_, 51.06, 27.2, 0.000145941
_0734_, 79.12, 27.2, 0.000140481
_0742_, 79.12, 27.2, 0.000140481
_1269_, 79.12, 27.2, 0.000140481
FILLER_0_6_156, 79.12, 27.2, 0.000140481
FILLER_0_7_159, 79.12, 27.2, 0.000140481
_1230_, 86.02, 27.2, 0.000130948
_1179_, 91.54, 27.2, 0.000115096
FILLER_0_6_186, 91.54, 27.2, 0.000115096
_0700_, 97.06, 27.2, 9.90978e-05
_1274_, 97.06, 27.2, 9.90978e-05
FILLER_0_6_202, 97.06, 27.2, 9.90978e-05
_1185_, 111.78, 27.2, 8.92225e-05
_1275_, 111.78, 27.2, 8.92225e-05
FILLER_0_6_234, 111.78, 27.2, 8.92225e-05
_1186_, 117.3, 27.2, 8.61734e-05
_1276_, 117.3, 27.2, 8.61734e-05
FILLER_0_6_246, 117.3, 27.2, 8.61734e-05
FILLER_0_6_301, 143.06, 27.2, 2.7354e-05
FILLER_0_6_309, 148.58, 27.2, 2.7354e-05
_0695_, 104.88, 27.2, 7.91742e-05
FILLER_0_5_217, 104.88, 27.2, 7.91742e-05
FILLER_0_6_222, 104.88, 27.2, 7.91742e-05
FILLER_0_7_217, 104.88, 27.2, 7.91742e-05
FILLER_0_7_277, 130.18, 27.2, 5.09528e-05
_0637_, 71.825, 27.2, 0.000130674
_0738_, 71.825, 27.2, 0.000130674
FILLER_0_5_144, 71.825, 27.2, 0.000130674
PHY_EDGE_ROW_3_Left_53, 5.52, 21.76, 7.18271e-06
PHY_EDGE_ROW_4_Left_54, 5.52, 21.76, 7.18271e-06
PHY_EDGE_ROW_3_Right_3, 154.1, 21.76, 1.94242e-06
PHY_EDGE_ROW_4_Right_4, 154.1, 21.76, 1.94242e-06
FILLER_0_3_317, 154.1, 21.76, 1.94242e-06
FILLER_0_4_317, 154.1, 21.76, 1.94242e-06
FILLER_0_4_77, 40.02, 21.76, 1.57043e-05
_0638_, 60.26, 21.76, 2.93121e-05
FILLER_0_4_133, 65.78, 21.76, 2.93056e-05
FILLER_0_5_134, 65.78, 21.76, 2.93056e-05
_0735_, 71.3, 21.76, 3.58984e-05
FILLER_0_4_189, 91.54, 21.76, 1.88268e-05
FILLER_0_4_245, 117.3, 21.76, 5.85369e-06
FILLER_0_4_301, 143.06, 21.76, 1.94238e-06
FILLER_0_4_309, 148.58, 21.76, 1.94241e-06
FILLER_0_5_105, 52.9, 21.76, 2.43946e-05
_1178_, 58.42, 21.76, 2.8119e-05
FILLER_0_5_116, 58.42, 21.76, 2.8119e-05
FILLER_0_5_126, 63.94, 21.76, 2.80199e-05
_0739_, 73.14, 21.76, 3.72287e-05
FILLER_0_5_273, 130.18, 21.76, 3.51163e-06
PHY_EDGE_ROW_1_Left_51, 5.52, 16.32, 6.12407e-07
PHY_EDGE_ROW_2_Left_52, 5.52, 16.32, 6.12407e-07
PHY_EDGE_ROW_1_Right_1, 154.1, 16.32, 2.31471e-07
PHY_EDGE_ROW_2_Right_2, 154.1, 16.32, 2.31471e-07
FILLER_0_1_317, 154.1, 16.32, 2.31471e-07
FILLER_0_2_317, 154.1, 16.32, 2.31471e-07
FILLER_0_2_77, 40.02, 16.32, 8.13977e-07
FILLER_0_2_133, 65.78, 16.32, 1.18444e-06
FILLER_0_2_189, 91.54, 16.32, 7.56888e-07
FILLER_0_2_245, 117.3, 16.32, 4.38373e-07
FILLER_0_2_301, 143.06, 16.32, 2.31429e-07
FILLER_0_2_309, 148.58, 16.32, 2.31452e-07
FILLER_0_3_105, 52.9, 16.32, 1.01956e-06
FILLER_0_3_161, 78.66, 16.32, 9.70672e-07
FILLER_0_3_217, 104.42, 16.32, 5.62287e-07
FILLER_0_3_273, 130.18, 16.32, 3.14448e-07
PHY_EDGE_ROW_0_Left_50, 5.52, 10.88, 6.17452e-07
PHY_EDGE_ROW_0_Right_0, 154.1, 10.88, 2.36368e-07
FILLER_0_0_317, 154.1, 10.88, 2.36368e-07
FILLER_0_0_81, 40.02, 10.88, 8.13411e-07
FILLER_0_0_109, 52.9, 10.88, 1.01326e-06
FILLER_0_1_105, 52.9, 10.88, 1.01326e-06
FILLER_0_0_137, 65.78, 10.88, 1.17338e-06
FILLER_0_0_165, 78.66, 10.88, 9.64138e-07
FILLER_0_1_161, 78.66, 10.88, 9.64138e-07
FILLER_0_0_193, 91.54, 10.88, 7.54873e-07
FILLER_0_0_221, 104.42, 10.88, 5.64078e-07
FILLER_0_1_217, 104.42, 10.88, 5.64078e-07
FILLER_0_0_249, 117.3, 10.88, 4.41342e-07
FILLER_0_0_277, 130.18, 10.88, 3.18594e-07
FILLER_0_1_273, 130.18, 10.88, 3.18594e-07
FILLER_0_0_305, 143.06, 10.88, 2.3635e-07
FILLER_0_0_309, 143.06, 10.88, 2.3635e-07

