Instance name, X location, Y location, Voltage
FILLER_0_49_277, 135.51, 144.16, 1.8
FILLER_0_38_278, 135.51, 116.96, 1.79996
_0934_, 135.51, 111.52, 1.79991
_0935_, 135.51, 111.52, 1.79991
_0993_, 135.51, 111.52, 1.79991
FILLER_0_36_281, 135.51, 111.52, 1.79991
FILLER_0_37_287, 135.51, 111.52, 1.79991
_0937_, 135.51, 106.08, 1.79985
_0962_, 135.51, 106.08, 1.79985
_0992_, 135.51, 106.08, 1.79985
_1002_, 135.51, 106.08, 1.79985
_1003_, 135.51, 106.08, 1.79985
_1244_, 135.51, 95.2, 1.7999
FILLER_0_30_280, 135.51, 95.2, 1.7999
_1009_, 135.51, 89.76, 1.79992
_1018_, 135.51, 89.76, 1.79992
_1019_, 135.51, 89.76, 1.79992
_1243_, 135.51, 89.76, 1.79992
FILLER_0_29_277, 135.51, 89.76, 1.79992
_0961_, 135.51, 84.32, 1.79988
_1008_, 135.51, 84.32, 1.79988
FILLER_0_27_281, 135.51, 84.32, 1.79988
_1242_, 135.51, 78.88, 1.79992
FILLER_0_25_275, 135.51, 78.88, 1.79992
_0915_, 135.51, 73.44, 1.79991
_0916_, 135.51, 73.44, 1.79991
_0929_, 135.51, 73.44, 1.79991
_1028_, 135.51, 73.44, 1.79991
FILLER_0_23_277, 135.51, 73.44, 1.79991
FILLER_0_23_281, 135.51, 73.44, 1.79991
FILLER_0_24_276, 135.51, 73.44, 1.79991
FILLER_0_21_277, 135.51, 68, 1.79991
FILLER_0_13_274, 135.51, 46.24, 1.79993
FILLER_0_7_277, 135.51, 29.92, 1.79996
FILLER_0_0_277, 135.51, 13.6, 1.8
_1149_, 98.37, 127.84, 1.79998
_1114_, 98.37, 122.4, 1.79997
_1208_, 98.37, 122.4, 1.79997
FILLER_0_42_193, 98.37, 122.4, 1.79997
_0948_, 98.37, 111.52, 1.79992
_0979_, 98.37, 111.52, 1.79992
_0990_, 98.37, 111.52, 1.79992
FILLER_0_37_206, 98.37, 111.52, 1.79992
_0977_, 98.37, 106.08, 1.79984
_0978_, 98.37, 106.08, 1.79984
_0980_, 98.37, 106.08, 1.79984
_0981_, 98.37, 106.08, 1.79984
FILLER_0_35_212, 98.37, 106.08, 1.79984
FILLER_0_36_204, 98.37, 106.08, 1.79984
_0949_, 98.37, 100.64, 1.79987
_0973_, 98.37, 100.64, 1.79987
_1248_, 98.37, 100.64, 1.79987
_1306_, 98.37, 100.64, 1.79987
FILLER_0_32_200, 98.37, 100.64, 1.79987
FILLER_0_33_202, 98.37, 100.64, 1.79987
_0951_, 98.37, 95.2, 1.7999
_0952_, 98.37, 95.2, 1.7999
_0964_, 98.37, 95.2, 1.7999
_1094_, 98.37, 95.2, 1.7999
_1103_, 98.37, 95.2, 1.7999
FILLER_0_31_200, 98.37, 95.2, 1.7999
FILLER_0_32_193, 98.37, 95.2, 1.7999
_0902_, 98.37, 89.76, 1.7999
_1092_, 98.37, 89.76, 1.7999
_1093_, 98.37, 89.76, 1.7999
_1095_, 98.37, 89.76, 1.7999
FILLER_0_29_197, 98.37, 89.76, 1.7999
FILLER_0_30_203, 98.37, 89.76, 1.7999
_1091_, 98.37, 84.32, 1.79982
_1104_, 98.37, 84.32, 1.79982
_1307_, 98.37, 84.32, 1.79982
FILLER_0_27_201, 98.37, 84.32, 1.79982
_0685_, 98.37, 78.88, 1.79988
_1128_, 98.37, 78.88, 1.79988
_1240_, 98.37, 78.88, 1.79988
_1298_, 98.37, 78.88, 1.79988
FILLER_0_25_195, 98.37, 78.88, 1.79988
FILLER_0_25_203, 98.37, 78.88, 1.79988
FILLER_0_25_209, 98.37, 78.88, 1.79988
FILLER_0_26_204, 98.37, 78.88, 1.79988
_0682_, 98.37, 73.44, 1.79989
_1045_, 98.37, 73.44, 1.79989
_1046_, 98.37, 73.44, 1.79989
_1077_, 98.37, 73.44, 1.79989
_1189_, 98.37, 73.44, 1.79989
FILLER_0_23_211, 98.37, 73.44, 1.79989
_1078_, 98.37, 68, 1.79982
_1079_, 98.37, 68, 1.79982
_1239_, 98.37, 68, 1.79982
FILLER_0_21_215, 98.37, 68, 1.79982
FILLER_0_22_209, 98.37, 68, 1.79982
_1188_, 98.37, 62.56, 1.79983
_1297_, 98.37, 62.56, 1.79983
FILLER_0_19_210, 98.37, 62.56, 1.79983
_1052_, 98.37, 57.12, 1.79992
_1057_, 98.37, 57.12, 1.79992
FILLER_0_17_209, 98.37, 57.12, 1.79992
FILLER_0_18_197, 98.37, 57.12, 1.79992
_0697_, 98.37, 51.68, 1.79987
_0959_, 98.37, 51.68, 1.79987
_1238_, 98.37, 51.68, 1.79987
_1296_, 98.37, 51.68, 1.79987
_1293_, 98.37, 40.8, 1.79987
FILLER_0_11_195, 98.37, 40.8, 1.79987
_0699_, 98.37, 35.36, 1.79991
_1086_, 98.37, 35.36, 1.79991
_1088_, 98.37, 35.36, 1.79991
_1235_, 98.37, 35.36, 1.79991
FILLER_0_9_190, 98.37, 35.36, 1.79991
FILLER_0_10_192, 98.37, 35.36, 1.79991
_1087_, 98.37, 29.92, 1.7999
_1274_, 98.37, 29.92, 1.7999
FILLER_0_6_202, 98.37, 24.48, 1.79997
_1215_, 61.23, 127.84, 1.79996
_1216_, 61.23, 127.84, 1.79996
_0825_, 61.23, 122.4, 1.79996
_1157_, 61.23, 122.4, 1.79996
_1162_, 61.23, 122.4, 1.79996
_1163_, 61.23, 122.4, 1.79996
_1209_, 61.23, 122.4, 1.79996
hold3, 61.23, 122.4, 1.79996
FILLER_0_41_122, 61.23, 122.4, 1.79996
FILLER_0_42_123, 61.23, 122.4, 1.79996
FILLER_0_39_125, 61.23, 116.96, 1.79994
FILLER_0_40_124, 61.23, 116.96, 1.79994
_0822_, 61.23, 111.52, 1.79994
_0827_, 61.23, 111.52, 1.79994
_0879_, 61.23, 111.52, 1.79994
_0821_, 61.23, 106.08, 1.79989
_1117_, 61.23, 106.08, 1.79989
FILLER_0_35_125, 61.23, 106.08, 1.79989
_0820_, 61.23, 100.64, 1.79991
_0838_, 61.23, 100.64, 1.79991
_0840_, 61.23, 100.64, 1.79991
_0871_, 61.23, 100.64, 1.79991
_1118_, 61.23, 100.64, 1.79991
FILLER_0_34_132, 61.23, 100.64, 1.79991
_0818_, 61.23, 95.2, 1.79991
_1119_, 61.23, 95.2, 1.79991
_1200_, 61.23, 95.2, 1.79991
hold18, 61.23, 95.2, 1.79991
FILLER_0_31_126, 61.23, 95.2, 1.79991
FILLER_0_32_116, 61.23, 95.2, 1.79991
FILLER_0_32_131, 61.23, 95.2, 1.79991
_0810_, 61.23, 89.76, 1.79993
_0900_, 61.23, 89.76, 1.79993
_0901_, 61.23, 89.76, 1.79993
FILLER_0_29_131, 61.23, 89.76, 1.79993
_0615_, 61.23, 84.32, 1.79984
_1062_, 61.23, 84.32, 1.79984
_1147_, 61.23, 84.32, 1.79984
_1219_, 61.23, 84.32, 1.79984
fanout10, 61.23, 84.32, 1.79984
fanout13, 61.23, 84.32, 1.79984
FILLER_0_28_117, 61.23, 84.32, 1.79984
FILLER_0_28_132, 61.23, 84.32, 1.79984
_1277_, 61.23, 78.88, 1.79982
clkbuf_0_clock, 61.23, 78.88, 1.79982
FILLER_0_25_113, 61.23, 78.88, 1.79982
_0816_, 61.23, 73.44, 1.79985
_0886_, 61.23, 73.44, 1.79985
_1061_, 61.23, 73.44, 1.79985
_1064_, 61.23, 73.44, 1.79985
_1168_, 61.23, 73.44, 1.79985
hold12, 61.23, 73.44, 1.79985
_0746_, 61.23, 68, 1.79979
_0814_, 61.23, 68, 1.79979
_1065_, 61.23, 68, 1.79979
_1066_, 61.23, 68, 1.79979
FILLER_0_21_122, 61.23, 68, 1.79979
_1182_, 61.23, 62.56, 1.79986
_0658_, 61.23, 57.12, 1.7999
_1273_, 61.23, 57.12, 1.7999
_0659_, 61.23, 51.68, 1.79986
_0706_, 61.23, 51.68, 1.79986
FILLER_0_16_129, 61.23, 51.68, 1.79986
_0660_, 61.23, 46.24, 1.79988
_0705_, 61.23, 46.24, 1.79988
_0647_, 61.23, 40.8, 1.79988
_0704_, 61.23, 40.8, 1.79988
_0729_, 61.23, 40.8, 1.79988
FILLER_0_11_113, 61.23, 40.8, 1.79988
FILLER_0_11_126, 61.23, 40.8, 1.79988
FILLER_0_12_119, 61.23, 40.8, 1.79988
_0745_, 61.23, 35.36, 1.79988
_1229_, 61.23, 35.36, 1.79988
_1287_, 61.23, 35.36, 1.79988
FILLER_0_9_113, 61.23, 35.36, 1.79988
_0747_, 61.23, 29.92, 1.79989
_0748_, 61.23, 29.92, 1.79989
_0638_, 61.23, 24.48, 1.79994
FILLER_0_39_39, 24.09, 116.96, 1.79995
_0836_, 24.09, 111.52, 1.79995
_0839_, 24.09, 111.52, 1.79995
_0832_, 24.09, 106.08, 1.7999
_0833_, 24.09, 106.08, 1.7999
_0855_, 24.09, 106.08, 1.7999
FILLER_0_35_51, 24.09, 106.08, 1.7999
_0856_, 24.09, 100.64, 1.79992
_0892_, 24.09, 100.64, 1.79992
_1122_, 24.09, 100.64, 1.79992
_1123_, 24.09, 100.64, 1.79992
hold17, 24.09, 100.64, 1.79992
_0897_, 24.09, 95.2, 1.79993
hold16, 24.09, 95.2, 1.79993
FILLER_0_30_39, 24.09, 95.2, 1.79993
FILLER_0_31_44, 24.09, 95.2, 1.79993
FILLER_0_31_51, 24.09, 95.2, 1.79993
_0806_, 24.09, 84.32, 1.79988
_0807_, 24.09, 84.32, 1.79988
_1170_, 24.09, 84.32, 1.79988
FILLER_0_26_38, 24.09, 84.32, 1.79988
FILLER_0_27_48, 24.09, 84.32, 1.79988
_0606_, 24.09, 78.88, 1.79987
_0607_, 24.09, 78.88, 1.79987
_0617_, 24.09, 78.88, 1.79987
_1222_, 24.09, 78.88, 1.79987
FILLER_0_23_43, 24.09, 73.44, 1.79985
_1223_, 24.09, 68, 1.79984
_1281_, 24.09, 68, 1.79984
FILLER_0_22_44, 24.09, 68, 1.79984
_0601_, 24.09, 62.56, 1.79985
_1071_, 24.09, 62.56, 1.79985
_1282_, 24.09, 62.56, 1.79985
FILLER_0_19_47, 24.09, 62.56, 1.79985
_1224_, 24.09, 57.12, 1.79987
_1283_, 24.09, 57.12, 1.79987
FILLER_0_17_37, 24.09, 57.12, 1.79987
_0771_, 24.09, 46.24, 1.79989
_1073_, 24.09, 46.24, 1.79989
_1074_, 24.09, 40.8, 1.7999
FILLER_0_6_41, 24.09, 24.48, 1.79996
PHY_EDGE_ROW_48_Left_98, 5.52, 144.16, 1.8
PHY_EDGE_ROW_49_Left_99, 5.52, 144.16, 1.8
PHY_EDGE_ROW_48_Right_48, 154.1, 144.16, 1.8
PHY_EDGE_ROW_49_Right_49, 154.1, 144.16, 1.8
FILLER_0_48_317, 154.1, 144.16, 1.8
FILLER_0_49_317, 154.1, 144.16, 1.8
FILLER_0_49_53, 27.14, 144.16, 1.8
FILLER_0_49_109, 52.9, 144.16, 1.79999
output3, 63.94, 144.16, 1.79999
FILLER_0_49_125, 63.94, 144.16, 1.79999
FILLER_0_49_135, 63.94, 144.16, 1.79999
FILLER_0_49_153, 73.14, 144.16, 1.79999
output9, 78.66, 144.16, 1.79999
FILLER_0_49_163, 78.66, 144.16, 1.79999
output2, 89.7, 144.16, 1.79999
FILLER_0_49_181, 89.7, 144.16, 1.79999
FILLER_0_49_191, 89.7, 144.16, 1.79999
FILLER_0_49_221, 104.42, 144.16, 1.8
FILLER_0_49_81, 40.02, 144.16, 1.8
FILLER_0_49_249, 117.3, 144.16, 1.8
FILLER_0_49_305, 143.06, 144.16, 1.8
FILLER_0_49_309, 143.06, 144.16, 1.8
PHY_EDGE_ROW_46_Left_96, 5.52, 138.72, 1.8
PHY_EDGE_ROW_47_Left_97, 5.52, 138.72, 1.8
PHY_EDGE_ROW_46_Right_46, 154.1, 138.72, 1.8
PHY_EDGE_ROW_47_Right_47, 154.1, 138.72, 1.8
FILLER_0_46_317, 154.1, 138.72, 1.8
FILLER_0_47_317, 154.1, 138.72, 1.8
FILLER_0_47_51, 27.14, 138.72, 1.8
FILLER_0_47_105, 52.9, 138.72, 1.8
FILLER_0_47_161, 78.66, 138.72, 1.8
FILLER_0_47_217, 104.42, 138.72, 1.8
FILLER_0_47_273, 130.18, 138.72, 1.8
FILLER_0_48_77, 40.02, 138.72, 1.8
FILLER_0_48_133, 65.78, 138.72, 1.8
FILLER_0_46_189, 91.54, 138.72, 1.8
FILLER_0_48_189, 91.54, 138.72, 1.8
FILLER_0_48_245, 117.3, 138.72, 1.8
FILLER_0_48_301, 143.06, 138.72, 1.8
FILLER_0_48_309, 148.58, 138.72, 1.8
PHY_EDGE_ROW_44_Left_94, 5.52, 133.28, 1.8
PHY_EDGE_ROW_45_Left_95, 5.52, 133.28, 1.8
PHY_EDGE_ROW_44_Right_44, 154.1, 133.28, 1.8
PHY_EDGE_ROW_45_Right_45, 154.1, 133.28, 1.8
FILLER_0_44_317, 154.1, 133.28, 1.8
FILLER_0_45_317, 154.1, 133.28, 1.8
FILLER_0_45_51, 27.14, 133.28, 1.8
FILLER_0_45_105, 52.9, 133.28, 1.8
FILLER_0_45_216, 102.58, 133.28, 1.79999
FILLER_0_45_273, 130.18, 133.28, 1.8
FILLER_0_46_77, 40.02, 133.28, 1.8
FILLER_0_44_133, 65.78, 133.28, 1.79999
FILLER_0_45_137, 65.78, 133.28, 1.79999
FILLER_0_46_133, 65.78, 133.28, 1.79999
hold7, 96.6, 133.28, 1.79999
FILLER_0_44_191, 96.6, 133.28, 1.79999
FILLER_0_46_245, 117.3, 133.28, 1.8
FILLER_0_46_301, 143.06, 133.28, 1.8
FILLER_0_46_309, 148.58, 133.28, 1.8
_1107_, 76.053, 133.28, 1.79999
_1159_, 76.053, 133.28, 1.79999
_1161_, 76.053, 133.28, 1.79999
hold4, 76.053, 133.28, 1.79999
FILLER_0_45_149, 76.053, 133.28, 1.79999
FILLER_0_45_157, 76.053, 133.28, 1.79999
_1155_, 86.326, 133.28, 1.79998
_1156_, 86.326, 133.28, 1.79998
_1214_, 86.326, 133.28, 1.79998
hold11, 86.326, 133.28, 1.79998
FILLER_0_45_165, 86.326, 133.28, 1.79998
FILLER_0_45_169, 86.326, 133.28, 1.79998
FILLER_0_45_175, 86.326, 133.28, 1.79998
PHY_EDGE_ROW_42_Left_92, 5.52, 127.84, 1.79999
PHY_EDGE_ROW_43_Left_93, 5.52, 127.84, 1.79999
PHY_EDGE_ROW_42_Right_42, 154.1, 127.84, 1.79999
PHY_EDGE_ROW_43_Right_43, 154.1, 127.84, 1.79999
FILLER_0_42_317, 154.1, 127.84, 1.79999
FILLER_0_43_317, 154.1, 127.84, 1.79999
FILLER_0_43_51, 27.14, 127.84, 1.79998
_1106_, 73.14, 127.84, 1.79995
_1158_, 73.14, 127.84, 1.79995
_1217_, 73.14, 127.84, 1.79995
hold6, 73.14, 127.84, 1.79995
_1218_, 81.42, 127.84, 1.79995
hold5, 81.42, 127.84, 1.79995
FILLER_0_42_171, 81.42, 127.84, 1.79995
FILLER_0_43_165, 81.42, 127.84, 1.79995
FILLER_0_43_215, 106.26, 127.84, 1.79998
FILLER_0_44_241, 117.3, 127.84, 1.79999
FILLER_0_44_249, 117.3, 127.84, 1.79999
FILLER_0_43_273, 130.18, 127.84, 1.79999
FILLER_0_42_77, 40.02, 127.84, 1.79997
FILLER_0_44_77, 40.02, 127.84, 1.79997
_1164_, 45.54, 127.84, 1.79996
FILLER_0_42_85, 45.54, 127.84, 1.79996
_1254_, 51.06, 127.84, 1.79996
FILLER_0_42_100, 51.06, 127.84, 1.79996
FILLER_0_43_105, 51.06, 127.84, 1.79996
FILLER_0_44_301, 143.06, 127.84, 1.79999
FILLER_0_44_309, 148.58, 127.84, 1.79999
hold2, 89.895, 127.84, 1.79997
hold8, 89.895, 127.84, 1.79997
FILLER_0_43_185, 89.895, 127.84, 1.79997
PHY_EDGE_ROW_40_Left_90, 5.52, 122.4, 1.79995
PHY_EDGE_ROW_41_Left_91, 5.52, 122.4, 1.79995
PHY_EDGE_ROW_40_Right_40, 154.1, 122.4, 1.79999
PHY_EDGE_ROW_41_Right_41, 154.1, 122.4, 1.79999
FILLER_0_40_317, 154.1, 122.4, 1.79999
FILLER_0_41_317, 154.1, 122.4, 1.79999
FILLER_0_39_215, 104.42, 122.4, 1.79997
FILLER_0_41_220, 104.42, 122.4, 1.79997
FILLER_0_41_273, 130.18, 122.4, 1.79998
_1257_, 26.22, 122.4, 1.79994
FILLER_0_41_51, 26.22, 122.4, 1.79994
_1160_, 77.28, 122.4, 1.79996
FILLER_0_41_162, 77.28, 122.4, 1.79996
FILLER_0_40_245, 117.3, 122.4, 1.79998
FILLER_0_42_249, 117.3, 122.4, 1.79998
FILLER_0_42_301, 143.06, 122.4, 1.79999
FILLER_0_42_309, 148.58, 122.4, 1.79999
_1255_, 37.89, 122.4, 1.79992
hold13, 37.89, 122.4, 1.79992
_0875_, 49.56, 122.4, 1.79994
FILLER_0_40_92, 49.56, 122.4, 1.79994
FILLER_0_41_108, 49.56, 122.4, 1.79994
FILLER_0_42_92, 49.56, 122.4, 1.79994
_0883_, 69.255, 122.4, 1.79996
_1151_, 69.255, 122.4, 1.79996
FILLER_0_40_136, 69.255, 122.4, 1.79996
FILLER_0_42_137, 69.255, 122.4, 1.79996
_1150_, 87.825, 122.4, 1.79996
_1213_, 87.825, 122.4, 1.79996
hold1, 87.825, 122.4, 1.79996
PHY_EDGE_ROW_38_Left_88, 5.52, 116.96, 1.79994
PHY_EDGE_ROW_39_Left_89, 5.52, 116.96, 1.79994
PHY_EDGE_ROW_38_Right_38, 154.1, 116.96, 1.79996
PHY_EDGE_ROW_39_Right_39, 154.1, 116.96, 1.79996
FILLER_0_39_317, 154.1, 116.96, 1.79996
_1256_, 21.62, 116.96, 1.79994
_1165_, 27.14, 116.96, 1.79994
FILLER_0_39_47, 27.14, 116.96, 1.79994
FILLER_0_39_53, 27.14, 116.96, 1.79994
_0881_, 50.6, 116.96, 1.79992
_1253_, 50.6, 116.96, 1.79992
FILLER_0_38_104, 50.6, 116.96, 1.79992
FILLER_0_39_103, 50.6, 116.96, 1.79992
_1115_, 81.88, 116.96, 1.79992
_1116_, 81.88, 116.96, 1.79992
_1152_, 81.88, 116.96, 1.79992
FILLER_0_39_162, 81.88, 116.96, 1.79992
FILLER_0_39_181, 87.4, 116.96, 1.79992
_1113_, 92.92, 116.96, 1.79993
_1252_, 92.92, 116.96, 1.79993
_0991_, 98.9, 116.96, 1.79994
_1196_, 98.9, 116.96, 1.79994
FILLER_0_39_203, 98.9, 116.96, 1.79994
FILLER_0_39_274, 130.64, 116.96, 1.79995
FILLER_0_40_301, 143.52, 116.96, 1.79996
FILLER_0_40_29, 20.7, 116.96, 1.79994
_0846_, 44.16, 116.96, 1.79992
_0868_, 44.16, 116.96, 1.79992
_1166_, 44.16, 116.96, 1.79992
FILLER_0_39_90, 44.16, 116.96, 1.79992
FILLER_0_40_81, 44.16, 116.96, 1.79992
_0823_, 60.26, 116.96, 1.79994
_0843_, 60.26, 116.96, 1.79994
FILLER_0_38_112, 60.26, 116.96, 1.79994
_1251_, 86.02, 116.96, 1.79992
FILLER_0_39_237, 111.78, 116.96, 1.79993
_0938_, 137.54, 116.96, 1.79996
FILLER_0_38_309, 148.58, 116.96, 1.79996
FILLER_0_40_309, 148.58, 116.96, 1.79996
_0841_, 35.65, 116.96, 1.79993
_0854_, 35.65, 116.96, 1.79993
_0859_, 35.65, 116.96, 1.79993
_0860_, 35.65, 116.96, 1.79993
FILLER_0_39_64, 35.65, 116.96, 1.79993
FILLER_0_40_66, 35.65, 116.96, 1.79993
_0589_, 71.555, 116.96, 1.79993
_1059_, 71.555, 116.96, 1.79993
_1108_, 71.555, 116.96, 1.79993
_1109_, 71.555, 116.96, 1.79993
_1112_, 71.555, 116.96, 1.79993
_1210_, 71.555, 116.96, 1.79993
FILLER_0_38_141, 71.555, 116.96, 1.79993
FILLER_0_38_153, 71.555, 116.96, 1.79993
FILLER_0_39_138, 71.555, 116.96, 1.79993
FILLER_0_39_150, 71.555, 116.96, 1.79993
_1134_, 121.21, 116.96, 1.79993
_1194_, 121.21, 116.96, 1.79993
FILLER_0_38_253, 121.21, 116.96, 1.79993
FILLER_0_39_246, 121.21, 116.96, 1.79993
PHY_EDGE_ROW_36_Left_86, 5.52, 111.52, 1.79995
PHY_EDGE_ROW_37_Left_87, 5.52, 111.52, 1.79995
PHY_EDGE_ROW_36_Right_36, 154.1, 111.52, 1.79988
PHY_EDGE_ROW_37_Right_37, 154.1, 111.52, 1.79988
_0834_, 15.18, 111.52, 1.79995
FILLER_0_37_27, 15.18, 111.52, 1.79995
_0835_, 27.6, 111.52, 1.79995
_0852_, 27.6, 111.52, 1.79995
FILLER_0_38_53, 27.6, 111.52, 1.79995
_0851_, 33.12, 111.52, 1.79994
_0853_, 33.12, 111.52, 1.79994
_0858_, 33.12, 111.52, 1.79994
_0842_, 38.64, 111.52, 1.79994
_0847_, 38.64, 111.52, 1.79994
_0848_, 38.64, 111.52, 1.79994
_0867_, 38.64, 111.52, 1.79994
FILLER_0_36_78, 38.64, 111.52, 1.79994
_1153_, 81.42, 111.52, 1.7999
_1197_, 81.42, 111.52, 1.7999
_0999_, 117.76, 111.52, 1.79989
_1000_, 117.76, 111.52, 1.79989
FILLER_0_37_241, 117.76, 111.52, 1.79989
FILLER_0_37_253, 117.76, 111.52, 1.79989
_0817_, 68.08, 111.52, 1.79992
_0884_, 68.08, 111.52, 1.79992
_1211_, 68.08, 111.52, 1.79992
FILLER_0_36_141, 68.08, 111.52, 1.79992
FILLER_0_37_142, 68.08, 111.52, 1.79992
FILLER_0_38_136, 68.08, 111.52, 1.79992
_1135_, 111.78, 111.52, 1.79989
_1195_, 111.78, 111.52, 1.79989
FILLER_0_36_316, 149.96, 111.52, 1.79988
FILLER_0_38_317, 149.96, 111.52, 1.79988
_0850_, 49.935, 111.52, 1.79993
_0876_, 49.935, 111.52, 1.79993
_0877_, 49.935, 111.52, 1.79993
_0880_, 49.935, 111.52, 1.79993
FILLER_0_36_96, 49.935, 111.52, 1.79993
FILLER_0_36_104, 49.935, 111.52, 1.79993
FILLER_0_37_87, 49.935, 111.52, 1.79993
_0982_, 89.895, 111.52, 1.7999
_1137_, 89.895, 111.52, 1.7999
FILLER_0_36_187, 89.895, 111.52, 1.7999
FILLER_0_37_189, 89.895, 111.52, 1.7999
_0998_, 126.635, 111.52, 1.79989
_1005_, 126.635, 111.52, 1.79989
_1006_, 126.635, 111.52, 1.79989
_1133_, 126.635, 111.52, 1.79989
FILLER_0_36_265, 126.635, 111.52, 1.79989
FILLER_0_37_270, 126.635, 111.52, 1.79989
_0936_, 142.735, 111.52, 1.79988
_0939_, 142.735, 111.52, 1.79988
_0940_, 142.735, 111.52, 1.79988
_0943_, 142.735, 111.52, 1.79988
_0996_, 142.735, 111.52, 1.79988
PHY_EDGE_ROW_34_Left_84, 5.52, 106.08, 1.7999
PHY_EDGE_ROW_35_Left_85, 5.52, 106.08, 1.7999
output8, 5.52, 106.08, 1.7999
PHY_EDGE_ROW_34_Right_34, 154.1, 106.08, 1.79981
PHY_EDGE_ROW_35_Right_35, 154.1, 106.08, 1.79981
FILLER_0_34_317, 154.1, 106.08, 1.79981
FILLER_0_34_29, 17.02, 106.08, 1.7999
FILLER_0_35_31, 17.02, 106.08, 1.7999
FILLER_0_36_29, 17.02, 106.08, 1.7999
_0828_, 60.26, 106.08, 1.79989
_0849_, 60.26, 106.08, 1.79989
_0878_, 60.26, 106.08, 1.79989
FILLER_0_35_106, 60.26, 106.08, 1.79989
FILLER_0_36_119, 60.26, 106.08, 1.79989
_0903_, 111.78, 106.08, 1.79975
_0946_, 111.78, 106.08, 1.79975
_0947_, 111.78, 106.08, 1.79975
_0963_, 111.78, 106.08, 1.79975
_0986_, 111.78, 106.08, 1.79975
_0988_, 111.78, 106.08, 1.79975
_0989_, 111.78, 106.08, 1.79975
FILLER_0_35_240, 111.78, 106.08, 1.79975
_0944_, 142.14, 106.08, 1.79982
FILLER_0_34_300, 142.14, 106.08, 1.79982
FILLER_0_36_294, 142.14, 106.08, 1.79982
_0997_, 147.66, 106.08, 1.79981
FILLER_0_34_309, 147.66, 106.08, 1.79981
FILLER_0_35_315, 147.66, 106.08, 1.79981
_0831_, 36.146, 106.08, 1.79982
_0857_, 36.146, 106.08, 1.79982
_0864_, 36.146, 106.08, 1.79982
clkbuf_2_1__f_clock, 36.146, 106.08, 1.79982
FILLER_0_35_64, 36.146, 106.08, 1.79982
_0845_, 48.203, 106.08, 1.79984
_0861_, 48.203, 106.08, 1.79984
_0865_, 48.203, 106.08, 1.79984
_0869_, 48.203, 106.08, 1.79984
_0874_, 48.203, 106.08, 1.79984
_0590_, 73.61, 106.08, 1.79983
_1060_, 73.61, 106.08, 1.79983
_1110_, 73.61, 106.08, 1.79983
_1111_, 73.61, 106.08, 1.79983
hold9, 73.61, 106.08, 1.79983
hold10, 73.61, 106.08, 1.79983
FILLER_0_35_158, 73.61, 106.08, 1.79983
_0983_, 85.99, 106.08, 1.79977
_0984_, 85.99, 106.08, 1.79977
_0985_, 85.99, 106.08, 1.79977
_1139_, 85.99, 106.08, 1.79977
clkbuf_2_3__f_clock, 85.99, 106.08, 1.79977
FILLER_0_35_172, 85.99, 106.08, 1.79977
_1245_, 123.645, 106.08, 1.79975
_1246_, 123.645, 106.08, 1.79975
_1303_, 123.645, 106.08, 1.79975
_1304_, 123.645, 106.08, 1.79975
FILLER_0_34_253, 123.645, 106.08, 1.79975
PHY_EDGE_ROW_32_Left_82, 5.52, 100.64, 1.79988
PHY_EDGE_ROW_33_Left_83, 5.52, 100.64, 1.79988
output7, 5.52, 100.64, 1.79988
PHY_EDGE_ROW_32_Right_32, 154.1, 100.64, 1.79986
PHY_EDGE_ROW_33_Right_33, 154.1, 100.64, 1.79986
FILLER_0_32_317, 154.1, 100.64, 1.79986
_1204_, 11.5, 100.64, 1.79989
FILLER_0_34_19, 11.5, 100.64, 1.79989
_0824_, 29.44, 100.64, 1.79991
_0862_, 29.44, 100.64, 1.79991
FILLER_0_32_58, 29.44, 100.64, 1.79991
FILLER_0_33_51, 29.44, 100.64, 1.79991
FILLER_0_33_57, 29.44, 100.64, 1.79991
FILLER_0_34_52, 29.44, 100.64, 1.79991
_0882_, 73.14, 100.64, 1.79985
_0885_, 73.14, 100.64, 1.79985
_1212_, 73.14, 100.64, 1.79985
FILLER_0_34_181, 89.7, 100.64, 1.79983
_0829_, 42.32, 100.64, 1.79989
_0830_, 42.32, 100.64, 1.79989
_0863_, 42.32, 100.64, 1.79989
_0866_, 42.32, 100.64, 1.79989
_0899_, 42.32, 100.64, 1.79989
_1120_, 42.32, 100.64, 1.79989
FILLER_0_32_80, 42.32, 100.64, 1.79989
_0844_, 47.84, 100.64, 1.79989
hold15, 47.84, 100.64, 1.79989
_0870_, 53.36, 100.64, 1.7999
_0873_, 53.36, 100.64, 1.7999
_0953_, 90.16, 100.64, 1.79983
_0970_, 90.16, 100.64, 1.79983
_0972_, 90.16, 100.64, 1.79983
_1132_, 128.34, 100.64, 1.79986
_1302_, 128.34, 100.64, 1.79986
FILLER_0_33_273, 128.34, 100.64, 1.79986
_0932_, 137.54, 100.64, 1.79989
_1004_, 137.54, 100.64, 1.79989
FILLER_0_33_293, 137.54, 100.64, 1.79989
_0955_, 81.42, 100.64, 1.79982
_0968_, 81.42, 100.64, 1.79982
_0969_, 81.42, 100.64, 1.79982
_1154_, 81.42, 100.64, 1.79982
_1199_, 81.42, 100.64, 1.79982
FILLER_0_32_167, 81.42, 100.64, 1.79982
_0945_, 108.36, 100.64, 1.79985
_1247_, 108.36, 100.64, 1.79985
FILLER_0_33_218, 108.36, 100.64, 1.79985
_0987_, 118.35, 100.64, 1.79985
_1101_, 118.35, 100.64, 1.79985
FILLER_0_32_249, 118.35, 100.64, 1.79985
FILLER_0_33_249, 118.35, 100.64, 1.79985
FILLER_0_34_249, 118.35, 100.64, 1.79985
_0933_, 145.82, 100.64, 1.79986
_0942_, 145.82, 100.64, 1.79986
_0995_, 145.82, 100.64, 1.79986
FILLER_0_32_309, 145.82, 100.64, 1.79986
PHY_EDGE_ROW_30_Left_80, 5.52, 95.2, 1.7999
PHY_EDGE_ROW_31_Left_81, 5.52, 95.2, 1.7999
output4, 5.52, 95.2, 1.7999
output6, 5.52, 95.2, 1.7999
_1010_, 154.1, 95.2, 1.79983
PHY_EDGE_ROW_30_Right_30, 154.1, 95.2, 1.79983
PHY_EDGE_ROW_31_Right_31, 154.1, 95.2, 1.79983
_0896_, 37.26, 95.2, 1.79989
_1121_, 37.26, 95.2, 1.79989
_1201_, 37.26, 95.2, 1.79989
hold14, 37.26, 95.2, 1.79989
FILLER_0_31_66, 37.26, 95.2, 1.79989
_0898_, 47.38, 95.2, 1.79989
_0826_, 52.9, 95.2, 1.7999
_1102_, 106.26, 95.2, 1.79986
_1305_, 106.26, 95.2, 1.79986
FILLER_0_31_225, 106.26, 95.2, 1.79986
_1013_, 126.04, 95.2, 1.79987
_1014_, 126.04, 95.2, 1.79987
_1012_, 131.56, 95.2, 1.79989
FILLER_0_31_269, 131.56, 95.2, 1.79989
_0893_, 17.02, 95.2, 1.79992
_0894_, 17.02, 95.2, 1.79992
_1143_, 17.02, 95.2, 1.79992
_1144_, 17.02, 95.2, 1.79992
FILLER_0_31_31, 17.02, 95.2, 1.79992
FILLER_0_32_24, 17.02, 95.2, 1.79992
FILLER_0_32_32, 17.02, 95.2, 1.79992
_0872_, 53.82, 95.2, 1.7999
FILLER_0_30_109, 53.82, 95.2, 1.7999
FILLER_0_31_113, 53.82, 95.2, 1.7999
_1308_, 73.61, 95.2, 1.79987
FILLER_0_32_153, 73.61, 95.2, 1.79987
_0954_, 85.99, 95.2, 1.79987
_0956_, 85.99, 95.2, 1.79987
_0957_, 85.99, 95.2, 1.79987
_0966_, 85.99, 95.2, 1.79987
_0974_, 85.99, 95.2, 1.79987
FILLER_0_31_178, 85.99, 95.2, 1.79987
_1097_, 116.15, 95.2, 1.79985
_1099_, 116.15, 95.2, 1.79985
_1100_, 116.15, 95.2, 1.79985
_1193_, 116.15, 95.2, 1.79985
FILLER_0_30_245, 116.15, 95.2, 1.79985
FILLER_0_31_245, 116.15, 95.2, 1.79985
_0931_, 144.805, 95.2, 1.79984
_0941_, 144.805, 95.2, 1.79984
_0994_, 144.805, 95.2, 1.79984
_1001_, 144.805, 95.2, 1.79984
_1011_, 144.805, 95.2, 1.79984
FILLER_0_31_293, 144.805, 95.2, 1.79984
PHY_EDGE_ROW_28_Left_78, 5.52, 89.76, 1.7999
PHY_EDGE_ROW_29_Left_79, 5.52, 89.76, 1.7999
output5, 5.52, 89.76, 1.7999
PHY_EDGE_ROW_28_Right_28, 154.1, 89.76, 1.79991
PHY_EDGE_ROW_29_Right_29, 154.1, 89.76, 1.79991
_0895_, 15.18, 89.76, 1.7999
_1203_, 15.18, 89.76, 1.7999
FILLER_0_30_19, 15.18, 89.76, 1.7999
_0758_, 73.14, 89.76, 1.79989
_1105_, 73.14, 89.76, 1.79989
_1140_, 73.14, 89.76, 1.79989
_1250_, 73.14, 89.76, 1.79989
FILLER_0_28_153, 73.14, 89.76, 1.79989
FILLER_0_30_144, 73.14, 89.76, 1.79989
_1096_, 108.56, 89.76, 1.79989
FILLER_0_29_220, 108.56, 89.76, 1.79989
FILLER_0_29_237, 108.56, 89.76, 1.79989
FILLER_0_30_225, 108.56, 89.76, 1.79989
_1142_, 25.3, 89.76, 1.79993
_1202_, 25.3, 89.76, 1.79993
FILLER_0_28_49, 25.3, 89.76, 1.79993
FILLER_0_29_49, 25.3, 89.76, 1.79993
_0798_, 38.18, 89.76, 1.79991
_0805_, 38.18, 89.76, 1.79991
_1141_, 38.18, 89.76, 1.79991
FILLER_0_28_70, 38.18, 89.76, 1.79991
FILLER_0_29_77, 38.18, 89.76, 1.79991
FILLER_0_30_75, 38.18, 89.76, 1.79991
_0971_, 87.86, 89.76, 1.79988
_1249_, 87.86, 89.76, 1.79988
FILLER_0_30_185, 87.86, 89.76, 1.79988
_0950_, 93.38, 89.76, 1.79989
FILLER_0_28_315, 149.96, 89.76, 1.79991
FILLER_0_30_309, 149.96, 89.76, 1.79991
FILLER_0_30_317, 149.96, 89.76, 1.79991
_0614_, 49.705, 89.76, 1.79992
_0795_, 49.705, 89.76, 1.79992
_0808_, 49.705, 89.76, 1.79992
_0811_, 49.705, 89.76, 1.79992
FILLER_0_28_90, 49.705, 89.76, 1.79992
FILLER_0_28_98, 49.705, 89.76, 1.79992
FILLER_0_29_108, 49.705, 89.76, 1.79992
_0965_, 80.5, 89.76, 1.79989
_0976_, 80.5, 89.76, 1.79989
FILLER_0_28_161, 80.5, 89.76, 1.79989
FILLER_0_30_166, 80.5, 89.76, 1.79989
_1020_, 122.035, 89.76, 1.79989
_1131_, 122.035, 89.76, 1.79989
_1192_, 122.035, 89.76, 1.79989
FILLER_0_28_253, 122.035, 89.76, 1.79989
FILLER_0_28_260, 122.035, 89.76, 1.79989
FILLER_0_29_245, 122.035, 89.76, 1.79989
_0904_, 142.735, 89.76, 1.79991
_0906_, 142.735, 89.76, 1.79991
_1015_, 142.735, 89.76, 1.79991
_1017_, 142.735, 89.76, 1.79991
FILLER_0_29_298, 142.735, 89.76, 1.79991
PHY_EDGE_ROW_26_Left_76, 5.52, 84.32, 1.79986
PHY_EDGE_ROW_27_Left_77, 5.52, 84.32, 1.79986
PHY_EDGE_ROW_26_Right_26, 154.1, 84.32, 1.79987
PHY_EDGE_ROW_27_Right_27, 154.1, 84.32, 1.79987
_1260_, 15.18, 84.32, 1.79986
FILLER_0_27_27, 15.18, 84.32, 1.79986
_0588_, 81.42, 84.32, 1.79974
_0591_, 81.42, 84.32, 1.79974
_1198_, 81.42, 84.32, 1.79974
FILLER_0_27_169, 81.42, 84.32, 1.79974
_0975_, 86.94, 84.32, 1.79976
_1138_, 86.94, 84.32, 1.79976
_0796_, 40.48, 84.32, 1.79983
_0797_, 40.48, 84.32, 1.79983
_0803_, 40.48, 84.32, 1.79983
_0812_, 40.48, 84.32, 1.79983
FILLER_0_26_77, 40.48, 84.32, 1.79983
FILLER_0_27_82, 40.48, 84.32, 1.79983
_0612_, 52.9, 84.32, 1.79983
_0613_, 52.9, 84.32, 1.79983
_0809_, 52.9, 84.32, 1.79983
_1169_, 52.9, 84.32, 1.79983
FILLER_0_27_109, 52.9, 84.32, 1.79983
_0837_, 92.92, 84.32, 1.79978
_0967_, 92.92, 84.32, 1.79978
_1300_, 130.64, 84.32, 1.79983
_1301_, 130.64, 84.32, 1.79983
_1016_, 142.14, 84.32, 1.79987
FILLER_0_28_295, 142.14, 84.32, 1.79987
_0905_, 147.66, 84.32, 1.79987
FILLER_0_26_309, 147.66, 84.32, 1.79987
FILLER_0_27_315, 147.66, 84.32, 1.79987
_0609_, 32.285, 84.32, 1.79983
_0610_, 32.285, 84.32, 1.79983
_0611_, 32.285, 84.32, 1.79983
_0618_, 32.285, 84.32, 1.79983
_0799_, 32.285, 84.32, 1.79983
_0804_, 32.285, 84.32, 1.79983
FILLER_0_26_53, 32.285, 84.32, 1.79983
FILLER_0_29_57, 32.285, 84.32, 1.79983
_0887_, 71.325, 84.32, 1.79978
_1207_, 71.325, 84.32, 1.79978
_1098_, 109.126, 84.32, 1.79979
_1299_, 109.126, 84.32, 1.79979
FILLER_0_27_218, 109.126, 84.32, 1.79979
FILLER_0_28_230, 109.126, 84.32, 1.79979
_1039_, 119.883, 84.32, 1.79979
_1190_, 119.883, 84.32, 1.79979
FILLER_0_28_245, 119.883, 84.32, 1.79979
PHY_EDGE_ROW_24_Left_74, 5.52, 78.88, 1.79984
PHY_EDGE_ROW_25_Left_75, 5.52, 78.88, 1.79984
FILLER_0_25_3, 5.52, 78.88, 1.79984
PHY_EDGE_ROW_24_Right_24, 154.1, 78.88, 1.79992
PHY_EDGE_ROW_25_Right_25, 154.1, 78.88, 1.79992
_1261_, 9.66, 78.88, 1.79984
_1007_, 141.22, 78.88, 1.79992
_1027_, 141.22, 78.88, 1.79992
_0605_, 47.84, 78.88, 1.79981
_0671_, 47.84, 78.88, 1.79981
_0813_, 47.84, 78.88, 1.79981
_1136_, 47.84, 78.88, 1.79981
_1259_, 47.84, 78.88, 1.79981
FILLER_0_24_80, 47.84, 78.88, 1.79981
FILLER_0_24_91, 47.84, 78.88, 1.79981
FILLER_0_25_98, 47.84, 78.88, 1.79981
_0960_, 111.78, 78.88, 1.79986
_1036_, 111.78, 78.88, 1.79986
_1040_, 111.78, 78.88, 1.79986
_1241_, 111.78, 78.88, 1.79986
FILLER_0_25_241, 111.78, 78.88, 1.79986
FILLER_0_26_300, 144.44, 78.88, 1.79992
FILLER_0_26_317, 149.96, 78.88, 1.79992
_0801_, 16.875, 78.88, 1.79985
_1171_, 16.875, 78.88, 1.79985
FILLER_0_24_18, 16.875, 78.88, 1.79985
_0608_, 35.965, 78.88, 1.79983
_0800_, 35.965, 78.88, 1.79983
FILLER_0_25_64, 35.965, 78.88, 1.79983
FILLER_0_26_69, 35.965, 78.88, 1.79983
_0819_, 73.61, 78.88, 1.79982
_0889_, 73.61, 78.88, 1.79982
_1146_, 73.61, 78.88, 1.79982
_1148_, 73.61, 78.88, 1.79982
_1206_, 73.61, 78.88, 1.79982
_0592_, 85.99, 78.88, 1.79984
_0681_, 85.99, 78.88, 1.79984
_1145_, 85.99, 78.88, 1.79984
FILLER_0_25_164, 85.99, 78.88, 1.79984
FILLER_0_25_169, 85.99, 78.88, 1.79984
FILLER_0_25_175, 85.99, 78.88, 1.79984
_0912_, 123.645, 78.88, 1.79987
_0913_, 123.645, 78.88, 1.79987
_1030_, 123.645, 78.88, 1.79987
_1031_, 123.645, 78.88, 1.79987
_1129_, 123.645, 78.88, 1.79987
_1130_, 123.645, 78.88, 1.79987
_1191_, 123.645, 78.88, 1.79987
FILLER_0_25_250, 123.645, 78.88, 1.79987
PHY_EDGE_ROW_22_Left_72, 5.52, 73.44, 1.79981
PHY_EDGE_ROW_23_Left_73, 5.52, 73.44, 1.79981
PHY_EDGE_ROW_22_Right_22, 154.1, 73.44, 1.79991
PHY_EDGE_ROW_23_Right_23, 154.1, 73.44, 1.79991
_0802_, 9.66, 73.44, 1.79981
_1262_, 9.66, 73.44, 1.79981
FILLER_0_23_15, 9.66, 73.44, 1.79981
_1069_, 22.54, 73.44, 1.79984
_1280_, 22.54, 73.44, 1.79984
_0604_, 34.5, 73.44, 1.79979
_0616_, 34.5, 73.44, 1.79979
_1068_, 34.5, 73.44, 1.79979
_1221_, 34.5, 73.44, 1.79979
_1279_, 34.5, 73.44, 1.79979
FILLER_0_22_64, 34.5, 73.44, 1.79979
_1033_, 116.38, 73.44, 1.79987
_1037_, 116.38, 73.44, 1.79987
_1038_, 116.38, 73.44, 1.79987
_1024_, 121.9, 73.44, 1.79987
FILLER_0_23_259, 121.9, 73.44, 1.79987
FILLER_0_22_304, 144.44, 73.44, 1.79991
FILLER_0_24_301, 144.44, 73.44, 1.79991
FILLER_0_22_317, 149.96, 73.44, 1.79991
FILLER_0_24_309, 149.96, 73.44, 1.79991
FILLER_0_24_317, 149.96, 73.44, 1.79991
_1220_, 47.865, 73.44, 1.79978
_1278_, 47.865, 73.44, 1.79978
FILLER_0_23_81, 47.865, 73.44, 1.79978
_0686_, 73.61, 73.44, 1.79984
_0815_, 73.61, 73.44, 1.79984
_0888_, 73.61, 73.44, 1.79984
_0890_, 73.61, 73.44, 1.79984
_0891_, 73.61, 73.44, 1.79984
fanout11, 73.61, 73.44, 1.79984
fanout12, 73.61, 73.44, 1.79984
FILLER_0_23_156, 73.61, 73.44, 1.79984
FILLER_0_24_150, 73.61, 73.44, 1.79984
_0593_, 85.99, 73.44, 1.79985
_0692_, 85.99, 73.44, 1.79985
_0721_, 85.99, 73.44, 1.79985
_1084_, 85.99, 73.44, 1.79985
FILLER_0_23_169, 85.99, 73.44, 1.79985
FILLER_0_24_182, 85.99, 73.44, 1.79985
_1034_, 107.375, 73.44, 1.79988
_1035_, 107.375, 73.44, 1.79988
_1041_, 107.375, 73.44, 1.79988
_1044_, 107.375, 73.44, 1.79988
_1048_, 107.375, 73.44, 1.79988
_1049_, 107.375, 73.44, 1.79988
FILLER_0_24_217, 107.375, 73.44, 1.79988
FILLER_0_24_223, 107.375, 73.44, 1.79988
_0914_, 128.705, 73.44, 1.79989
_1025_, 128.705, 73.44, 1.79989
_1026_, 128.705, 73.44, 1.79989
_1029_, 128.705, 73.44, 1.79989
FILLER_0_22_275, 128.705, 73.44, 1.79989
FILLER_0_24_267, 128.705, 73.44, 1.79989
PHY_EDGE_ROW_20_Left_70, 5.52, 68, 1.79983
PHY_EDGE_ROW_21_Left_71, 5.52, 68, 1.79983
input1, 5.52, 68, 1.79983
FILLER_0_22_3, 5.52, 68, 1.79983
PHY_EDGE_ROW_20_Right_20, 154.1, 68, 1.79991
PHY_EDGE_ROW_21_Right_21, 154.1, 68, 1.79991
FILLER_0_20_317, 154.1, 68, 1.79991
FILLER_0_21_317, 154.1, 68, 1.79991
_0794_, 9.66, 68, 1.79983
_0793_, 15.18, 68, 1.79983
_1070_, 15.18, 68, 1.79983
_1172_, 15.18, 68, 1.79983
FILLER_0_21_17, 15.18, 68, 1.79983
FILLER_0_22_29, 15.18, 68, 1.79983
_0774_, 47.38, 68, 1.79976
_0790_, 47.38, 68, 1.79976
_0791_, 47.38, 68, 1.79976
_1067_, 47.38, 68, 1.79976
FILLER_0_22_81, 47.38, 68, 1.79976
FILLER_0_22_85, 47.38, 68, 1.79976
_1205_, 80.5, 68, 1.79971
_1233_, 80.5, 68, 1.79971
_1291_, 80.5, 68, 1.79971
FILLER_0_21_159, 80.5, 68, 1.79971
FILLER_0_23_163, 80.5, 68, 1.79971
_0917_, 137.08, 68, 1.79991
_0907_, 111.78, 68, 1.79981
_0908_, 111.78, 68, 1.79981
_1032_, 111.78, 68, 1.79981
FILLER_0_22_227, 111.78, 68, 1.79981
_0909_, 119.6, 68, 1.79982
_0922_, 119.6, 68, 1.79982
_1042_, 119.6, 68, 1.79982
FILLER_0_22_249, 119.6, 68, 1.79982
FILLER_0_22_309, 148.58, 68, 1.79991
_0619_, 35.735, 68, 1.79976
_0620_, 35.735, 68, 1.79976
_0782_, 35.735, 68, 1.79976
_0783_, 35.735, 68, 1.79976
_0784_, 35.735, 68, 1.79976
_0789_, 35.735, 68, 1.79976
_0792_, 35.735, 68, 1.79976
FILLER_0_20_65, 35.735, 68, 1.79976
FILLER_0_21_64, 35.735, 68, 1.79976
_0683_, 54.305, 68, 1.79976
_1258_, 54.305, 68, 1.79976
_1272_, 54.305, 68, 1.79976
FILLER_0_21_100, 54.305, 68, 1.79976
FILLER_0_21_113, 54.305, 68, 1.79976
_0629_, 70.865, 68, 1.79971
_1063_, 70.865, 68, 1.79971
_1234_, 70.865, 68, 1.79971
_1292_, 70.865, 68, 1.79971
FILLER_0_20_141, 70.865, 68, 1.79971
FILLER_0_21_135, 70.865, 68, 1.79971
_1080_, 89.435, 68, 1.79976
_1090_, 89.435, 68, 1.79976
_0911_, 127.555, 68, 1.79986
_0918_, 127.555, 68, 1.79986
_0928_, 127.555, 68, 1.79986
FILLER_0_20_267, 127.555, 68, 1.79986
FILLER_0_21_262, 127.555, 68, 1.79986
PHY_EDGE_ROW_18_Left_68, 5.52, 62.56, 1.79981
PHY_EDGE_ROW_19_Left_69, 5.52, 62.56, 1.79981
PHY_EDGE_ROW_18_Right_18, 154.1, 62.56, 1.79991
PHY_EDGE_ROW_19_Right_19, 154.1, 62.56, 1.79991
FILLER_0_18_317, 154.1, 62.56, 1.79991
FILLER_0_19_317, 154.1, 62.56, 1.79991
_0733_, 51.98, 62.56, 1.79982
_0775_, 51.98, 62.56, 1.79982
_0776_, 51.98, 62.56, 1.79982
_1124_, 51.98, 62.56, 1.79982
_1167_, 51.98, 62.56, 1.79982
FILLER_0_19_100, 51.98, 62.56, 1.79982
_0717_, 57.5, 62.56, 1.79984
_0676_, 80.5, 62.56, 1.79975
_0713_, 80.5, 62.56, 1.79975
_0715_, 80.5, 62.56, 1.79975
FILLER_0_19_158, 80.5, 62.56, 1.79975
_0927_, 124.66, 62.56, 1.79982
_1022_, 124.66, 62.56, 1.79982
_1023_, 124.66, 62.56, 1.79982
_1043_, 124.66, 62.56, 1.79982
_1047_, 124.66, 62.56, 1.79982
FILLER_0_18_249, 124.66, 62.56, 1.79982
FILLER_0_19_246, 124.66, 62.56, 1.79982
_0930_, 130.18, 62.56, 1.79986
_1021_, 130.18, 62.56, 1.79986
FILLER_0_19_272, 130.18, 62.56, 1.79986
_0788_, 9.66, 62.56, 1.79981
_1263_, 9.66, 62.56, 1.79981
FILLER_0_19_31, 17.02, 62.56, 1.79983
FILLER_0_20_29, 17.02, 62.56, 1.79983
_0628_, 64.4, 62.56, 1.79983
_0716_, 64.4, 62.56, 1.79983
FILLER_0_19_134, 64.4, 62.56, 1.79983
_0910_, 111.78, 62.56, 1.79981
_1050_, 111.78, 62.56, 1.79981
_1051_, 111.78, 62.56, 1.79981
_1125_, 111.78, 62.56, 1.79981
_1126_, 111.78, 62.56, 1.79981
_1127_, 111.78, 62.56, 1.79981
FILLER_0_18_235, 111.78, 62.56, 1.79981
FILLER_0_18_241, 111.78, 62.56, 1.79981
FILLER_0_19_218, 111.78, 62.56, 1.79981
FILLER_0_19_237, 111.78, 62.56, 1.79981
FILLER_0_20_304, 143.06, 62.56, 1.79991
FILLER_0_20_309, 148.58, 62.56, 1.79991
_0603_, 33.386, 62.56, 1.79977
_0621_, 33.386, 62.56, 1.79977
clkbuf_2_0__f_clock, 33.386, 62.56, 1.79977
FILLER_0_18_60, 33.386, 62.56, 1.79977
FILLER_0_19_57, 33.386, 62.56, 1.79977
FILLER_0_20_51, 33.386, 62.56, 1.79977
_0622_, 42.683, 62.56, 1.79979
_0672_, 42.683, 62.56, 1.79979
_0786_, 42.683, 62.56, 1.79979
FILLER_0_20_76, 42.683, 62.56, 1.79979
_0649_, 72.45, 62.56, 1.79977
_0703_, 72.45, 62.56, 1.79977
_0708_, 72.45, 62.56, 1.79977
_0709_, 72.45, 62.56, 1.79977
_0714_, 72.45, 62.56, 1.79977
_0701_, 89.435, 62.56, 1.79974
_1085_, 89.435, 62.56, 1.79974
_1232_, 89.435, 62.56, 1.79974
clkbuf_2_2__f_clock, 89.435, 62.56, 1.79974
FILLER_0_19_182, 89.435, 62.56, 1.79974
FILLER_0_20_174, 89.435, 62.56, 1.79974
FILLER_0_20_189, 89.435, 62.56, 1.79974
PHY_EDGE_ROW_16_Left_66, 5.52, 57.12, 1.79983
PHY_EDGE_ROW_17_Left_67, 5.52, 57.12, 1.79983
FILLER_0_18_3, 5.52, 57.12, 1.79983
PHY_EDGE_ROW_16_Right_16, 154.1, 57.12, 1.79996
PHY_EDGE_ROW_17_Right_17, 154.1, 57.12, 1.79996
FILLER_0_16_317, 154.1, 57.12, 1.79996
FILLER_0_17_317, 154.1, 57.12, 1.79996
FILLER_0_18_301, 143.06, 57.12, 1.79996
_1264_, 9.66, 57.12, 1.79983
FILLER_0_17_15, 9.66, 57.12, 1.79983
_0779_, 19.78, 57.12, 1.79985
_0787_, 19.78, 57.12, 1.79985
_1173_, 19.78, 57.12, 1.79985
_0627_, 37.72, 57.12, 1.79982
_0785_, 37.72, 57.12, 1.79982
_0781_, 43.24, 57.12, 1.79984
FILLER_0_16_85, 43.24, 57.12, 1.79984
FILLER_0_17_88, 43.24, 57.12, 1.79984
FILLER_0_18_85, 43.24, 57.12, 1.79984
FILLER_0_16_149, 72.22, 57.12, 1.79988
FILLER_0_18_141, 72.22, 57.12, 1.79988
_0630_, 77.74, 57.12, 1.79987
_0633_, 77.74, 57.12, 1.79987
_0635_, 77.74, 57.12, 1.79987
FILLER_0_17_163, 77.74, 57.12, 1.79987
_0923_, 125.12, 57.12, 1.79993
_1055_, 125.12, 57.12, 1.79993
FILLER_0_17_248, 125.12, 57.12, 1.79993
FILLER_0_18_309, 148.58, 57.12, 1.79996
_0602_, 30.905, 57.12, 1.79984
_0623_, 30.905, 57.12, 1.79984
_0712_, 52.235, 57.12, 1.79987
_0777_, 52.235, 57.12, 1.79987
_0778_, 52.235, 57.12, 1.79987
FILLER_0_17_99, 52.235, 57.12, 1.79987
_0677_, 88.055, 57.12, 1.79988
_0702_, 88.055, 57.12, 1.79988
_0710_, 88.055, 57.12, 1.79988
_1083_, 88.055, 57.12, 1.79988
_1290_, 88.055, 57.12, 1.79988
FILLER_0_16_177, 88.055, 57.12, 1.79988
FILLER_0_17_182, 88.055, 57.12, 1.79988
FILLER_0_18_179, 88.055, 57.12, 1.79988
_1056_, 111.745, 57.12, 1.79991
_1058_, 111.745, 57.12, 1.79991
_1187_, 111.745, 57.12, 1.79991
FILLER_0_16_235, 111.745, 57.12, 1.79991
FILLER_0_18_221, 111.745, 57.12, 1.79991
FILLER_0_18_227, 111.745, 57.12, 1.79991
PHY_EDGE_ROW_14_Left_64, 5.52, 51.68, 1.79988
PHY_EDGE_ROW_15_Left_65, 5.52, 51.68, 1.79988
FILLER_0_16_3, 5.52, 51.68, 1.79988
PHY_EDGE_ROW_14_Right_14, 154.1, 51.68, 1.79993
PHY_EDGE_ROW_15_Right_15, 154.1, 51.68, 1.79993
FILLER_0_14_317, 154.1, 51.68, 1.79993
FILLER_0_15_317, 154.1, 51.68, 1.79993
_0780_, 15.18, 51.68, 1.79988
_1174_, 15.18, 51.68, 1.79988
FILLER_0_15_25, 15.18, 51.68, 1.79988
_1072_, 21.62, 51.68, 1.79988
_0599_, 27.14, 51.68, 1.79986
_1225_, 27.14, 51.68, 1.79986
_0600_, 40.48, 51.68, 1.79979
_0626_, 40.48, 51.68, 1.79979
_0766_, 40.48, 51.68, 1.79979
FILLER_0_15_102, 56.12, 51.68, 1.79983
FILLER_0_16_107, 56.12, 51.68, 1.79983
FILLER_0_16_305, 143.98, 51.68, 1.79993
_0711_, 60.26, 51.68, 1.79985
_1183_, 60.26, 51.68, 1.79985
FILLER_0_14_116, 60.26, 51.68, 1.79985
_0718_, 92.46, 51.68, 1.79985
_1089_, 92.46, 51.68, 1.79985
_0919_, 117.3, 51.68, 1.79987
_0925_, 117.3, 51.68, 1.79987
FILLER_0_16_309, 148.58, 51.68, 1.79993
_0624_, 48.3, 51.68, 1.79979
_0625_, 48.3, 51.68, 1.79979
_0765_, 48.3, 51.68, 1.79979
_0767_, 48.3, 51.68, 1.79979
_0768_, 48.3, 51.68, 1.79979
_0773_, 48.3, 51.68, 1.79979
FILLER_0_14_88, 48.3, 51.68, 1.79979
_0632_, 71.64, 51.68, 1.79982
_0636_, 71.64, 51.68, 1.79982
_0648_, 71.64, 51.68, 1.79982
_0651_, 71.64, 51.68, 1.79982
_0707_, 71.64, 51.68, 1.79982
FILLER_0_15_155, 71.64, 51.68, 1.79982
FILLER_0_16_141, 71.64, 51.68, 1.79982
_0634_, 82.05, 51.68, 1.79982
_0675_, 82.05, 51.68, 1.79982
_0723_, 82.05, 51.68, 1.79982
_0724_, 82.05, 51.68, 1.79982
_1271_, 82.05, 51.68, 1.79982
FILLER_0_15_169, 82.05, 51.68, 1.79982
FILLER_0_16_165, 82.05, 51.68, 1.79982
_0696_, 107.605, 51.68, 1.79987
_0958_, 107.605, 51.68, 1.79987
_1053_, 107.605, 51.68, 1.79987
FILLER_0_14_223, 107.605, 51.68, 1.79987
FILLER_0_15_221, 107.605, 51.68, 1.79987
_0920_, 124.2, 51.68, 1.79987
_0926_, 124.2, 51.68, 1.79987
_1054_, 124.2, 51.68, 1.79987
FILLER_0_14_260, 124.2, 51.68, 1.79987
FILLER_0_15_256, 124.2, 51.68, 1.79987
PHY_EDGE_ROW_12_Left_62, 5.52, 46.24, 1.79986
PHY_EDGE_ROW_13_Left_63, 5.52, 46.24, 1.79986
FILLER_0_13_3, 5.52, 46.24, 1.79986
PHY_EDGE_ROW_12_Right_12, 154.1, 46.24, 1.79993
PHY_EDGE_ROW_13_Right_13, 154.1, 46.24, 1.79993
FILLER_0_12_317, 154.1, 46.24, 1.79993
FILLER_0_13_317, 154.1, 46.24, 1.79993
_1265_, 9.66, 46.24, 1.79986
_1226_, 30.82, 46.24, 1.79986
_1284_, 30.82, 46.24, 1.79986
FILLER_0_14_53, 30.82, 46.24, 1.79986
_0764_, 51.98, 46.24, 1.79986
_0769_, 51.98, 46.24, 1.79986
_0770_, 51.98, 46.24, 1.79986
FILLER_0_13_106, 51.98, 46.24, 1.79986
_1076_, 57.5, 46.24, 1.79987
_0722_, 80.04, 46.24, 1.79987
FILLER_0_12_168, 80.04, 46.24, 1.79987
FILLER_0_13_158, 80.04, 46.24, 1.79987
FILLER_0_13_169, 80.04, 46.24, 1.79987
FILLER_0_14_162, 80.04, 46.24, 1.79987
_0680_, 117.76, 46.24, 1.79989
_0684_, 117.76, 46.24, 1.79989
FILLER_0_13_252, 117.76, 46.24, 1.79989
FILLER_0_14_248, 117.76, 46.24, 1.79989
_0650_, 69.92, 46.24, 1.79986
_0657_, 69.92, 46.24, 1.79986
_0728_, 69.92, 46.24, 1.79986
FILLER_0_12_133, 69.92, 46.24, 1.79986
FILLER_0_14_137, 69.92, 46.24, 1.79986
_0719_, 75.44, 46.24, 1.79986
_0720_, 75.44, 46.24, 1.79986
_0732_, 75.44, 46.24, 1.79986
FILLER_0_12_187, 91.08, 46.24, 1.7999
_1181_, 96.6, 46.24, 1.79991
_0661_, 102.12, 46.24, 1.79991
_0678_, 102.12, 46.24, 1.79991
_0698_, 102.12, 46.24, 1.79991
FILLER_0_12_209, 102.12, 46.24, 1.79991
FILLER_0_13_216, 102.12, 46.24, 1.79991
FILLER_0_14_309, 148.58, 46.24, 1.79993
_1175_, 16.875, 46.24, 1.79988
_0596_, 41.4, 46.24, 1.79985
_0597_, 41.4, 46.24, 1.79985
_0598_, 41.4, 46.24, 1.79985
FILLER_0_12_75, 41.4, 46.24, 1.79985
FILLER_0_12_85, 41.4, 46.24, 1.79985
_0679_, 109.94, 46.24, 1.7999
_0689_, 109.94, 46.24, 1.7999
_0693_, 109.94, 46.24, 1.7999
FILLER_0_12_228, 109.94, 46.24, 1.7999
FILLER_0_13_225, 109.94, 46.24, 1.7999
_0662_, 126.635, 46.24, 1.79989
_0670_, 126.635, 46.24, 1.79989
_0690_, 126.635, 46.24, 1.79989
_0691_, 126.635, 46.24, 1.79989
_0921_, 126.635, 46.24, 1.79989
PHY_EDGE_ROW_10_Left_60, 5.52, 40.8, 1.7999
PHY_EDGE_ROW_11_Left_61, 5.52, 40.8, 1.7999
PHY_EDGE_ROW_10_Right_10, 154.1, 40.8, 1.79992
PHY_EDGE_ROW_11_Right_11, 154.1, 40.8, 1.79992
FILLER_0_10_317, 154.1, 40.8, 1.79992
FILLER_0_11_317, 154.1, 40.8, 1.79992
_0772_, 15.18, 40.8, 1.7999
FILLER_0_12_15, 15.18, 40.8, 1.7999
_0631_, 73.14, 40.8, 1.79983
_0730_, 73.14, 40.8, 1.79983
_0731_, 73.14, 40.8, 1.79983
FILLER_0_10_135, 73.14, 40.8, 1.79983
FILLER_0_12_149, 73.14, 40.8, 1.79983
_0663_, 132.48, 40.8, 1.7999
_0666_, 132.48, 40.8, 1.7999
_0669_, 132.48, 40.8, 1.7999
FILLER_0_11_274, 132.48, 40.8, 1.7999
FILLER_0_12_301, 143.52, 40.8, 1.79992
_0763_, 20.7, 40.8, 1.7999
_1176_, 20.7, 40.8, 1.7999
FILLER_0_12_29, 20.7, 40.8, 1.7999
_1285_, 26.22, 40.8, 1.79989
FILLER_0_11_51, 26.22, 40.8, 1.79989
FILLER_0_11_57, 26.22, 40.8, 1.79989
FILLER_0_12_309, 148.58, 40.8, 1.79992
_0641_, 37.89, 40.8, 1.79985
_0642_, 37.89, 40.8, 1.79985
_0757_, 37.89, 40.8, 1.79985
_0760_, 37.89, 40.8, 1.79985
_0761_, 37.89, 40.8, 1.79985
_1075_, 37.89, 40.8, 1.79985
FILLER_0_10_74, 37.89, 40.8, 1.79985
FILLER_0_11_66, 37.89, 40.8, 1.79985
_0673_, 49.56, 40.8, 1.79985
_0736_, 49.56, 40.8, 1.79985
_0749_, 49.56, 40.8, 1.79985
_0753_, 49.56, 40.8, 1.79985
_0759_, 49.56, 40.8, 1.79985
FILLER_0_11_91, 49.56, 40.8, 1.79985
FILLER_0_11_105, 49.56, 40.8, 1.79985
_1180_, 85.755, 40.8, 1.79982
_1231_, 85.755, 40.8, 1.79982
_1289_, 85.755, 40.8, 1.79982
_0595_, 109.74, 40.8, 1.79982
_1237_, 109.74, 40.8, 1.79982
_1295_, 109.74, 40.8, 1.79982
FILLER_0_10_221, 109.74, 40.8, 1.79982
_0665_, 121.11, 40.8, 1.79984
_0667_, 121.11, 40.8, 1.79984
_0924_, 121.11, 40.8, 1.79984
FILLER_0_10_249, 121.11, 40.8, 1.79984
FILLER_0_10_253, 121.11, 40.8, 1.79984
FILLER_0_11_256, 121.11, 40.8, 1.79984
FILLER_0_12_253, 121.11, 40.8, 1.79984
PHY_EDGE_ROW_8_Left_58, 5.52, 35.36, 1.7999
PHY_EDGE_ROW_9_Left_59, 5.52, 35.36, 1.7999
PHY_EDGE_ROW_8_Right_8, 154.1, 35.36, 1.79995
PHY_EDGE_ROW_9_Right_9, 154.1, 35.36, 1.79995
FILLER_0_8_317, 154.1, 35.36, 1.79995
FILLER_0_9_317, 154.1, 35.36, 1.79995
_1266_, 15.18, 35.36, 1.7999
FILLER_0_9_15, 15.18, 35.36, 1.7999
_0762_, 21.62, 35.36, 1.79992
_1227_, 27.14, 35.36, 1.79991
FILLER_0_8_53, 27.14, 35.36, 1.79991
FILLER_0_9_45, 27.14, 35.36, 1.79991
FILLER_0_9_53, 27.14, 35.36, 1.79991
_0594_, 124.66, 35.36, 1.79991
_0664_, 124.66, 35.36, 1.79991
_0668_, 124.66, 35.36, 1.79991
FILLER_0_9_246, 124.66, 35.36, 1.79991
FILLER_0_10_261, 124.66, 35.36, 1.79991
_0644_, 47.84, 35.36, 1.79987
_0653_, 47.84, 35.36, 1.79987
_0750_, 47.84, 35.36, 1.79987
_0751_, 47.84, 35.36, 1.79987
FILLER_0_8_92, 47.84, 35.36, 1.79987
FILLER_0_10_93, 47.84, 35.36, 1.79987
_0646_, 53.36, 35.36, 1.79987
_0752_, 53.36, 35.36, 1.79987
FILLER_0_8_104, 53.36, 35.36, 1.79987
FILLER_0_10_111, 53.36, 35.36, 1.79987
FILLER_0_10_309, 148.58, 35.36, 1.79995
_0640_, 37.49, 35.36, 1.79988
_0754_, 37.49, 35.36, 1.79988
FILLER_0_9_69, 37.49, 35.36, 1.79988
_0674_, 73.61, 35.36, 1.79985
_0725_, 73.61, 35.36, 1.79985
_0726_, 73.61, 35.36, 1.79985
_0727_, 73.61, 35.36, 1.79985
_0740_, 73.61, 35.36, 1.79985
_0741_, 73.61, 35.36, 1.79985
_1270_, 73.61, 35.36, 1.79985
FILLER_0_9_148, 73.61, 35.36, 1.79985
_1081_, 85.99, 35.36, 1.79985
_1082_, 85.99, 35.36, 1.79985
_1288_, 85.99, 35.36, 1.79985
FILLER_0_9_163, 85.99, 35.36, 1.79985
FILLER_0_9_169, 85.99, 35.36, 1.79985
FILLER_0_10_176, 85.99, 35.36, 1.79985
_0687_, 111.515, 35.36, 1.7999
_1236_, 111.515, 35.36, 1.7999
PHY_EDGE_ROW_6_Left_56, 5.52, 29.92, 1.79994
PHY_EDGE_ROW_7_Left_57, 5.52, 29.92, 1.79994
PHY_EDGE_ROW_6_Right_6, 154.1, 29.92, 1.79996
PHY_EDGE_ROW_7_Right_7, 154.1, 29.92, 1.79996
FILLER_0_6_317, 154.1, 29.92, 1.79996
FILLER_0_7_317, 154.1, 29.92, 1.79996
FILLER_0_8_73, 40.48, 29.92, 1.79988
FILLER_0_8_81, 40.48, 29.92, 1.79988
_0695_, 104.88, 29.92, 1.79987
_1275_, 104.88, 29.92, 1.79987
_1294_, 104.88, 29.92, 1.79987
FILLER_0_7_217, 104.88, 29.92, 1.79987
FILLER_0_8_209, 104.88, 29.92, 1.79987
FILLER_0_9_216, 104.88, 29.92, 1.79987
FILLER_0_7_51, 26.22, 29.92, 1.79993
_0755_, 34.5, 29.92, 1.79988
_0756_, 34.5, 29.92, 1.79988
_1177_, 34.5, 29.92, 1.79988
_1286_, 34.5, 29.92, 1.79988
_0744_, 61.64, 29.92, 1.79989
FILLER_0_8_122, 61.64, 29.92, 1.79989
_0654_, 67.16, 29.92, 1.79987
_0656_, 67.16, 29.92, 1.79987
_0743_, 67.16, 29.92, 1.79987
_0652_, 72.68, 29.92, 1.79986
_0655_, 72.68, 29.92, 1.79986
_0734_, 72.68, 29.92, 1.79986
_0738_, 72.68, 29.92, 1.79986
FILLER_0_7_152, 72.68, 29.92, 1.79986
FILLER_0_8_301, 143.06, 29.92, 1.79996
FILLER_0_8_309, 148.58, 29.92, 1.79996
_0645_, 50.855, 29.92, 1.79986
_0737_, 50.855, 29.92, 1.79986
_1228_, 50.855, 29.92, 1.79986
_0742_, 85.525, 29.92, 1.79987
_1230_, 85.525, 29.92, 1.79987
FILLER_0_7_165, 85.525, 29.92, 1.79987
FILLER_0_7_169, 85.525, 29.92, 1.79987
FILLER_0_8_167, 85.525, 29.92, 1.79987
_0688_, 114.77, 29.92, 1.79988
_0694_, 114.77, 29.92, 1.79988
_1276_, 114.77, 29.92, 1.79988
FILLER_0_8_246, 114.77, 29.92, 1.79988
PHY_EDGE_ROW_4_Left_54, 5.52, 24.48, 1.79996
PHY_EDGE_ROW_5_Left_55, 5.52, 24.48, 1.79996
PHY_EDGE_ROW_4_Right_4, 154.1, 24.48, 1.79999
PHY_EDGE_ROW_5_Right_5, 154.1, 24.48, 1.79999
FILLER_0_4_317, 154.1, 24.48, 1.79999
FILLER_0_5_317, 154.1, 24.48, 1.79999
_1267_, 27.14, 24.48, 1.79995
FILLER_0_5_51, 27.14, 24.48, 1.79995
FILLER_0_6_92, 47.38, 24.48, 1.79993
_1268_, 52.9, 24.48, 1.79992
FILLER_0_5_105, 52.9, 24.48, 1.79992
_1178_, 58.42, 24.48, 1.79993
FILLER_0_5_116, 58.42, 24.48, 1.79993
_0639_, 63.94, 24.48, 1.79993
FILLER_0_5_126, 63.94, 24.48, 1.79993
FILLER_0_5_134, 63.94, 24.48, 1.79993
FILLER_0_6_129, 63.94, 24.48, 1.79993
_0637_, 73.14, 24.48, 1.7999
_0735_, 73.14, 24.48, 1.7999
_0739_, 73.14, 24.48, 1.7999
FILLER_0_5_144, 73.14, 24.48, 1.7999
FILLER_0_6_156, 78.66, 24.48, 1.79991
FILLER_0_7_159, 78.66, 24.48, 1.79991
_1179_, 89.7, 24.48, 1.79994
_1184_, 98.9, 24.48, 1.79997
FILLER_0_5_217, 104.42, 24.48, 1.79997
FILLER_0_6_222, 109.94, 24.48, 1.79998
FILLER_0_5_273, 130.18, 24.48, 1.79999
_0643_, 45.54, 24.48, 1.79993
_1269_, 79.12, 24.48, 1.79991
FILLER_0_6_186, 91.54, 24.48, 1.79995
FILLER_0_7_188, 91.54, 24.48, 1.79995
_0700_, 97.06, 24.48, 1.79996
_1185_, 111.78, 24.48, 1.79998
FILLER_0_6_234, 111.78, 24.48, 1.79998
_1186_, 117.3, 24.48, 1.79998
FILLER_0_6_246, 117.3, 24.48, 1.79998
FILLER_0_6_301, 143.06, 24.48, 1.79999
FILLER_0_6_309, 148.58, 24.48, 1.79999
PHY_EDGE_ROW_2_Left_52, 5.52, 19.04, 1.8
PHY_EDGE_ROW_3_Left_53, 5.52, 19.04, 1.8
PHY_EDGE_ROW_2_Right_2, 154.1, 19.04, 1.8
PHY_EDGE_ROW_3_Right_3, 154.1, 19.04, 1.8
FILLER_0_2_317, 154.1, 19.04, 1.8
FILLER_0_3_317, 154.1, 19.04, 1.8
FILLER_0_3_51, 27.14, 19.04, 1.8
FILLER_0_3_105, 52.9, 19.04, 1.8
FILLER_0_3_161, 78.66, 19.04, 1.8
FILLER_0_3_217, 104.42, 19.04, 1.8
FILLER_0_3_273, 130.18, 19.04, 1.8
FILLER_0_4_77, 40.02, 19.04, 1.8
FILLER_0_4_133, 65.78, 19.04, 1.8
FILLER_0_4_189, 91.54, 19.04, 1.8
FILLER_0_4_245, 117.3, 19.04, 1.8
FILLER_0_4_301, 143.06, 19.04, 1.8
FILLER_0_4_309, 148.58, 19.04, 1.8
PHY_EDGE_ROW_0_Left_50, 5.52, 13.6, 1.8
PHY_EDGE_ROW_1_Left_51, 5.52, 13.6, 1.8
PHY_EDGE_ROW_0_Right_0, 154.1, 13.6, 1.8
PHY_EDGE_ROW_1_Right_1, 154.1, 13.6, 1.8
FILLER_0_0_317, 154.1, 13.6, 1.8
FILLER_0_1_317, 154.1, 13.6, 1.8
FILLER_0_0_53, 27.14, 13.6, 1.8
FILLER_0_1_51, 27.14, 13.6, 1.8
FILLER_0_0_81, 40.02, 13.6, 1.8
FILLER_0_2_77, 40.02, 13.6, 1.8
FILLER_0_0_109, 52.9, 13.6, 1.8
FILLER_0_1_105, 52.9, 13.6, 1.8
FILLER_0_0_137, 65.78, 13.6, 1.8
FILLER_0_2_133, 65.78, 13.6, 1.8
FILLER_0_0_165, 78.66, 13.6, 1.8
FILLER_0_1_161, 78.66, 13.6, 1.8
FILLER_0_0_193, 91.54, 13.6, 1.8
FILLER_0_2_189, 91.54, 13.6, 1.8
FILLER_0_0_221, 104.42, 13.6, 1.8
FILLER_0_1_217, 104.42, 13.6, 1.8
FILLER_0_0_249, 117.3, 13.6, 1.8
FILLER_0_2_245, 117.3, 13.6, 1.8
FILLER_0_1_273, 130.18, 13.6, 1.8
FILLER_0_0_305, 143.06, 13.6, 1.8
FILLER_0_2_301, 143.06, 13.6, 1.8
FILLER_0_0_309, 148.58, 13.6, 1.8
FILLER_0_2_309, 148.58, 13.6, 1.8

