
===========================================================================
 report_power
============================================================================
======================= Fastest Corner ===================================

Group                  Internal  Switching    Leakage      Total
                          Power      Power      Power      Power (Watts)
----------------------------------------------------------------
Sequential             4.43e-04   2.38e-04   3.38e-07   6.82e-04  24.1%
Combinational          9.77e-04   1.17e-03   6.85e-09   2.14e-03  75.9%
Macro                  0.00e+00   0.00e+00   0.00e+00   0.00e+00   0.0%
Pad                    0.00e+00   0.00e+00   0.00e+00   0.00e+00   0.0%
----------------------------------------------------------------
Total                  1.42e-03   1.40e-03   3.45e-07   2.82e-03 100.0%
                          50.3%      49.7%       0.0%

======================= Slowest Corner ===================================

Group                  Internal  Switching    Leakage      Total
                          Power      Power      Power      Power (Watts)
----------------------------------------------------------------
Sequential             3.00e-04   1.55e-04   1.48e-06   4.56e-04  23.5%
Combinational          7.08e-04   7.70e-04   3.25e-06   1.48e-03  76.5%
Macro                  0.00e+00   0.00e+00   0.00e+00   0.00e+00   0.0%
Pad                    0.00e+00   0.00e+00   0.00e+00   0.00e+00   0.0%
----------------------------------------------------------------
Total                  1.01e-03   9.24e-04   4.73e-06   1.94e-03 100.0%
                          52.0%      47.7%       0.2%

======================= Typical Corner ===================================

Group                  Internal  Switching    Leakage      Total
                          Power      Power      Power      Power (Watts)
----------------------------------------------------------------
Sequential             3.82e-04   1.99e-04   3.38e-07   5.82e-04  23.9%
Combinational          8.71e-04   9.85e-04   4.42e-09   1.86e-03  76.1%
Macro                  0.00e+00   0.00e+00   0.00e+00   0.00e+00   0.0%
Pad                    0.00e+00   0.00e+00   0.00e+00   0.00e+00   0.0%
----------------------------------------------------------------
Total                  1.25e-03   1.18e-03   3.42e-07   2.44e-03 100.0%
                          51.4%      48.6%       0.0%

