
===========================================================================
 report_power
============================================================================
======================= Fastest Corner ===================================

Group                  Internal  Switching    Leakage      Total
                          Power      Power      Power      Power (Watts)
----------------------------------------------------------------
Sequential             2.64e-04   6.37e-06   4.13e-08   2.71e-04  50.4%
Combinational          2.94e-05   4.54e-05   4.41e-09   7.49e-05  14.0%
Clock                  1.00e-04   9.12e-05   2.26e-09   1.91e-04  35.6%
Macro                  0.00e+00   0.00e+00   0.00e+00   0.00e+00   0.0%
Pad                    0.00e+00   0.00e+00   0.00e+00   0.00e+00   0.0%
----------------------------------------------------------------
Total                  3.94e-04   1.43e-04   4.79e-08   5.37e-04 100.0%
                          73.4%      26.6%       0.0%

======================= Slowest Corner ===================================

Group                  Internal  Switching    Leakage      Total
                          Power      Power      Power      Power (Watts)
----------------------------------------------------------------
Sequential             1.71e-04   4.10e-06   1.04e-06   1.77e-04  48.8%
Combinational          2.14e-05   2.98e-05   2.95e-06   5.42e-05  15.0%
Clock                  7.24e-05   5.87e-05   9.70e-08   1.31e-04  36.2%
Macro                  0.00e+00   0.00e+00   0.00e+00   0.00e+00   0.0%
Pad                    0.00e+00   0.00e+00   0.00e+00   0.00e+00   0.0%
----------------------------------------------------------------
Total                  2.65e-04   9.26e-05   4.08e-06   3.62e-04 100.0%
                          73.3%      25.6%       1.1%

======================= Typical Corner ===================================

Group                  Internal  Switching    Leakage      Total
                          Power      Power      Power      Power (Watts)
----------------------------------------------------------------
Sequential             2.24e-04   5.30e-06   4.09e-08   2.30e-04  50.2%
Combinational          2.63e-05   3.83e-05   2.30e-09   6.46e-05  14.1%
Clock                  8.72e-05   7.62e-05   2.01e-09   1.63e-04  35.7%
Macro                  0.00e+00   0.00e+00   0.00e+00   0.00e+00   0.0%
Pad                    0.00e+00   0.00e+00   0.00e+00   0.00e+00   0.0%
----------------------------------------------------------------
Total                  3.38e-04   1.20e-04   4.52e-08   4.58e-04 100.0%
                          73.8%      26.2%       0.0%

