
===========================================================================
report_checks -unconstrained
===========================================================================
======================= Fastest Corner ===================================

Startpoint: reset_i (input port clocked by clock)
Endpoint: _1098_ (recovery check against rising-edge clock clock)
Path Group: asynchronous
Path Type: max
Corner: Fastest

Fanout     Cap    Slew   Delay    Time   Description
-----------------------------------------------------------------------------
                  0.15    0.00    0.00   clock clock (rise edge)
                          0.00    0.00   clock network delay (ideal)
                          2.00    2.00 v input external delay
     1    0.00    0.00    0.00    2.00 v reset_i (in)
                                         reset_i (net)
                  0.00    0.00    2.00 v input33/A (sky130_fd_sc_hd__dlymetal6s2s_1)
     4    0.02    0.09    0.14    2.14 v input33/X (sky130_fd_sc_hd__dlymetal6s2s_1)
                                         net33 (net)
                  0.09    0.00    2.14 v _1032_/A (sky130_fd_sc_hd__buf_4)
    10    0.06    0.07    0.16    2.30 v _1032_/X (sky130_fd_sc_hd__buf_4)
                                         _0533_ (net)
                  0.07    0.01    2.31 v _1033_/A (sky130_fd_sc_hd__buf_4)
    10    0.07    0.07    0.16    2.47 v _1033_/X (sky130_fd_sc_hd__buf_4)
                                         _0534_ (net)
                  0.07    0.01    2.47 v _1035_/A (sky130_fd_sc_hd__inv_2)
     1    0.00    0.03    0.05    2.52 ^ _1035_/Y (sky130_fd_sc_hd__inv_2)
                                         _0002_ (net)
                  0.03    0.00    2.52 ^ _1098_/RESET_B (sky130_fd_sc_hd__dfrtp_4)
                                  2.52   data arrival time

                  0.15   10.00   10.00   clock clock (rise edge)
                          0.00   10.00   clock network delay (ideal)
                         -0.25    9.75   clock uncertainty
                          0.00    9.75   clock reconvergence pessimism
                                  9.75 ^ _1098_/CLK (sky130_fd_sc_hd__dfrtp_4)
                          0.15    9.90   library recovery time
                                  9.90   data required time
-----------------------------------------------------------------------------
                                  9.90   data required time
                                 -2.52   data arrival time
-----------------------------------------------------------------------------
                                  7.38   slack (MET)


Startpoint: ram_data_i[3] (input port clocked by clock)
Endpoint: _1133_ (rising edge-triggered flip-flop clocked by clock)
Path Group: clock
Path Type: max
Corner: Fastest

Fanout     Cap    Slew   Delay    Time   Description
-----------------------------------------------------------------------------
                  0.15    0.00    0.00   clock clock (rise edge)
                          0.00    0.00   clock network delay (ideal)
                          2.00    2.00 v input external delay
     1    0.01    0.01    0.01    2.01 v ram_data_i[3] (in)
                                         ram_data_i[3] (net)
                  0.01    0.00    2.01 v input26/A (sky130_fd_sc_hd__buf_8)
     7    0.03    0.03    0.08    2.09 v input26/X (sky130_fd_sc_hd__buf_8)
                                         net26 (net)
                  0.03    0.00    2.09 v _0572_/A (sky130_fd_sc_hd__or4_4)
     5    0.01    0.07    0.35    2.44 v _0572_/X (sky130_fd_sc_hd__or4_4)
                                         _0121_ (net)
                  0.07    0.00    2.44 v _0576_/A (sky130_fd_sc_hd__or4_4)
     6    0.02    0.07    0.37    2.82 v _0576_/X (sky130_fd_sc_hd__or4_4)
                                         _0125_ (net)
                  0.07    0.00    2.82 v _0578_/C (sky130_fd_sc_hd__or4_4)
     7    0.02    0.08    0.35    3.16 v _0578_/X (sky130_fd_sc_hd__or4_4)
                                         _0127_ (net)
                  0.08    0.00    3.17 v _0580_/C (sky130_fd_sc_hd__or4_4)
     5    0.02    0.08    0.34    3.51 v _0580_/X (sky130_fd_sc_hd__or4_4)
                                         _0129_ (net)
                  0.08    0.00    3.51 v _0582_/C (sky130_fd_sc_hd__or4_4)
     4    0.01    0.07    0.33    3.85 v _0582_/X (sky130_fd_sc_hd__or4_4)
                                         _0131_ (net)
                  0.07    0.00    3.85 v _0583_/C (sky130_fd_sc_hd__or3_4)
     4    0.01    0.05    0.23    4.07 v _0583_/X (sky130_fd_sc_hd__or3_4)
                                         _0132_ (net)
                  0.05    0.00    4.08 v _0584_/C (sky130_fd_sc_hd__or3_4)
     4    0.01    0.05    0.22    4.30 v _0584_/X (sky130_fd_sc_hd__or3_4)
                                         _0133_ (net)
                  0.05    0.00    4.30 v _0585_/C (sky130_fd_sc_hd__or3_4)
     6    0.02    0.07    0.24    4.54 v _0585_/X (sky130_fd_sc_hd__or3_4)
                                         _0134_ (net)
                  0.07    0.00    4.54 v _0586_/D (sky130_fd_sc_hd__or4_4)
     2    0.01    0.07    0.28    4.82 v _0586_/X (sky130_fd_sc_hd__or4_4)
                                         _0135_ (net)
                  0.07    0.00    4.83 v _0587_/B (sky130_fd_sc_hd__xnor2_2)
     1    0.00    0.04    0.09    4.92 v _0587_/Y (sky130_fd_sc_hd__xnor2_2)
                                         _0136_ (net)
                  0.04    0.00    4.92 v _0715_/A2 (sky130_fd_sc_hd__o22a_1)
     1    0.00    0.03    0.12    5.04 v _0715_/X (sky130_fd_sc_hd__o22a_1)
                                         _0264_ (net)
                  0.03    0.00    5.04 v _0718_/A2 (sky130_fd_sc_hd__a21oi_1)
     1    0.00    0.08    0.10    5.15 ^ _0718_/Y (sky130_fd_sc_hd__a21oi_1)
                                         _0086_ (net)
                  0.08    0.00    5.15 ^ _1133_/D (sky130_fd_sc_hd__dfrtp_4)
                                  5.15   data arrival time

                  0.15   10.00   10.00   clock clock (rise edge)
                          0.00   10.00   clock network delay (ideal)
                         -0.25    9.75   clock uncertainty
                          0.00    9.75   clock reconvergence pessimism
                                  9.75 ^ _1133_/CLK (sky130_fd_sc_hd__dfrtp_4)
                         -0.04    9.71   library setup time
                                  9.71   data required time
-----------------------------------------------------------------------------
                                  9.71   data required time
                                 -5.15   data arrival time
-----------------------------------------------------------------------------
                                  4.57   slack (MET)



======================= Slowest Corner ===================================

Startpoint: reset_i (input port clocked by clock)
Endpoint: _1098_ (recovery check against rising-edge clock clock)
Path Group: asynchronous
Path Type: max
Corner: Slowest

Fanout     Cap    Slew   Delay    Time   Description
-----------------------------------------------------------------------------
                  0.15    0.00    0.00   clock clock (rise edge)
                          0.00    0.00   clock network delay (ideal)
                          2.00    2.00 v input external delay
     1    0.00    0.02    0.01    2.01 v reset_i (in)
                                         reset_i (net)
                  0.02    0.00    2.01 v input33/A (sky130_fd_sc_hd__dlymetal6s2s_1)
     4    0.02    0.24    0.42    2.43 v input33/X (sky130_fd_sc_hd__dlymetal6s2s_1)
                                         net33 (net)
                  0.24    0.00    2.43 v _1032_/A (sky130_fd_sc_hd__buf_4)
    10    0.06    0.16    0.46    2.89 v _1032_/X (sky130_fd_sc_hd__buf_4)
                                         _0533_ (net)
                  0.16    0.01    2.90 v _1033_/A (sky130_fd_sc_hd__buf_4)
    10    0.07    0.17    0.42    3.32 v _1033_/X (sky130_fd_sc_hd__buf_4)
                                         _0534_ (net)
                  0.17    0.01    3.32 v _1035_/A (sky130_fd_sc_hd__inv_2)
     1    0.00    0.06    0.11    3.44 ^ _1035_/Y (sky130_fd_sc_hd__inv_2)
                                         _0002_ (net)
                  0.06    0.00    3.44 ^ _1098_/RESET_B (sky130_fd_sc_hd__dfrtp_4)
                                  3.44   data arrival time

                  0.15   10.00   10.00   clock clock (rise edge)
                          0.00   10.00   clock network delay (ideal)
                         -0.25    9.75   clock uncertainty
                          0.00    9.75   clock reconvergence pessimism
                                  9.75 ^ _1098_/CLK (sky130_fd_sc_hd__dfrtp_4)
                          0.48   10.23   library recovery time
                                 10.23   data required time
-----------------------------------------------------------------------------
                                 10.23   data required time
                                 -3.44   data arrival time
-----------------------------------------------------------------------------
                                  6.79   slack (MET)


Startpoint: ram_data_i[3] (input port clocked by clock)
Endpoint: _1133_ (rising edge-triggered flip-flop clocked by clock)
Path Group: clock
Path Type: max
Corner: Slowest

Fanout     Cap    Slew   Delay    Time   Description
-----------------------------------------------------------------------------
                  0.15    0.00    0.00   clock clock (rise edge)
                          0.00    0.00   clock network delay (ideal)
                          2.00    2.00 v input external delay
     1    0.01    0.04    0.02    2.02 v ram_data_i[3] (in)
                                         ram_data_i[3] (net)
                  0.04    0.00    2.02 v input26/A (sky130_fd_sc_hd__buf_8)
     7    0.03    0.06    0.23    2.25 v input26/X (sky130_fd_sc_hd__buf_8)
                                         net26 (net)
                  0.06    0.00    2.25 v _0572_/A (sky130_fd_sc_hd__or4_4)
     5    0.01    0.19    1.16    3.41 v _0572_/X (sky130_fd_sc_hd__or4_4)
                                         _0121_ (net)
                  0.19    0.00    3.41 v _0576_/A (sky130_fd_sc_hd__or4_4)
     6    0.02    0.20    1.23    4.64 v _0576_/X (sky130_fd_sc_hd__or4_4)
                                         _0125_ (net)
                  0.20    0.00    4.64 v _0578_/C (sky130_fd_sc_hd__or4_4)
     7    0.02    0.22    1.16    5.80 v _0578_/X (sky130_fd_sc_hd__or4_4)
                                         _0127_ (net)
                  0.22    0.00    5.81 v _0580_/C (sky130_fd_sc_hd__or4_4)
     5    0.02    0.21    1.15    6.96 v _0580_/X (sky130_fd_sc_hd__or4_4)
                                         _0129_ (net)
                  0.21    0.00    6.96 v _0582_/C (sky130_fd_sc_hd__or4_4)
     4    0.01    0.19    1.12    8.08 v _0582_/X (sky130_fd_sc_hd__or4_4)
                                         _0131_ (net)
                  0.19    0.00    8.08 v _0583_/C (sky130_fd_sc_hd__or3_4)
     4    0.01    0.14    0.76    8.84 v _0583_/X (sky130_fd_sc_hd__or3_4)
                                         _0132_ (net)
                  0.14    0.00    8.84 v _0584_/C (sky130_fd_sc_hd__or3_4)
     4    0.01    0.14    0.74    9.58 v _0584_/X (sky130_fd_sc_hd__or3_4)
                                         _0133_ (net)
                  0.14    0.00    9.58 v _0585_/C (sky130_fd_sc_hd__or3_4)
     6    0.02    0.18    0.81   10.39 v _0585_/X (sky130_fd_sc_hd__or3_4)
                                         _0134_ (net)
                  0.18    0.00   10.39 v _0586_/D (sky130_fd_sc_hd__or4_4)
     2    0.01    0.18    0.97   11.36 v _0586_/X (sky130_fd_sc_hd__or4_4)
                                         _0135_ (net)
                  0.18    0.00   11.36 v _0587_/B (sky130_fd_sc_hd__xnor2_2)
     1    0.00    0.10    0.28   11.64 v _0587_/Y (sky130_fd_sc_hd__xnor2_2)
                                         _0136_ (net)
                  0.10    0.00   11.64 v _0715_/A2 (sky130_fd_sc_hd__o22a_1)
     1    0.00    0.09    0.39   12.03 v _0715_/X (sky130_fd_sc_hd__o22a_1)
                                         _0264_ (net)
                  0.09    0.00   12.04 v _0718_/A2 (sky130_fd_sc_hd__a21oi_1)
     1    0.00    0.17    0.25   12.29 ^ _0718_/Y (sky130_fd_sc_hd__a21oi_1)
                                         _0086_ (net)
                  0.17    0.00   12.29 ^ _1133_/D (sky130_fd_sc_hd__dfrtp_4)
                                 12.29   data arrival time

                  0.15   10.00   10.00   clock clock (rise edge)
                          0.00   10.00   clock network delay (ideal)
                         -0.25    9.75   clock uncertainty
                          0.00    9.75   clock reconvergence pessimism
                                  9.75 ^ _1133_/CLK (sky130_fd_sc_hd__dfrtp_4)
                         -0.15    9.60   library setup time
                                  9.60   data required time
-----------------------------------------------------------------------------
                                  9.60   data required time
                                -12.29   data arrival time
-----------------------------------------------------------------------------
                                 -2.69   slack (VIOLATED)



======================= Typical Corner ===================================

Startpoint: reset_i (input port clocked by clock)
Endpoint: _1098_ (recovery check against rising-edge clock clock)
Path Group: asynchronous
Path Type: max
Corner: Typical

Fanout     Cap    Slew   Delay    Time   Description
-----------------------------------------------------------------------------
                  0.15    0.00    0.00   clock clock (rise edge)
                          0.00    0.00   clock network delay (ideal)
                          2.00    2.00 v input external delay
     1    0.00    0.01    0.00    2.00 v reset_i (in)
                                         reset_i (net)
                  0.01    0.00    2.00 v input33/A (sky130_fd_sc_hd__dlymetal6s2s_1)
     4    0.02    0.12    0.21    2.21 v input33/X (sky130_fd_sc_hd__dlymetal6s2s_1)
                                         net33 (net)
                  0.12    0.00    2.21 v _1032_/A (sky130_fd_sc_hd__buf_4)
    10    0.06    0.09    0.24    2.46 v _1032_/X (sky130_fd_sc_hd__buf_4)
                                         _0533_ (net)
                  0.09    0.01    2.46 v _1033_/A (sky130_fd_sc_hd__buf_4)
    10    0.07    0.09    0.23    2.69 v _1033_/X (sky130_fd_sc_hd__buf_4)
                                         _0534_ (net)
                  0.09    0.01    2.70 v _1035_/A (sky130_fd_sc_hd__inv_2)
     1    0.00    0.04    0.07    2.76 ^ _1035_/Y (sky130_fd_sc_hd__inv_2)
                                         _0002_ (net)
                  0.04    0.00    2.76 ^ _1098_/RESET_B (sky130_fd_sc_hd__dfrtp_4)
                                  2.76   data arrival time

                  0.15   10.00   10.00   clock clock (rise edge)
                          0.00   10.00   clock network delay (ideal)
                         -0.25    9.75   clock uncertainty
                          0.00    9.75   clock reconvergence pessimism
                                  9.75 ^ _1098_/CLK (sky130_fd_sc_hd__dfrtp_4)
                          0.25   10.00   library recovery time
                                 10.00   data required time
-----------------------------------------------------------------------------
                                 10.00   data required time
                                 -2.76   data arrival time
-----------------------------------------------------------------------------
                                  7.24   slack (MET)


Startpoint: ram_data_i[3] (input port clocked by clock)
Endpoint: _1133_ (rising edge-triggered flip-flop clocked by clock)
Path Group: clock
Path Type: max
Corner: Typical

Fanout     Cap    Slew   Delay    Time   Description
-----------------------------------------------------------------------------
                  0.15    0.00    0.00   clock clock (rise edge)
                          0.00    0.00   clock network delay (ideal)
                          2.00    2.00 v input external delay
     1    0.01    0.02    0.01    2.01 v ram_data_i[3] (in)
                                         ram_data_i[3] (net)
                  0.02    0.00    2.01 v input26/A (sky130_fd_sc_hd__buf_8)
     7    0.03    0.04    0.12    2.14 v input26/X (sky130_fd_sc_hd__buf_8)
                                         net26 (net)
                  0.04    0.00    2.14 v _0572_/A (sky130_fd_sc_hd__or4_4)
     5    0.01    0.10    0.59    2.72 v _0572_/X (sky130_fd_sc_hd__or4_4)
                                         _0121_ (net)
                  0.10    0.00    2.72 v _0576_/A (sky130_fd_sc_hd__or4_4)
     6    0.02    0.11    0.62    3.35 v _0576_/X (sky130_fd_sc_hd__or4_4)
                                         _0125_ (net)
                  0.11    0.00    3.35 v _0578_/C (sky130_fd_sc_hd__or4_4)
     7    0.02    0.12    0.58    3.93 v _0578_/X (sky130_fd_sc_hd__or4_4)
                                         _0127_ (net)
                  0.12    0.00    3.93 v _0580_/C (sky130_fd_sc_hd__or4_4)
     5    0.02    0.11    0.57    4.50 v _0580_/X (sky130_fd_sc_hd__or4_4)
                                         _0129_ (net)
                  0.11    0.00    4.50 v _0582_/C (sky130_fd_sc_hd__or4_4)
     4    0.01    0.10    0.56    5.06 v _0582_/X (sky130_fd_sc_hd__or4_4)
                                         _0131_ (net)
                  0.10    0.00    5.06 v _0583_/C (sky130_fd_sc_hd__or3_4)
     4    0.01    0.08    0.38    5.44 v _0583_/X (sky130_fd_sc_hd__or3_4)
                                         _0132_ (net)
                  0.08    0.00    5.44 v _0584_/C (sky130_fd_sc_hd__or3_4)
     4    0.01    0.08    0.37    5.81 v _0584_/X (sky130_fd_sc_hd__or3_4)
                                         _0133_ (net)
                  0.08    0.00    5.82 v _0585_/C (sky130_fd_sc_hd__or3_4)
     6    0.02    0.10    0.40    6.22 v _0585_/X (sky130_fd_sc_hd__or3_4)
                                         _0134_ (net)
                  0.10    0.00    6.22 v _0586_/D (sky130_fd_sc_hd__or4_4)
     2    0.01    0.10    0.48    6.70 v _0586_/X (sky130_fd_sc_hd__or4_4)
                                         _0135_ (net)
                  0.10    0.00    6.70 v _0587_/B (sky130_fd_sc_hd__xnor2_2)
     1    0.00    0.06    0.15    6.85 v _0587_/Y (sky130_fd_sc_hd__xnor2_2)
                                         _0136_ (net)
                  0.06    0.00    6.85 v _0715_/A2 (sky130_fd_sc_hd__o22a_1)
     1    0.00    0.05    0.21    7.05 v _0715_/X (sky130_fd_sc_hd__o22a_1)
                                         _0264_ (net)
                  0.05    0.00    7.05 v _0718_/A2 (sky130_fd_sc_hd__a21oi_1)
     1    0.00    0.11    0.15    7.20 ^ _0718_/Y (sky130_fd_sc_hd__a21oi_1)
                                         _0086_ (net)
                  0.11    0.00    7.20 ^ _1133_/D (sky130_fd_sc_hd__dfrtp_4)
                                  7.20   data arrival time

                  0.15   10.00   10.00   clock clock (rise edge)
                          0.00   10.00   clock network delay (ideal)
                         -0.25    9.75   clock uncertainty
                          0.00    9.75   clock reconvergence pessimism
                                  9.75 ^ _1133_/CLK (sky130_fd_sc_hd__dfrtp_4)
                         -0.06    9.69   library setup time
                                  9.69   data required time
-----------------------------------------------------------------------------
                                  9.69   data required time
                                 -7.20   data arrival time
-----------------------------------------------------------------------------
                                  2.49   slack (MET)




===========================================================================
report_checks --slack_max -0.01
============================================================================
======================= Fastest Corner ===================================

No paths found.

======================= Slowest Corner ===================================

Startpoint: ram_data_i[3] (input port clocked by clock)
Endpoint: _1133_ (rising edge-triggered flip-flop clocked by clock)
Path Group: clock
Path Type: max
Corner: Slowest

Fanout     Cap    Slew   Delay    Time   Description
-----------------------------------------------------------------------------
                  0.15    0.00    0.00   clock clock (rise edge)
                          0.00    0.00   clock network delay (ideal)
                          2.00    2.00 v input external delay
     1    0.01    0.04    0.02    2.02 v ram_data_i[3] (in)
                                         ram_data_i[3] (net)
                  0.04    0.00    2.02 v input26/A (sky130_fd_sc_hd__buf_8)
     7    0.03    0.06    0.23    2.25 v input26/X (sky130_fd_sc_hd__buf_8)
                                         net26 (net)
                  0.06    0.00    2.25 v _0572_/A (sky130_fd_sc_hd__or4_4)
     5    0.01    0.19    1.16    3.41 v _0572_/X (sky130_fd_sc_hd__or4_4)
                                         _0121_ (net)
                  0.19    0.00    3.41 v _0576_/A (sky130_fd_sc_hd__or4_4)
     6    0.02    0.20    1.23    4.64 v _0576_/X (sky130_fd_sc_hd__or4_4)
                                         _0125_ (net)
                  0.20    0.00    4.64 v _0578_/C (sky130_fd_sc_hd__or4_4)
     7    0.02    0.22    1.16    5.80 v _0578_/X (sky130_fd_sc_hd__or4_4)
                                         _0127_ (net)
                  0.22    0.00    5.81 v _0580_/C (sky130_fd_sc_hd__or4_4)
     5    0.02    0.21    1.15    6.96 v _0580_/X (sky130_fd_sc_hd__or4_4)
                                         _0129_ (net)
                  0.21    0.00    6.96 v _0582_/C (sky130_fd_sc_hd__or4_4)
     4    0.01    0.19    1.12    8.08 v _0582_/X (sky130_fd_sc_hd__or4_4)
                                         _0131_ (net)
                  0.19    0.00    8.08 v _0583_/C (sky130_fd_sc_hd__or3_4)
     4    0.01    0.14    0.76    8.84 v _0583_/X (sky130_fd_sc_hd__or3_4)
                                         _0132_ (net)
                  0.14    0.00    8.84 v _0584_/C (sky130_fd_sc_hd__or3_4)
     4    0.01    0.14    0.74    9.58 v _0584_/X (sky130_fd_sc_hd__or3_4)
                                         _0133_ (net)
                  0.14    0.00    9.58 v _0585_/C (sky130_fd_sc_hd__or3_4)
     6    0.02    0.18    0.81   10.39 v _0585_/X (sky130_fd_sc_hd__or3_4)
                                         _0134_ (net)
                  0.18    0.00   10.39 v _0586_/D (sky130_fd_sc_hd__or4_4)
     2    0.01    0.18    0.97   11.36 v _0586_/X (sky130_fd_sc_hd__or4_4)
                                         _0135_ (net)
                  0.18    0.00   11.36 v _0587_/B (sky130_fd_sc_hd__xnor2_2)
     1    0.00    0.10    0.28   11.64 v _0587_/Y (sky130_fd_sc_hd__xnor2_2)
                                         _0136_ (net)
                  0.10    0.00   11.64 v _0715_/A2 (sky130_fd_sc_hd__o22a_1)
     1    0.00    0.09    0.39   12.03 v _0715_/X (sky130_fd_sc_hd__o22a_1)
                                         _0264_ (net)
                  0.09    0.00   12.04 v _0718_/A2 (sky130_fd_sc_hd__a21oi_1)
     1    0.00    0.17    0.25   12.29 ^ _0718_/Y (sky130_fd_sc_hd__a21oi_1)
                                         _0086_ (net)
                  0.17    0.00   12.29 ^ _1133_/D (sky130_fd_sc_hd__dfrtp_4)
                                 12.29   data arrival time

                  0.15   10.00   10.00   clock clock (rise edge)
                          0.00   10.00   clock network delay (ideal)
                         -0.25    9.75   clock uncertainty
                          0.00    9.75   clock reconvergence pessimism
                                  9.75 ^ _1133_/CLK (sky130_fd_sc_hd__dfrtp_4)
                         -0.15    9.60   library setup time
                                  9.60   data required time
-----------------------------------------------------------------------------
                                  9.60   data required time
                                -12.29   data arrival time
-----------------------------------------------------------------------------
                                 -2.69   slack (VIOLATED)



======================= Typical Corner ===================================

No paths found.


===========================================================================
 report_check_types -max_slew -max_cap -max_fanout -violators
============================================================================
======================= Fastest Corner ===================================


max slew violations count Fastest: 0
max fanout violations count Fastest: 0
max cap violations count Fastest: 0
======================= Slowest Corner ===================================


max slew violations count Slowest: 0
max fanout violations count Slowest: 0
max cap violations count Slowest: 0
======================= Typical Corner ===================================


max slew violations count Typical: 0
max fanout violations count Typical: 0
max cap violations count Typical: 0

===========================================================================
report_parasitic_annotation -report_unannotated
============================================================================
Found 0 unannotated drivers.
Found 0 partially unannotated drivers.

===========================================================================
max slew violation count 0
max fanout violation count 0
max cap violation count 0
============================================================================

===========================================================================
check_setup -verbose -unconstrained_endpoints -multiple_clock -no_clock -no_input_delay -loops -generated_clocks
===========================================================================
Warning: There are 3 unclocked register/latch pins.
  _1143_/CLK
  _1144_/CLK
  _1145_/CLK
Warning: There are 3 unconstrained endpoints.
  _1143_/D
  _1144_/D
  _1145_/D
