
===========================================================================
 report_power
============================================================================
======================= Fastest Corner ===================================

Group                  Internal  Switching    Leakage      Total
                          Power      Power      Power      Power (Watts)
----------------------------------------------------------------
Sequential             2.64e-04   6.70e-06   4.13e-08   2.71e-04  49.4%
Combinational          2.95e-05   4.83e-05   4.41e-09   7.79e-05  14.2%
Clock                  1.00e-04   9.97e-05   2.26e-09   2.00e-04  36.4%
Macro                  0.00e+00   0.00e+00   0.00e+00   0.00e+00   0.0%
Pad                    0.00e+00   0.00e+00   0.00e+00   0.00e+00   0.0%
----------------------------------------------------------------
Total                  3.94e-04   1.55e-04   4.79e-08   5.49e-04 100.0%
                          71.8%      28.2%       0.0%

======================= Slowest Corner ===================================

Group                  Internal  Switching    Leakage      Total
                          Power      Power      Power      Power (Watts)
----------------------------------------------------------------
Sequential             1.71e-04   4.32e-06   1.04e-06   1.77e-04  47.8%
Combinational          2.14e-05   3.17e-05   2.95e-06   5.61e-05  15.2%
Clock                  7.26e-05   6.44e-05   9.70e-08   1.37e-04  37.0%
Macro                  0.00e+00   0.00e+00   0.00e+00   0.00e+00   0.0%
Pad                    0.00e+00   0.00e+00   0.00e+00   0.00e+00   0.0%
----------------------------------------------------------------
Total                  2.65e-04   1.00e-04   4.08e-06   3.70e-04 100.0%
                          71.7%      27.2%       1.1%

======================= Typical Corner ===================================

Group                  Internal  Switching    Leakage      Total
                          Power      Power      Power      Power (Watts)
----------------------------------------------------------------
Sequential             2.24e-04   5.58e-06   4.09e-08   2.30e-04  49.1%
Combinational          2.63e-05   4.08e-05   2.30e-09   6.71e-05  14.3%
Clock                  8.75e-05   8.35e-05   2.01e-09   1.71e-04  36.5%
Macro                  0.00e+00   0.00e+00   0.00e+00   0.00e+00   0.0%
Pad                    0.00e+00   0.00e+00   0.00e+00   0.00e+00   0.0%
----------------------------------------------------------------
Total                  3.38e-04   1.30e-04   4.52e-08   4.68e-04 100.0%
                          72.2%      27.7%       0.0%

