
===========================================================================
 report_power
============================================================================
======================= Fastest Corner ===================================

Group                  Internal  Switching    Leakage      Total
                          Power      Power      Power      Power (Watts)
----------------------------------------------------------------
Sequential             4.44e-04   2.32e-04   3.38e-07   6.76e-04  24.2%
Combinational          9.77e-04   1.14e-03   6.85e-09   2.12e-03  75.8%
Macro                  0.00e+00   0.00e+00   0.00e+00   0.00e+00   0.0%
Pad                    0.00e+00   0.00e+00   0.00e+00   0.00e+00   0.0%
----------------------------------------------------------------
Total                  1.42e-03   1.37e-03   3.45e-07   2.79e-03 100.0%
                          50.9%      49.1%       0.0%

======================= Slowest Corner ===================================

Group                  Internal  Switching    Leakage      Total
                          Power      Power      Power      Power (Watts)
----------------------------------------------------------------
Sequential             3.00e-04   1.50e-04   1.48e-06   4.52e-04  23.6%
Combinational          7.08e-04   7.52e-04   3.25e-06   1.46e-03  76.4%
Macro                  0.00e+00   0.00e+00   0.00e+00   0.00e+00   0.0%
Pad                    0.00e+00   0.00e+00   0.00e+00   0.00e+00   0.0%
----------------------------------------------------------------
Total                  1.01e-03   9.02e-04   4.73e-06   1.91e-03 100.0%
                          52.6%      47.1%       0.2%

======================= Typical Corner ===================================

Group                  Internal  Switching    Leakage      Total
                          Power      Power      Power      Power (Watts)
----------------------------------------------------------------
Sequential             3.82e-04   1.94e-04   3.38e-07   5.76e-04  23.9%
Combinational          8.71e-04   9.62e-04   4.42e-09   1.83e-03  76.1%
Macro                  0.00e+00   0.00e+00   0.00e+00   0.00e+00   0.0%
Pad                    0.00e+00   0.00e+00   0.00e+00   0.00e+00   0.0%
----------------------------------------------------------------
Total                  1.25e-03   1.16e-03   3.42e-07   2.41e-03 100.0%
                          52.0%      48.0%       0.0%

