Instance name, X location, Y location, Voltage
FILLER_0_49_277, 135.51, 144.16, 1.8
FILLER_0_35_277, 135.51, 106.08, 1.79999
_0979_, 135.51, 100.64, 1.79999
FILLER_0_31_275, 135.51, 95.2, 1.79997
hold23, 135.51, 84.32, 1.79999
hold28, 135.51, 57.12, 1.79999
FILLER_0_0_277, 135.51, 13.6, 1.8
output40, 98.37, 144.16, 1.8
FILLER_0_42_201, 98.37, 127.84, 1.79998
_1004_, 98.37, 122.4, 1.79999
_0986_, 98.37, 116.96, 1.79999
_1005_, 98.37, 116.96, 1.79999
_1009_, 98.37, 116.96, 1.79999
FILLER_0_39_205, 98.37, 116.96, 1.79999
FILLER_0_40_197, 98.37, 116.96, 1.79999
_1007_, 98.37, 111.52, 1.79999
FILLER_0_38_197, 98.37, 111.52, 1.79999
_0950_, 98.37, 106.08, 1.79998
_0952_, 98.37, 106.08, 1.79998
_1025_, 98.37, 106.08, 1.79998
FILLER_0_35_196, 98.37, 106.08, 1.79998
FILLER_0_36_193, 98.37, 106.08, 1.79998
FILLER_0_36_197, 98.37, 106.08, 1.79998
_0951_, 98.37, 100.64, 1.79998
_1026_, 98.37, 100.64, 1.79998
_1075_, 98.37, 100.64, 1.79998
hold27, 98.37, 100.64, 1.79998
FILLER_0_33_202, 98.37, 100.64, 1.79998
_1135_, 98.37, 95.2, 1.79991
clkbuf_2_3__f_clock, 98.37, 95.2, 1.79991
FILLER_0_31_190, 98.37, 95.2, 1.79991
FILLER_0_31_198, 98.37, 95.2, 1.79991
_0560_, 98.37, 89.76, 1.79998
_0593_, 98.37, 89.76, 1.79998
FILLER_0_29_193, 98.37, 89.76, 1.79998
_0594_, 98.37, 84.32, 1.79998
_0937_, 98.37, 84.32, 1.79998
_0940_, 98.37, 84.32, 1.79998
hold35, 98.37, 84.32, 1.79998
_1040_, 98.37, 78.88, 1.79995
FILLER_0_26_193, 98.37, 78.88, 1.79995
_0859_, 98.37, 73.44, 1.79997
_1115_, 98.37, 73.44, 1.79997
_0630_, 98.37, 68, 1.79993
_0632_, 98.37, 68, 1.79993
_0641_, 98.37, 68, 1.79993
_1053_, 98.37, 68, 1.79993
clkbuf_2_2__f_clock, 98.37, 68, 1.79993
FILLER_0_21_203, 98.37, 68, 1.79993
FILLER_0_21_211, 98.37, 68, 1.79993
_0916_, 98.37, 62.56, 1.79999
_1107_, 98.37, 62.56, 1.79999
FILLER_0_18_200, 98.37, 62.56, 1.79999
FILLER_0_19_200, 98.37, 62.56, 1.79999
FILLER_0_19_208, 98.37, 62.56, 1.79999
FILLER_0_20_197, 98.37, 62.56, 1.79999
_0854_, 98.37, 57.12, 1.79999
_0863_, 98.37, 57.12, 1.79999
_0876_, 98.37, 51.68, 1.8
_0881_, 98.37, 51.68, 1.8
_0882_, 98.37, 51.68, 1.8
FILLER_0_15_194, 98.37, 51.68, 1.8
FILLER_0_15_209, 98.37, 51.68, 1.8
FILLER_0_16_191, 98.37, 51.68, 1.8
_0624_, 98.37, 46.24, 1.79999
_0865_, 98.37, 46.24, 1.79999
_0890_, 98.37, 46.24, 1.79999
_0891_, 98.37, 46.24, 1.79999
FILLER_0_14_197, 98.37, 46.24, 1.79999
_0874_, 98.37, 40.8, 1.79999
_0885_, 98.37, 40.8, 1.79999
_0886_, 98.37, 40.8, 1.79999
FILLER_0_11_207, 98.37, 40.8, 1.79999
_0887_, 98.37, 35.36, 1.79998
_1111_, 98.37, 35.36, 1.79998
FILLER_0_10_197, 98.37, 35.36, 1.79998
output34, 61.23, 144.16, 1.8
_1145_, 61.23, 122.4, 1.79999
FILLER_0_40_121, 61.23, 122.4, 1.79999
_1020_, 61.23, 116.96, 1.79998
_1021_, 61.23, 116.96, 1.79998
_1022_, 61.23, 116.96, 1.79998
_1095_, 61.23, 116.96, 1.79998
_1030_, 61.23, 111.52, 1.79997
_1031_, 61.23, 111.52, 1.79997
_1096_, 61.23, 111.52, 1.79997
_1146_, 61.23, 111.52, 1.79997
hold3, 61.23, 111.52, 1.79997
hold4, 61.23, 111.52, 1.79997
_1073_, 61.23, 106.08, 1.79997
_0711_, 61.23, 100.64, 1.79998
_0587_, 61.23, 95.2, 1.79993
_0715_, 61.23, 95.2, 1.79993
_0717_, 61.23, 95.2, 1.79993
hold31, 61.23, 95.2, 1.79993
FILLER_0_31_125, 61.23, 95.2, 1.79993
_0709_, 61.23, 89.76, 1.79999
_0586_, 61.23, 84.32, 1.79998
_0721_, 61.23, 84.32, 1.79998
_0736_, 61.23, 84.32, 1.79998
FILLER_0_27_109, 61.23, 84.32, 1.79998
FILLER_0_27_117, 61.23, 84.32, 1.79998
_0702_, 61.23, 78.88, 1.79993
_0722_, 61.23, 78.88, 1.79993
_0735_, 61.23, 78.88, 1.79993
_1055_, 61.23, 78.88, 1.79993
FILLER_0_25_119, 61.23, 78.88, 1.79993
FILLER_0_25_127, 61.23, 78.88, 1.79993
FILLER_0_26_112, 61.23, 78.88, 1.79993
_0845_, 61.23, 73.44, 1.79993
_1058_, 61.23, 73.44, 1.79993
_1119_, 61.23, 68, 1.79997
FILLER_0_20_120, 61.23, 68, 1.79997
FILLER_0_22_117, 61.23, 68, 1.79997
_0664_, 61.23, 62.56, 1.79999
_0827_, 61.23, 62.56, 1.79999
_0828_, 61.23, 62.56, 1.79999
_0825_, 61.23, 57.12, 1.79999
_0810_, 61.23, 51.68, 1.8
FILLER_0_15_126, 61.23, 51.68, 1.8
_0674_, 61.23, 46.24, 1.79999
_0818_, 61.23, 46.24, 1.79999
_0672_, 61.23, 40.8, 1.79999
_0673_, 61.23, 40.8, 1.79999
_0819_, 61.23, 40.8, 1.79999
_1120_, 61.23, 35.36, 1.79998
output49, 61.23, 13.6, 1.8
FILLER_0_0_126, 61.23, 13.6, 1.8
_1091_, 24.09, 111.52, 1.79999
hold8, 24.09, 111.52, 1.79999
_1012_, 24.09, 106.08, 1.79997
_1092_, 24.09, 106.08, 1.79997
hold9, 24.09, 106.08, 1.79997
FILLER_0_35_49, 24.09, 106.08, 1.79997
_1068_, 24.09, 95.2, 1.79995
FILLER_0_31_47, 24.09, 95.2, 1.79995
_0686_, 24.09, 89.76, 1.79999
_0687_, 24.09, 89.76, 1.79999
FILLER_0_29_43, 24.09, 89.76, 1.79999
FILLER_0_30_43, 24.09, 89.76, 1.79999
_0760_, 24.09, 84.32, 1.79999
FILLER_0_27_43, 24.09, 84.32, 1.79999
_0770_, 24.09, 78.88, 1.79997
_1067_, 24.09, 78.88, 1.79997
hold14, 24.09, 78.88, 1.79997
FILLER_0_26_41, 24.09, 78.88, 1.79997
_0584_, 24.09, 73.44, 1.79995
_0769_, 24.09, 73.44, 1.79995
_0775_, 24.09, 73.44, 1.79995
FILLER_0_23_35, 24.09, 73.44, 1.79995
_0773_, 24.09, 68, 1.79998
_0774_, 24.09, 68, 1.79998
hold16, 24.09, 68, 1.79998
FILLER_0_21_43, 24.09, 68, 1.79998
FILLER_0_21_51, 24.09, 68, 1.79998
FILLER_0_22_42, 24.09, 68, 1.79998
_0776_, 24.09, 62.56, 1.79999
_1064_, 24.09, 62.56, 1.79999
hold18, 24.09, 62.56, 1.79999
FILLER_0_19_51, 24.09, 62.56, 1.79999
_0650_, 24.09, 57.12, 1.79999
_0789_, 24.09, 57.12, 1.79999
_0792_, 24.09, 57.12, 1.79999
FILLER_0_18_41, 24.09, 57.12, 1.79999
_0649_, 24.09, 51.68, 1.8
hold19, 24.09, 51.68, 1.8
_0801_, 24.09, 46.24, 1.79999
FILLER_0_12_40, 24.09, 46.24, 1.79999
_0659_, 24.09, 40.8, 1.79999
_0803_, 24.09, 40.8, 1.79999
_1122_, 24.09, 40.8, 1.79999
FILLER_0_11_42, 24.09, 40.8, 1.79999
FILLER_0_9_42, 24.09, 35.36, 1.79999
PHY_EDGE_ROW_48_Left_98, 5.52, 144.16, 1.8
PHY_EDGE_ROW_49_Left_99, 5.52, 144.16, 1.8
PHY_EDGE_ROW_48_Right_48, 154.1, 144.16, 1.8
PHY_EDGE_ROW_49_Right_49, 154.1, 144.16, 1.8
FILLER_0_48_317, 154.1, 144.16, 1.8
FILLER_0_49_317, 154.1, 144.16, 1.8
FILLER_0_49_53, 27.14, 144.16, 1.8
FILLER_0_49_109, 52.9, 144.16, 1.8
FILLER_0_49_113, 58.42, 144.16, 1.8
input25, 63.94, 144.16, 1.8
FILLER_0_49_132, 63.94, 144.16, 1.8
input7, 73.14, 144.16, 1.79999
output73, 73.14, 144.16, 1.79999
output72, 78.66, 144.16, 1.8
FILLER_0_49_154, 78.66, 144.16, 1.8
FILLER_0_49_163, 78.66, 144.16, 1.8
output35, 98.9, 144.16, 1.8
FILLER_0_49_209, 98.9, 144.16, 1.8
output36, 104.42, 144.16, 1.8
FILLER_0_49_219, 104.42, 144.16, 1.8
output64, 109.94, 144.16, 1.8
FILLER_0_49_245, 115.46, 144.16, 1.8
FILLER_0_49_81, 40.02, 144.16, 1.8
FILLER_0_49_193, 91.54, 144.16, 1.8
FILLER_0_49_305, 143.06, 144.16, 1.8
FILLER_0_49_309, 143.06, 144.16, 1.8
PHY_EDGE_ROW_46_Left_96, 5.52, 138.72, 1.8
PHY_EDGE_ROW_47_Left_97, 5.52, 138.72, 1.8
PHY_EDGE_ROW_46_Right_46, 154.1, 138.72, 1.8
PHY_EDGE_ROW_47_Right_47, 154.1, 138.72, 1.8
FILLER_0_46_317, 154.1, 138.72, 1.8
FILLER_0_47_317, 154.1, 138.72, 1.8
FILLER_0_47_51, 27.14, 138.72, 1.8
FILLER_0_47_105, 52.9, 138.72, 1.8
FILLER_0_47_161, 78.66, 138.72, 1.8
FILLER_0_47_217, 104.42, 138.72, 1.8
FILLER_0_47_273, 130.18, 138.72, 1.8
FILLER_0_48_77, 40.02, 138.72, 1.8
FILLER_0_48_133, 65.78, 138.72, 1.8
FILLER_0_48_189, 91.54, 138.72, 1.8
FILLER_0_48_245, 117.3, 138.72, 1.8
FILLER_0_48_301, 143.06, 138.72, 1.8
FILLER_0_46_309, 148.58, 138.72, 1.8
FILLER_0_48_309, 148.58, 138.72, 1.8
PHY_EDGE_ROW_44_Left_94, 5.52, 133.28, 1.8
PHY_EDGE_ROW_45_Left_95, 5.52, 133.28, 1.8
PHY_EDGE_ROW_44_Right_44, 154.1, 133.28, 1.8
PHY_EDGE_ROW_45_Right_45, 154.1, 133.28, 1.8
FILLER_0_44_317, 154.1, 133.28, 1.8
FILLER_0_45_317, 154.1, 133.28, 1.8
FILLER_0_45_51, 27.14, 133.28, 1.8
FILLER_0_45_105, 52.9, 133.28, 1.8
FILLER_0_45_161, 78.66, 133.28, 1.8
FILLER_0_45_217, 104.42, 133.28, 1.8
FILLER_0_45_273, 130.18, 133.28, 1.8
FILLER_0_46_77, 40.02, 133.28, 1.8
FILLER_0_46_133, 65.78, 133.28, 1.8
FILLER_0_46_189, 91.54, 133.28, 1.8
FILLER_0_46_245, 117.3, 133.28, 1.8
FILLER_0_46_301, 143.06, 133.28, 1.8
FILLER_0_44_309, 148.58, 133.28, 1.8
PHY_EDGE_ROW_42_Left_92, 5.52, 127.84, 1.8
PHY_EDGE_ROW_43_Left_93, 5.52, 127.84, 1.8
PHY_EDGE_ROW_42_Right_42, 154.1, 127.84, 1.79998
PHY_EDGE_ROW_43_Right_43, 154.1, 127.84, 1.79998
FILLER_0_42_317, 154.1, 127.84, 1.79998
FILLER_0_43_317, 154.1, 127.84, 1.79998
FILLER_0_43_51, 27.14, 127.84, 1.8
FILLER_0_43_105, 52.9, 127.84, 1.79999
FILLER_0_44_77, 40.02, 127.84, 1.8
FILLER_0_42_133, 65.78, 127.84, 1.79999
FILLER_0_44_133, 65.78, 127.84, 1.79999
_1017_, 71.3, 127.84, 1.79999
_1085_, 76.82, 127.84, 1.79998
_1143_, 76.82, 127.84, 1.79998
FILLER_0_43_161, 76.82, 127.84, 1.79998
_0978_, 91.54, 127.84, 1.79997
_1097_, 91.54, 127.84, 1.79997
FILLER_0_42_184, 91.54, 127.84, 1.79997
FILLER_0_44_189, 91.54, 127.84, 1.79997
_1034_, 97.06, 127.84, 1.79998
_1035_, 102.58, 127.84, 1.79997
_1098_, 102.58, 127.84, 1.79997
FILLER_0_43_221, 102.58, 127.84, 1.79997
_1099_, 111.78, 127.84, 1.79996
FILLER_0_44_245, 117.3, 127.84, 1.79996
_1100_, 122.82, 127.84, 1.79997
FILLER_0_43_273, 128.34, 127.84, 1.79997
FILLER_0_44_301, 143.06, 127.84, 1.79998
FILLER_0_42_309, 148.58, 127.84, 1.79998
PHY_EDGE_ROW_40_Left_90, 5.52, 122.4, 1.8
PHY_EDGE_ROW_41_Left_91, 5.52, 122.4, 1.8
PHY_EDGE_ROW_40_Right_40, 154.1, 122.4, 1.8
PHY_EDGE_ROW_41_Right_41, 154.1, 122.4, 1.8
FILLER_0_40_317, 154.1, 122.4, 1.8
FILLER_0_41_317, 154.1, 122.4, 1.8
FILLER_0_41_51, 27.14, 122.4, 1.79999
FILLER_0_41_105, 52.9, 122.4, 1.79999
FILLER_0_41_113, 58.42, 122.4, 1.79999
FILLER_0_42_300, 143.52, 122.4, 1.8
FILLER_0_42_77, 40.02, 122.4, 1.79999
_1037_, 129.72, 122.4, 1.8
FILLER_0_41_276, 129.72, 122.4, 1.8
FILLER_0_40_309, 148.58, 122.4, 1.8
_1018_, 73.61, 122.4, 1.79998
_1019_, 73.61, 122.4, 1.79998
_1144_, 73.61, 122.4, 1.79998
FILLER_0_42_150, 73.61, 122.4, 1.79998
_0970_, 85.99, 122.4, 1.79999
_1010_, 85.99, 122.4, 1.79999
_1084_, 85.99, 122.4, 1.79999
FILLER_0_41_169, 85.99, 122.4, 1.79999
FILLER_0_41_177, 85.99, 122.4, 1.79999
_0994_, 108.82, 122.4, 1.79999
_0995_, 108.82, 122.4, 1.79999
_0996_, 108.82, 122.4, 1.79999
FILLER_0_40_230, 108.82, 122.4, 1.79999
FILLER_0_41_215, 108.82, 122.4, 1.79999
_0961_, 119.27, 122.4, 1.8
_0977_, 119.27, 122.4, 1.8
_0985_, 119.27, 122.4, 1.8
_1036_, 119.27, 122.4, 1.8
hold25, 119.27, 122.4, 1.8
FILLER_0_40_246, 119.27, 122.4, 1.8
FILLER_0_41_254, 119.27, 122.4, 1.8
PHY_EDGE_ROW_38_Left_88, 5.52, 116.96, 1.79999
PHY_EDGE_ROW_39_Left_89, 5.52, 116.96, 1.79999
input20, 5.52, 116.96, 1.79999
PHY_EDGE_ROW_38_Right_38, 154.1, 116.96, 1.79998
PHY_EDGE_ROW_39_Right_39, 154.1, 116.96, 1.79998
input27, 154.1, 116.96, 1.79998
FILLER_0_38_317, 154.1, 116.96, 1.79998
FILLER_0_39_313, 154.1, 116.96, 1.79998
_0966_, 90.16, 116.96, 1.79999
_0975_, 90.16, 116.96, 1.79999
_1008_, 90.16, 116.96, 1.79999
_1011_, 90.16, 116.96, 1.79999
FILLER_0_38_190, 90.16, 116.96, 1.79999
FILLER_0_39_176, 90.16, 116.96, 1.79999
FILLER_0_39_186, 90.16, 116.96, 1.79999
FILLER_0_40_185, 90.16, 116.96, 1.79999
_0962_, 106.26, 116.96, 1.79998
_0987_, 106.26, 116.96, 1.79998
_0993_, 106.26, 116.96, 1.79998
_0997_, 106.26, 116.96, 1.79998
_1003_, 106.26, 116.96, 1.79998
FILLER_0_39_217, 106.26, 116.96, 1.79998
FILLER_0_39_230, 106.26, 116.96, 1.79998
_0976_, 129.26, 116.96, 1.79998
_1038_, 129.26, 116.96, 1.79998
_1101_, 129.26, 116.96, 1.79998
FILLER_0_39_273, 129.26, 116.96, 1.79998
FILLER_0_38_77, 40.02, 116.96, 1.79998
FILLER_0_40_77, 40.02, 116.96, 1.79998
_1147_, 51.06, 116.96, 1.79998
FILLER_0_39_105, 51.06, 116.96, 1.79998
_1014_, 70.38, 116.96, 1.79998
_1086_, 70.38, 116.96, 1.79998
FILLER_0_38_141, 70.38, 116.96, 1.79998
FILLER_0_40_134, 70.38, 116.96, 1.79998
_0542_, 80.04, 116.96, 1.79998
_0945_, 80.04, 116.96, 1.79998
_1023_, 80.04, 116.96, 1.79998
FILLER_0_40_156, 80.04, 116.96, 1.79998
FILLER_0_40_165, 80.04, 116.96, 1.79998
FILLER_0_38_299, 143.06, 116.96, 1.79998
FILLER_0_39_305, 143.06, 116.96, 1.79998
_0967_, 117.76, 116.96, 1.79998
_0971_, 117.76, 116.96, 1.79998
_0972_, 117.76, 116.96, 1.79998
_0973_, 117.76, 116.96, 1.79998
_0981_, 117.76, 116.96, 1.79998
PHY_EDGE_ROW_36_Left_86, 5.52, 111.52, 1.79999
PHY_EDGE_ROW_37_Left_87, 5.52, 111.52, 1.79999
output58, 5.52, 111.52, 1.79999
PHY_EDGE_ROW_36_Right_36, 154.1, 111.52, 1.79999
PHY_EDGE_ROW_37_Right_37, 154.1, 111.52, 1.79999
input12, 154.1, 111.52, 1.79999
output39, 154.1, 111.52, 1.79999
_0963_, 112.24, 111.52, 1.79999
_0988_, 112.24, 111.52, 1.79999
_0990_, 112.24, 111.52, 1.79999
_0992_, 112.24, 111.52, 1.79999
FILLER_0_37_225, 112.24, 111.52, 1.79999
FILLER_0_38_232, 112.24, 111.52, 1.79999
_0958_, 127.88, 111.52, 1.79999
_0959_, 127.88, 111.52, 1.79999
FILLER_0_37_259, 127.88, 111.52, 1.79999
FILLER_0_37_276, 133.4, 111.52, 1.79999
FILLER_0_36_309, 144.44, 111.52, 1.79999
FILLER_0_37_305, 144.44, 111.52, 1.79999
FILLER_0_38_309, 144.44, 111.52, 1.79999
FILLER_0_37_31, 17.02, 111.52, 1.79999
_0543_, 79.58, 111.52, 1.79998
_1024_, 79.58, 111.52, 1.79998
_0946_, 86.02, 111.52, 1.79998
_0969_, 86.02, 111.52, 1.79998
_1006_, 86.02, 111.52, 1.79998
FILLER_0_37_181, 86.02, 111.52, 1.79998
_0998_, 98.9, 111.52, 1.79999
_0999_, 98.9, 111.52, 1.79999
_1001_, 98.9, 111.52, 1.79999
_1002_, 98.9, 111.52, 1.79999
_0974_, 118.22, 111.52, 1.79999
_0984_, 118.22, 111.52, 1.79999
FILLER_0_37_251, 118.22, 111.52, 1.79999
_1013_, 33.846, 111.52, 1.79997
_1151_, 33.846, 111.52, 1.79997
hold6, 33.846, 111.52, 1.79997
hold7, 33.846, 111.52, 1.79997
FILLER_0_37_51, 33.846, 111.52, 1.79997
FILLER_0_37_57, 33.846, 111.52, 1.79997
_1082_, 43.603, 111.52, 1.79997
_1089_, 43.603, 111.52, 1.79997
hold10, 43.603, 111.52, 1.79997
hold11, 43.603, 111.52, 1.79997
FILLER_0_37_80, 43.603, 111.52, 1.79997
_0546_, 70.405, 111.52, 1.79997
_0570_, 70.405, 111.52, 1.79997
_1087_, 70.405, 111.52, 1.79997
hold13, 70.405, 111.52, 1.79997
FILLER_0_37_140, 70.405, 111.52, 1.79997
PHY_EDGE_ROW_34_Left_84, 5.52, 106.08, 1.79996
PHY_EDGE_ROW_35_Left_85, 5.52, 106.08, 1.79996
output59, 5.52, 106.08, 1.79996
output63, 5.52, 106.08, 1.79996
PHY_EDGE_ROW_34_Right_34, 154.1, 106.08, 1.79999
PHY_EDGE_ROW_35_Right_35, 154.1, 106.08, 1.79999
FILLER_0_36_19, 11.5, 106.08, 1.79996
_1093_, 34.96, 106.08, 1.79995
_1094_, 34.96, 106.08, 1.79995
_1152_, 34.96, 106.08, 1.79995
_1088_, 40.48, 106.08, 1.79995
_1148_, 40.48, 106.08, 1.79995
FILLER_0_36_72, 40.48, 106.08, 1.79995
_1083_, 51.52, 106.08, 1.79995
_1142_, 51.52, 106.08, 1.79995
_1133_, 57.04, 106.08, 1.79996
FILLER_0_36_115, 57.04, 106.08, 1.79996
_0545_, 65.32, 106.08, 1.79997
_0964_, 81.88, 106.08, 1.79997
FILLER_0_35_159, 81.88, 106.08, 1.79997
_0953_, 104.88, 106.08, 1.79998
_0989_, 104.88, 106.08, 1.79998
_0991_, 104.88, 106.08, 1.79998
_1000_, 104.88, 106.08, 1.79998
FILLER_0_36_213, 104.88, 106.08, 1.79998
_0965_, 118.22, 106.08, 1.79999
_0982_, 118.22, 106.08, 1.79999
_0983_, 118.22, 106.08, 1.79999
_1029_, 118.22, 106.08, 1.79999
FILLER_0_35_235, 118.22, 106.08, 1.79999
FILLER_0_35_243, 118.22, 106.08, 1.79999
FILLER_0_35_251, 118.22, 106.08, 1.79999
input26, 143.06, 106.08, 1.79999
FILLER_0_35_305, 143.06, 106.08, 1.79999
_1150_, 17.02, 106.08, 1.79996
FILLER_0_35_31, 17.02, 106.08, 1.79996
_0947_, 86.02, 106.08, 1.79997
_0960_, 86.02, 106.08, 1.79997
_1134_, 86.02, 106.08, 1.79997
FILLER_0_35_181, 86.02, 106.08, 1.79997
FILLER_0_36_178, 86.02, 106.08, 1.79997
_0544_, 73.6, 106.08, 1.79997
_0549_, 73.6, 106.08, 1.79997
_0968_, 73.6, 106.08, 1.79997
_1015_, 73.6, 106.08, 1.79997
_1016_, 73.6, 106.08, 1.79997
hold12, 73.6, 106.08, 1.79997
_0957_, 126.865, 106.08, 1.79999
FILLER_0_35_261, 126.865, 106.08, 1.79999
PHY_EDGE_ROW_32_Left_82, 5.52, 100.64, 1.79997
PHY_EDGE_ROW_33_Left_83, 5.52, 100.64, 1.79997
output61, 5.52, 100.64, 1.79997
PHY_EDGE_ROW_32_Right_32, 154.1, 100.64, 1.79998
PHY_EDGE_ROW_33_Right_33, 154.1, 100.64, 1.79998
FILLER_0_33_317, 154.1, 100.64, 1.79998
_1090_, 27.14, 100.64, 1.79997
_1129_, 27.14, 100.64, 1.79997
hold5, 27.14, 100.64, 1.79997
FILLER_0_33_51, 27.14, 100.64, 1.79997
_0564_, 82.8, 100.64, 1.79998
FILLER_0_33_169, 82.8, 100.64, 1.79998
_0561_, 91.08, 100.64, 1.79998
_0563_, 91.08, 100.64, 1.79998
_1074_, 91.08, 100.64, 1.79998
FILLER_0_33_191, 91.08, 100.64, 1.79998
_0554_, 124.66, 100.64, 1.79998
_1028_, 124.66, 100.64, 1.79998
hold32, 124.66, 100.64, 1.79998
_0948_, 130.18, 100.64, 1.79998
_0956_, 130.18, 100.64, 1.79998
_0980_, 130.18, 100.64, 1.79998
FILLER_0_33_275, 130.18, 100.64, 1.79998
FILLER_0_34_268, 130.18, 100.64, 1.79998
FILLER_0_32_19, 15.18, 100.64, 1.79997
FILLER_0_34_19, 15.18, 100.64, 1.79997
_1149_, 20.7, 100.64, 1.79997
_0718_, 60.26, 100.64, 1.79998
_1072_, 60.26, 100.64, 1.79998
FILLER_0_34_118, 60.26, 100.64, 1.79998
_1141_, 69, 100.64, 1.79997
FILLER_0_32_141, 69, 100.64, 1.79997
FILLER_0_34_136, 69, 100.64, 1.79997
FILLER_0_34_141, 69, 100.64, 1.79997
_0954_, 105.8, 100.64, 1.79997
_0955_, 105.8, 100.64, 1.79997
_1136_, 105.8, 100.64, 1.79997
FILLER_0_33_225, 105.8, 100.64, 1.79997
FILLER_0_34_305, 143.06, 100.64, 1.79998
input23, 148.58, 100.64, 1.79998
output37, 148.58, 100.64, 1.79998
output38, 148.58, 100.64, 1.79998
FILLER_0_32_309, 148.58, 100.64, 1.79998
FILLER_0_34_309, 148.58, 100.64, 1.79998
_1131_, 38.18, 100.64, 1.79996
_0705_, 49.22, 100.64, 1.79997
_0738_, 49.22, 100.64, 1.79997
_1071_, 49.22, 100.64, 1.79997
FILLER_0_32_94, 49.22, 100.64, 1.79997
FILLER_0_33_104, 49.22, 100.64, 1.79997
_0547_, 75.9, 100.64, 1.79998
_1081_, 75.9, 100.64, 1.79998
FILLER_0_32_154, 75.9, 100.64, 1.79998
FILLER_0_34_151, 75.9, 100.64, 1.79998
_0949_, 115.23, 100.64, 1.79997
_1027_, 115.23, 100.64, 1.79997
_1138_, 115.23, 100.64, 1.79997
hold30, 115.23, 100.64, 1.79997
PHY_EDGE_ROW_30_Left_80, 5.52, 95.2, 1.79993
PHY_EDGE_ROW_31_Left_81, 5.52, 95.2, 1.79993
input19, 5.52, 95.2, 1.79993
input22, 5.52, 95.2, 1.79993
PHY_EDGE_ROW_30_Right_30, 154.1, 95.2, 1.79997
PHY_EDGE_ROW_31_Right_31, 154.1, 95.2, 1.79997
output62, 154.1, 95.2, 1.79997
_1128_, 11.04, 95.2, 1.79993
FILLER_0_31_18, 11.04, 95.2, 1.79993
_0699_, 38.18, 95.2, 1.7999
_0700_, 38.18, 95.2, 1.7999
_0701_, 38.18, 95.2, 1.7999
_0739_, 38.18, 95.2, 1.7999
hold29, 38.18, 95.2, 1.7999
FILLER_0_31_78, 38.18, 95.2, 1.7999
FILLER_0_32_78, 38.18, 95.2, 1.7999
FILLER_0_31_305, 143.06, 95.2, 1.79997
FILLER_0_32_301, 143.06, 95.2, 1.79997
_0555_, 116.38, 95.2, 1.79994
_1078_, 116.38, 95.2, 1.79994
FILLER_0_31_247, 116.38, 95.2, 1.79994
_0685_, 31.135, 95.2, 1.79993
_0756_, 31.135, 95.2, 1.79993
_1069_, 31.135, 95.2, 1.79993
FILLER_0_30_52, 31.135, 95.2, 1.79993
FILLER_0_31_57, 31.135, 95.2, 1.79993
FILLER_0_32_53, 31.135, 95.2, 1.79993
FILLER_0_32_63, 31.135, 95.2, 1.79993
_0706_, 49.705, 95.2, 1.79986
_0707_, 49.705, 95.2, 1.79986
_1132_, 49.705, 95.2, 1.79986
clkbuf_2_1__f_clock, 49.705, 95.2, 1.79986
FILLER_0_31_105, 49.705, 95.2, 1.79986
_0548_, 73.61, 95.2, 1.79992
_0565_, 73.61, 95.2, 1.79992
_0567_, 73.61, 95.2, 1.79992
_0571_, 73.61, 95.2, 1.79992
_0713_, 73.61, 95.2, 1.79992
FILLER_0_30_141, 73.61, 95.2, 1.79992
FILLER_0_31_137, 73.61, 95.2, 1.79992
_0553_, 85.99, 95.2, 1.79991
_1079_, 85.99, 95.2, 1.79991
_1139_, 85.99, 95.2, 1.79991
FILLER_0_30_166, 85.99, 95.2, 1.79991
FILLER_0_32_174, 85.99, 95.2, 1.79991
_0558_, 107.375, 95.2, 1.79992
_0559_, 107.375, 95.2, 1.79992
_1076_, 107.375, 95.2, 1.79992
_0557_, 125.945, 95.2, 1.79995
_1137_, 125.945, 95.2, 1.79995
PHY_EDGE_ROW_28_Left_78, 5.52, 89.76, 1.79999
PHY_EDGE_ROW_29_Left_79, 5.52, 89.76, 1.79999
input21, 5.52, 89.76, 1.79999
input24, 5.52, 89.76, 1.79999
PHY_EDGE_ROW_28_Right_28, 154.1, 89.76, 1.79998
PHY_EDGE_ROW_29_Right_29, 154.1, 89.76, 1.79998
output51, 154.1, 89.76, 1.79998
FILLER_0_28_317, 154.1, 89.76, 1.79998
FILLER_0_29_313, 154.1, 89.76, 1.79998
FILLER_0_30_18, 15.18, 89.76, 1.79999
_0761_, 21.62, 89.76, 1.79999
_0710_, 52.9, 89.76, 1.79999
_0724_, 52.9, 89.76, 1.79999
_0725_, 52.9, 89.76, 1.79999
_0732_, 52.9, 89.76, 1.79999
_0729_, 58.42, 89.76, 1.79999
_0730_, 58.42, 89.76, 1.79999
FILLER_0_30_118, 58.42, 89.76, 1.79999
_0551_, 63.94, 89.76, 1.79999
_0588_, 63.94, 89.76, 1.79999
_0708_, 63.94, 89.76, 1.79999
_0712_, 63.94, 89.76, 1.79999
_0714_, 63.94, 89.76, 1.79999
FILLER_0_28_133, 63.94, 89.76, 1.79999
FILLER_0_29_137, 63.94, 89.76, 1.79999
_0595_, 104.88, 89.76, 1.79997
_0596_, 104.88, 89.76, 1.79997
_0936_, 104.88, 89.76, 1.79997
hold33, 104.88, 89.76, 1.79997
FILLER_0_29_221, 104.88, 89.76, 1.79997
_0597_, 110.4, 89.76, 1.79997
_0932_, 110.4, 89.76, 1.79997
_0935_, 110.4, 89.76, 1.79997
_1104_, 110.4, 89.76, 1.79997
FILLER_0_30_225, 110.4, 89.76, 1.79997
_0592_, 115.92, 89.76, 1.79997
_0762_, 17.02, 89.76, 1.79999
_0566_, 76.82, 89.76, 1.79999
_0764_, 76.82, 89.76, 1.79999
FILLER_0_29_161, 76.82, 89.76, 1.79999
FILLER_0_30_152, 76.82, 89.76, 1.79999
_0556_, 120.98, 89.76, 1.79997
_1041_, 120.98, 89.76, 1.79997
_1105_, 120.98, 89.76, 1.79997
FILLER_0_28_253, 120.98, 89.76, 1.79997
FILLER_0_29_257, 120.98, 89.76, 1.79997
FILLER_0_29_305, 143.06, 89.76, 1.79998
FILLER_0_30_305, 143.06, 89.76, 1.79998
FILLER_0_30_309, 143.06, 89.76, 1.79998
_0688_, 33.693, 89.76, 1.79999
_0748_, 33.693, 89.76, 1.79999
_0750_, 33.693, 89.76, 1.79999
FILLER_0_29_52, 33.693, 89.76, 1.79999
FILLER_0_29_57, 33.693, 89.76, 1.79999
FILLER_0_29_65, 33.693, 89.76, 1.79999
_0737_, 43.296, 89.76, 1.79999
_0751_, 43.296, 89.76, 1.79999
_0752_, 43.296, 89.76, 1.79999
FILLER_0_28_74, 43.296, 89.76, 1.79999
FILLER_0_28_85, 43.296, 89.76, 1.79999
FILLER_0_29_82, 43.296, 89.76, 1.79999
FILLER_0_30_77, 43.296, 89.76, 1.79999
FILLER_0_30_85, 43.296, 89.76, 1.79999
_0552_, 87.595, 89.76, 1.79999
_0941_, 87.595, 89.76, 1.79999
_0942_, 87.595, 89.76, 1.79999
_1039_, 87.595, 89.76, 1.79999
FILLER_0_29_173, 87.595, 89.76, 1.79999
FILLER_0_29_179, 87.595, 89.76, 1.79999
FILLER_0_29_187, 87.595, 89.76, 1.79999
FILLER_0_30_186, 87.595, 89.76, 1.79999
_1033_, 128.245, 89.76, 1.79997
_1077_, 128.245, 89.76, 1.79997
rebuffer2, 128.245, 89.76, 1.79997
hold34, 128.245, 89.76, 1.79997
FILLER_0_29_270, 128.245, 89.76, 1.79997
PHY_EDGE_ROW_26_Left_76, 5.52, 84.32, 1.79999
PHY_EDGE_ROW_27_Left_77, 5.52, 84.32, 1.79999
input33, 5.52, 84.32, 1.79999
PHY_EDGE_ROW_26_Right_26, 154.1, 84.32, 1.79999
PHY_EDGE_ROW_27_Right_27, 154.1, 84.32, 1.79999
input1, 154.1, 84.32, 1.79999
output65, 154.1, 84.32, 1.79999
FILLER_0_27_313, 154.1, 84.32, 1.79999
_0759_, 21.62, 84.32, 1.79999
FILLER_0_27_33, 21.62, 84.32, 1.79999
_0585_, 29.9, 84.32, 1.79999
_0753_, 29.9, 84.32, 1.79999
_0754_, 29.9, 84.32, 1.79999
_0755_, 29.9, 84.32, 1.79999
_0757_, 29.9, 84.32, 1.79999
FILLER_0_27_50, 29.9, 84.32, 1.79999
_0689_, 35.42, 84.32, 1.79998
_0740_, 35.42, 84.32, 1.79998
_0749_, 35.42, 84.32, 1.79998
_0758_, 35.42, 84.32, 1.79998
FILLER_0_27_76, 35.42, 84.32, 1.79998
FILLER_0_28_66, 35.42, 84.32, 1.79998
FILLER_0_26_309, 143.52, 84.32, 1.79999
FILLER_0_27_305, 143.52, 84.32, 1.79999
FILLER_0_28_301, 143.52, 84.32, 1.79999
FILLER_0_28_309, 143.52, 84.32, 1.79999
FILLER_0_26_19, 14.26, 84.32, 1.79999
FILLER_0_27_25, 14.26, 84.32, 1.79999
_0922_, 129.72, 84.32, 1.79999
_0924_, 129.72, 84.32, 1.79999
FILLER_0_27_276, 129.72, 84.32, 1.79999
_1042_, 137.54, 84.32, 1.79999
_0703_, 48.325, 84.32, 1.79998
_0704_, 48.325, 84.32, 1.79998
_0733_, 48.325, 84.32, 1.79998
_0734_, 48.325, 84.32, 1.79998
_0741_, 48.325, 84.32, 1.79998
FILLER_0_26_85, 48.325, 84.32, 1.79998
FILLER_0_26_94, 48.325, 84.32, 1.79998
FILLER_0_27_96, 48.325, 84.32, 1.79998
_0550_, 73.61, 84.32, 1.79996
_1032_, 73.61, 84.32, 1.79996
_1080_, 73.61, 84.32, 1.79996
_1140_, 73.61, 84.32, 1.79996
FILLER_0_27_157, 73.61, 84.32, 1.79996
_0719_, 85.99, 84.32, 1.79995
_0943_, 85.99, 84.32, 1.79995
_0944_, 85.99, 84.32, 1.79995
_1054_, 85.99, 84.32, 1.79995
_1102_, 85.99, 84.32, 1.79995
_1103_, 85.99, 84.32, 1.79995
FILLER_0_26_175, 85.99, 84.32, 1.79995
FILLER_0_27_169, 85.99, 84.32, 1.79995
FILLER_0_27_180, 85.99, 84.32, 1.79995
_0562_, 108.82, 84.32, 1.79998
_0572_, 108.82, 84.32, 1.79998
_0931_, 108.82, 84.32, 1.79998
_0934_, 108.82, 84.32, 1.79998
FILLER_0_27_215, 108.82, 84.32, 1.79998
_0591_, 119.27, 84.32, 1.79998
_0929_, 119.27, 84.32, 1.79998
_0930_, 119.27, 84.32, 1.79998
FILLER_0_27_237, 119.27, 84.32, 1.79998
FILLER_0_27_250, 119.27, 84.32, 1.79998
FILLER_0_28_246, 119.27, 84.32, 1.79998
PHY_EDGE_ROW_24_Left_74, 5.52, 78.88, 1.79996
PHY_EDGE_ROW_25_Left_75, 5.52, 78.88, 1.79996
output57, 5.52, 78.88, 1.79996
output60, 5.52, 78.88, 1.79996
PHY_EDGE_ROW_24_Right_24, 154.1, 78.88, 1.79998
PHY_EDGE_ROW_25_Right_25, 154.1, 78.88, 1.79998
output45, 154.1, 78.88, 1.79998
FILLER_0_25_313, 154.1, 78.88, 1.79998
_0625_, 80.96, 78.88, 1.79989
_0851_, 80.96, 78.88, 1.79989
_1116_, 80.96, 78.88, 1.79989
FILLER_0_26_163, 80.96, 78.88, 1.79989
_0727_, 89.7, 78.88, 1.79992
_0728_, 89.7, 78.88, 1.79992
FILLER_0_24_189, 89.7, 78.88, 1.79992
_0926_, 98.9, 78.88, 1.79995
_0938_, 98.9, 78.88, 1.79995
_0939_, 98.9, 78.88, 1.79995
FILLER_0_24_209, 98.9, 78.88, 1.79995
_0590_, 134.32, 78.88, 1.79998
_0605_, 134.32, 78.88, 1.79998
FILLER_0_25_275, 134.32, 78.88, 1.79998
_1127_, 11.5, 78.88, 1.79996
FILLER_0_25_19, 11.5, 78.88, 1.79996
_0698_, 40.48, 78.88, 1.79995
_0765_, 40.48, 78.88, 1.79995
FILLER_0_24_78, 40.48, 78.88, 1.79995
FILLER_0_25_82, 40.48, 78.88, 1.79995
FILLER_0_26_78, 40.48, 78.88, 1.79995
FILLER_0_25_305, 143.06, 78.88, 1.79998
_0690_, 32.285, 78.88, 1.79996
_0691_, 32.285, 78.88, 1.79996
_0697_, 32.285, 78.88, 1.79996
_0768_, 32.285, 78.88, 1.79996
FILLER_0_24_59, 32.285, 78.88, 1.79996
_0743_, 50.855, 78.88, 1.79994
_0744_, 50.855, 78.88, 1.79994
_0745_, 50.855, 78.88, 1.79994
hold21, 50.855, 78.88, 1.79994
FILLER_0_25_96, 50.855, 78.88, 1.79994
FILLER_0_25_108, 50.855, 78.88, 1.79994
_0568_, 71.095, 78.88, 1.79986
_0626_, 71.095, 78.88, 1.79986
_0726_, 71.095, 78.88, 1.79986
_1044_, 71.095, 78.88, 1.79986
_1066_, 71.095, 78.88, 1.79986
clkbuf_0_clock, 71.095, 78.88, 1.79986
FILLER_0_24_137, 71.095, 78.88, 1.79986
FILLER_0_24_148, 71.095, 78.88, 1.79986
_0921_, 110.706, 78.88, 1.79995
_0927_, 110.706, 78.88, 1.79995
_0933_, 110.706, 78.88, 1.79995
_1106_, 110.706, 78.88, 1.79995
rebuffer1, 110.706, 78.88, 1.79995
FILLER_0_25_218, 110.706, 78.88, 1.79995
FILLER_0_25_225, 110.706, 78.88, 1.79995
FILLER_0_25_236, 110.706, 78.88, 1.79995
_0923_, 122.513, 78.88, 1.79997
_0925_, 122.513, 78.88, 1.79997
_0928_, 122.513, 78.88, 1.79997
_1043_, 122.513, 78.88, 1.79997
FILLER_0_24_253, 122.513, 78.88, 1.79997
FILLER_0_25_248, 122.513, 78.88, 1.79997
FILLER_0_25_260, 122.513, 78.88, 1.79997
FILLER_0_26_253, 122.513, 78.88, 1.79997
PHY_EDGE_ROW_22_Left_72, 5.52, 73.44, 1.79994
PHY_EDGE_ROW_23_Left_73, 5.52, 73.44, 1.79994
input18, 5.52, 73.44, 1.79994
PHY_EDGE_ROW_22_Right_22, 154.1, 73.44, 1.79999
PHY_EDGE_ROW_23_Right_23, 154.1, 73.44, 1.79999
FILLER_0_23_317, 154.1, 73.44, 1.79999
_0589_, 56.58, 73.44, 1.7999
_0720_, 56.58, 73.44, 1.7999
_0742_, 56.58, 73.44, 1.7999
_1070_, 56.58, 73.44, 1.7999
_1117_, 56.58, 73.44, 1.7999
_0644_, 65.32, 73.44, 1.79994
_0844_, 65.32, 73.44, 1.79994
_1056_, 65.32, 73.44, 1.79994
FILLER_0_23_139, 65.32, 73.44, 1.79994
_0838_, 76.82, 73.44, 1.79995
_0839_, 76.82, 73.44, 1.79995
_0843_, 76.82, 73.44, 1.79995
_0852_, 76.82, 73.44, 1.79995
FILLER_0_23_145, 76.82, 73.44, 1.79995
_0601_, 117.76, 73.44, 1.79998
FILLER_0_23_246, 117.76, 73.44, 1.79998
FILLER_0_22_19, 15.18, 73.44, 1.79994
FILLER_0_22_29, 15.18, 73.44, 1.79994
FILLER_0_23_27, 15.18, 73.44, 1.79994
FILLER_0_24_18, 15.18, 73.44, 1.79994
FILLER_0_24_29, 15.18, 73.44, 1.79994
_0837_, 87.86, 73.44, 1.79996
_0846_, 87.86, 73.44, 1.79996
_0847_, 87.86, 73.44, 1.79996
_0858_, 87.86, 73.44, 1.79996
_0917_, 115.92, 73.44, 1.79998
_0602_, 125.58, 73.44, 1.79999
_0606_, 125.58, 73.44, 1.79999
_0911_, 125.58, 73.44, 1.79999
_0918_, 125.58, 73.44, 1.79999
FILLER_0_24_298, 143.06, 73.44, 1.79999
output66, 148.58, 73.44, 1.79999
FILLER_0_22_309, 148.58, 73.44, 1.79999
FILLER_0_24_309, 148.58, 73.44, 1.79999
_0692_, 34.92, 73.44, 1.7999
_0694_, 34.92, 73.44, 1.7999
_0763_, 34.92, 73.44, 1.7999
_0766_, 34.92, 73.44, 1.7999
FILLER_0_23_57, 34.92, 73.44, 1.7999
FILLER_0_23_65, 34.92, 73.44, 1.7999
FILLER_0_23_72, 34.92, 73.44, 1.7999
_0771_, 45.75, 73.44, 1.79985
_1130_, 45.75, 73.44, 1.79985
clkbuf_2_0__f_clock, 45.75, 73.44, 1.79985
FILLER_0_22_94, 45.75, 73.44, 1.79985
FILLER_0_23_80, 45.75, 73.44, 1.79985
_0569_, 107.145, 73.44, 1.79998
_0716_, 107.145, 73.44, 1.79998
_0731_, 107.145, 73.44, 1.79998
_0920_, 107.145, 73.44, 1.79998
FILLER_0_24_221, 107.145, 73.44, 1.79998
PHY_EDGE_ROW_20_Left_70, 5.52, 68, 1.79996
PHY_EDGE_ROW_21_Left_71, 5.52, 68, 1.79996
input17, 5.52, 68, 1.79996
output46, 5.52, 68, 1.79996
PHY_EDGE_ROW_20_Right_20, 154.1, 68, 1.79998
PHY_EDGE_ROW_21_Right_21, 154.1, 68, 1.79998
input28, 154.1, 68, 1.79998
_1126_, 11.5, 68, 1.79996
FILLER_0_21_18, 11.5, 68, 1.79996
_0695_, 36.34, 68, 1.79997
_0747_, 36.34, 68, 1.79997
_0772_, 36.34, 68, 1.79997
FILLER_0_20_73, 36.34, 68, 1.79997
FILLER_0_21_69, 36.34, 68, 1.79997
FILLER_0_21_276, 131.56, 68, 1.79998
_0693_, 34.5, 68, 1.79997
_0767_, 34.5, 68, 1.79997
_0777_, 34.5, 68, 1.79997
_0778_, 34.5, 68, 1.79997
_0684_, 44.62, 68, 1.79996
_0696_, 44.62, 68, 1.79996
_0746_, 44.62, 68, 1.79996
_1118_, 44.62, 68, 1.79996
FILLER_0_20_81, 44.62, 68, 1.79996
_0645_, 78.66, 68, 1.79995
_0841_, 78.66, 68, 1.79995
_0850_, 78.66, 68, 1.79995
FILLER_0_21_165, 78.66, 68, 1.79995
FILLER_0_21_169, 78.66, 68, 1.79995
_0598_, 117.3, 68, 1.79995
_0603_, 117.3, 68, 1.79995
FILLER_0_21_249, 117.3, 68, 1.79995
_0604_, 129.72, 68, 1.79997
_0912_, 129.72, 68, 1.79997
output44, 148.58, 68, 1.79998
output67, 148.58, 68, 1.79998
FILLER_0_20_309, 148.58, 68, 1.79998
_0833_, 52.925, 68, 1.79996
_1057_, 52.925, 68, 1.79996
hold26, 52.925, 68, 1.79996
_0646_, 69.945, 68, 1.79996
_0647_, 69.945, 68, 1.79996
FILLER_0_20_141, 69.945, 68, 1.79996
FILLER_0_21_133, 69.945, 68, 1.79996
FILLER_0_21_146, 69.945, 68, 1.79996
FILLER_0_22_136, 69.945, 68, 1.79996
_0631_, 88.515, 68, 1.79994
_0633_, 88.515, 68, 1.79994
_0642_, 88.515, 68, 1.79994
_0643_, 88.515, 68, 1.79994
_0855_, 88.515, 68, 1.79994
FILLER_0_21_185, 88.515, 68, 1.79994
FILLER_0_22_184, 88.515, 68, 1.79994
_0723_, 107.835, 68, 1.79994
_0909_, 107.835, 68, 1.79994
_0919_, 107.835, 68, 1.79994
_1045_, 107.835, 68, 1.79994
FILLER_0_21_218, 107.835, 68, 1.79994
FILLER_0_21_225, 107.835, 68, 1.79994
PHY_EDGE_ROW_18_Left_68, 5.52, 62.56, 1.79998
PHY_EDGE_ROW_19_Left_69, 5.52, 62.56, 1.79998
output55, 5.52, 62.56, 1.79998
output56, 5.52, 62.56, 1.79998
PHY_EDGE_ROW_18_Right_18, 154.1, 62.56, 1.79999
PHY_EDGE_ROW_19_Right_19, 154.1, 62.56, 1.79999
input5, 154.1, 62.56, 1.79999
FILLER_0_18_317, 154.1, 62.56, 1.79999
FILLER_0_19_313, 154.1, 62.56, 1.79999
_1125_, 15.18, 62.56, 1.79998
FILLER_0_19_19, 15.18, 62.56, 1.79998
FILLER_0_20_19, 15.18, 62.56, 1.79998
_1065_, 21.62, 62.56, 1.79999
FILLER_0_20_29, 21.62, 62.56, 1.79999
FILLER_0_20_36, 21.62, 62.56, 1.79999
_0583_, 35.88, 62.56, 1.79999
_0652_, 35.88, 62.56, 1.79999
_0653_, 35.88, 62.56, 1.79999
_0785_, 35.88, 62.56, 1.79999
_0786_, 35.88, 62.56, 1.79999
FILLER_0_19_73, 35.88, 62.56, 1.79999
_0578_, 92.92, 62.56, 1.79999
_0856_, 92.92, 62.56, 1.79999
_0857_, 92.92, 62.56, 1.79999
_0573_, 110.4, 62.56, 1.79999
_0879_, 110.4, 62.56, 1.79999
_0910_, 110.4, 62.56, 1.79999
_0914_, 110.4, 62.56, 1.79999
_0915_, 110.4, 62.56, 1.79999
FILLER_0_19_225, 110.4, 62.56, 1.79999
FILLER_0_19_237, 110.4, 62.56, 1.79999
FILLER_0_19_276, 131.56, 62.56, 1.79999
_0832_, 63.02, 62.56, 1.79999
FILLER_0_20_132, 63.02, 62.56, 1.79999
_0648_, 78.66, 62.56, 1.79999
_0840_, 78.66, 62.56, 1.79999
_0848_, 78.66, 62.56, 1.79999
_0849_, 78.66, 62.56, 1.79999
FILLER_0_19_165, 78.66, 62.56, 1.79999
FILLER_0_20_165, 78.66, 62.56, 1.79999
FILLER_0_20_183, 90.62, 62.56, 1.79999
_0913_, 129.72, 62.56, 1.79999
FILLER_0_19_305, 143.06, 62.56, 1.79999
FILLER_0_20_304, 143.06, 62.56, 1.79999
_0654_, 48.555, 62.56, 1.79999
_0779_, 48.555, 62.56, 1.79999
_0830_, 48.555, 62.56, 1.79999
FILLER_0_19_89, 48.555, 62.56, 1.79999
FILLER_0_19_104, 48.555, 62.56, 1.79999
FILLER_0_20_91, 48.555, 62.56, 1.79999
_0579_, 70.84, 62.56, 1.79999
_0580_, 70.84, 62.56, 1.79999
_0822_, 70.84, 62.56, 1.79999
_0831_, 70.84, 62.56, 1.79999
_0842_, 70.84, 62.56, 1.79999
FILLER_0_19_143, 70.84, 62.56, 1.79999
_0599_, 120.06, 62.56, 1.79999
_0600_, 120.06, 62.56, 1.79999
_0611_, 120.06, 62.56, 1.79999
_0612_, 120.06, 62.56, 1.79999
_0898_, 120.06, 62.56, 1.79999
FILLER_0_18_253, 120.06, 62.56, 1.79999
FILLER_0_19_248, 120.06, 62.56, 1.79999
FILLER_0_20_247, 120.06, 62.56, 1.79999
PHY_EDGE_ROW_16_Left_66, 5.52, 57.12, 1.79997
PHY_EDGE_ROW_17_Left_67, 5.52, 57.12, 1.79997
input16, 5.52, 57.12, 1.79997
PHY_EDGE_ROW_16_Right_16, 154.1, 57.12, 1.79999
PHY_EDGE_ROW_17_Right_17, 154.1, 57.12, 1.79999
input29, 154.1, 57.12, 1.79999
output68, 154.1, 57.12, 1.79999
_1124_, 11.5, 57.12, 1.79997
_0676_, 47.38, 57.12, 1.79999
_0677_, 47.38, 57.12, 1.79999
FILLER_0_17_87, 47.38, 57.12, 1.79999
FILLER_0_18_85, 47.38, 57.12, 1.79999
_0829_, 52.9, 57.12, 1.79999
_0823_, 63.02, 57.12, 1.79999
_0826_, 63.02, 57.12, 1.79999
FILLER_0_17_128, 63.02, 57.12, 1.79999
_0627_, 86.48, 57.12, 1.79998
_0628_, 86.48, 57.12, 1.79998
_0629_, 86.48, 57.12, 1.79998
_0836_, 86.48, 57.12, 1.79998
_0853_, 86.48, 57.12, 1.79998
_0860_, 86.48, 57.12, 1.79998
_0862_, 86.48, 57.12, 1.79998
FILLER_0_16_182, 86.48, 57.12, 1.79998
_0634_, 98.9, 57.12, 1.79999
_0635_, 98.9, 57.12, 1.79999
_0835_, 98.9, 57.12, 1.79999
FILLER_0_16_209, 98.9, 57.12, 1.79999
FILLER_0_18_304, 144.44, 57.12, 1.79999
_0665_, 54.28, 57.12, 1.79999
_0666_, 54.28, 57.12, 1.79999
_0678_, 54.28, 57.12, 1.79999
FILLER_0_16_109, 54.28, 57.12, 1.79999
_0824_, 61.64, 57.12, 1.79999
_1114_, 71.3, 57.12, 1.79998
FILLER_0_17_149, 71.3, 57.12, 1.79998
FILLER_0_18_150, 71.3, 57.12, 1.79998
_0575_, 105.34, 57.12, 1.79999
_0576_, 105.34, 57.12, 1.79999
_0834_, 105.34, 57.12, 1.79999
FILLER_0_17_313, 146.74, 57.12, 1.79999
FILLER_0_18_309, 146.74, 57.12, 1.79999
_0683_, 35.735, 57.12, 1.79999
_0782_, 35.735, 57.12, 1.79999
_0783_, 35.735, 57.12, 1.79999
_0784_, 35.735, 57.12, 1.79999
_0790_, 35.735, 57.12, 1.79999
_0791_, 35.735, 57.12, 1.79999
FILLER_0_16_58, 35.735, 57.12, 1.79999
FILLER_0_17_64, 35.735, 57.12, 1.79999
_0861_, 78.89, 57.12, 1.79998
hold24, 78.89, 57.12, 1.79998
FILLER_0_17_162, 78.89, 57.12, 1.79998
FILLER_0_18_167, 78.89, 57.12, 1.79998
_0607_, 115.396, 57.12, 1.79998
_0610_, 115.396, 57.12, 1.79998
_0614_, 115.396, 57.12, 1.79998
_0893_, 115.396, 57.12, 1.79998
_0906_, 115.396, 57.12, 1.79998
_0907_, 115.396, 57.12, 1.79998
FILLER_0_18_234, 115.396, 57.12, 1.79998
_0613_, 125.453, 57.12, 1.79998
_0897_, 125.453, 57.12, 1.79998
_0904_, 125.453, 57.12, 1.79998
_0905_, 125.453, 57.12, 1.79998
_0908_, 125.453, 57.12, 1.79998
_1108_, 125.453, 57.12, 1.79998
FILLER_0_16_257, 125.453, 57.12, 1.79998
FILLER_0_17_270, 125.453, 57.12, 1.79998
PHY_EDGE_ROW_14_Left_64, 5.52, 51.68, 1.8
PHY_EDGE_ROW_15_Left_65, 5.52, 51.68, 1.8
output47, 5.52, 51.68, 1.8
output54, 5.52, 51.68, 1.8
PHY_EDGE_ROW_14_Right_14, 154.1, 51.68, 1.79999
PHY_EDGE_ROW_15_Right_15, 154.1, 51.68, 1.79999
input30, 154.1, 51.68, 1.79999
input31, 154.1, 51.68, 1.79999
FILLER_0_16_19, 11.5, 51.68, 1.8
_0680_, 52.9, 51.68, 1.79999
_0780_, 52.9, 51.68, 1.79999
FILLER_0_14_109, 52.9, 51.68, 1.79999
_0667_, 65.78, 51.68, 1.79999
_0668_, 65.78, 51.68, 1.79999
_0669_, 65.78, 51.68, 1.79999
FILLER_0_16_137, 65.78, 51.68, 1.79999
_1046_, 132.02, 51.68, 1.8
FILLER_0_15_269, 132.02, 51.68, 1.8
FILLER_0_15_275, 132.02, 51.68, 1.8
_0793_, 17.02, 51.68, 1.8
FILLER_0_14_29, 17.02, 51.68, 1.8
FILLER_0_16_29, 17.02, 51.68, 1.8
_1063_, 22.54, 51.68, 1.8
FILLER_0_14_37, 22.54, 51.68, 1.8
FILLER_0_16_35, 22.54, 51.68, 1.8
_0651_, 28.06, 51.68, 1.8
_0787_, 28.06, 51.68, 1.8
_0788_, 28.06, 51.68, 1.8
_0800_, 28.06, 51.68, 1.8
FILLER_0_14_55, 28.06, 51.68, 1.8
FILLER_0_16_51, 28.06, 51.68, 1.8
_0655_, 37.72, 51.68, 1.79999
_0662_, 37.72, 51.68, 1.79999
_0663_, 37.72, 51.68, 1.79999
_0682_, 37.72, 51.68, 1.79999
_0795_, 37.72, 51.68, 1.79999
FILLER_0_16_68, 37.72, 51.68, 1.79999
_0864_, 79.58, 51.68, 1.79999
_0872_, 79.58, 51.68, 1.79999
_0577_, 86.02, 51.68, 1.79999
_0869_, 86.02, 51.68, 1.79999
_0870_, 86.02, 51.68, 1.79999
FILLER_0_14_179, 86.02, 51.68, 1.79999
FILLER_0_14_309, 148.58, 51.68, 1.79999
FILLER_0_16_309, 148.58, 51.68, 1.79999
_0781_, 45.31, 51.68, 1.79999
_0805_, 45.31, 51.68, 1.79999
FILLER_0_14_85, 45.31, 51.68, 1.79999
_1052_, 72.68, 51.68, 1.79999
FILLER_0_15_143, 72.68, 51.68, 1.79999
_0880_, 109.586, 51.68, 1.79999
_0888_, 109.586, 51.68, 1.79999
_0889_, 109.586, 51.68, 1.79999
_0894_, 109.586, 51.68, 1.79999
_0895_, 109.586, 51.68, 1.79999
FILLER_0_14_228, 109.586, 51.68, 1.79999
FILLER_0_16_224, 109.586, 51.68, 1.79999
_0574_, 120.803, 51.68, 1.79999
_0609_, 120.803, 51.68, 1.79999
_0896_, 120.803, 51.68, 1.79999
_0899_, 120.803, 51.68, 1.79999
_0902_, 120.803, 51.68, 1.79999
FILLER_0_15_247, 120.803, 51.68, 1.79999
FILLER_0_15_261, 120.803, 51.68, 1.79999
FILLER_0_16_246, 120.803, 51.68, 1.79999
PHY_EDGE_ROW_12_Left_62, 5.52, 46.24, 1.79998
PHY_EDGE_ROW_13_Left_63, 5.52, 46.24, 1.79998
output53, 5.52, 46.24, 1.79998
PHY_EDGE_ROW_12_Right_12, 154.1, 46.24, 1.79999
PHY_EDGE_ROW_13_Right_13, 154.1, 46.24, 1.79999
FILLER_0_13_317, 154.1, 46.24, 1.79999
_0660_, 34.04, 46.24, 1.79998
_0661_, 34.04, 46.24, 1.79998
_0681_, 34.04, 46.24, 1.79998
_0794_, 34.04, 46.24, 1.79998
_0799_, 34.04, 46.24, 1.79998
FILLER_0_13_62, 34.04, 46.24, 1.79998
_0636_, 80.96, 46.24, 1.79998
_0639_, 80.96, 46.24, 1.79998
_0640_, 80.96, 46.24, 1.79998
_0871_, 80.96, 46.24, 1.79998
_1051_, 80.96, 46.24, 1.79998
FILLER_0_13_159, 80.96, 46.24, 1.79998
FILLER_0_13_169, 80.96, 46.24, 1.79998
_0900_, 124.66, 46.24, 1.79998
_0901_, 124.66, 46.24, 1.79998
hold20, 124.66, 46.24, 1.79998
_1123_, 15.18, 46.24, 1.79998
FILLER_0_12_18, 15.18, 46.24, 1.79998
FILLER_0_14_19, 15.18, 46.24, 1.79998
_0582_, 42.32, 46.24, 1.79998
_0796_, 42.32, 46.24, 1.79998
_0671_, 47.84, 46.24, 1.79998
_0675_, 47.84, 46.24, 1.79998
_0804_, 47.84, 46.24, 1.79998
FILLER_0_13_98, 47.84, 46.24, 1.79998
_0679_, 60.26, 46.24, 1.79999
_0817_, 60.26, 46.24, 1.79999
_0807_, 68.08, 46.24, 1.79998
_0816_, 68.08, 46.24, 1.79998
_0873_, 68.08, 46.24, 1.79998
_1113_, 68.08, 46.24, 1.79998
FILLER_0_13_142, 68.08, 46.24, 1.79998
FILLER_0_14_137, 68.08, 46.24, 1.79998
_0877_, 92, 46.24, 1.79999
FILLER_0_13_194, 92, 46.24, 1.79999
FILLER_0_14_189, 92, 46.24, 1.79999
_0622_, 104.88, 46.24, 1.79998
_0883_, 104.88, 46.24, 1.79998
_0884_, 104.88, 46.24, 1.79998
_0892_, 104.88, 46.24, 1.79998
FILLER_0_12_215, 104.88, 46.24, 1.79998
FILLER_0_14_217, 104.88, 46.24, 1.79998
FILLER_0_14_305, 143.06, 46.24, 1.79999
output69, 148.58, 46.24, 1.79999
FILLER_0_12_309, 148.58, 46.24, 1.79999
_0608_, 114.77, 46.24, 1.79998
_0623_, 114.77, 46.24, 1.79998
_0903_, 114.77, 46.24, 1.79998
_1109_, 114.77, 46.24, 1.79998
hold22, 114.77, 46.24, 1.79998
FILLER_0_12_234, 114.77, 46.24, 1.79998
FILLER_0_14_236, 114.77, 46.24, 1.79998
PHY_EDGE_ROW_10_Left_60, 5.52, 40.8, 1.79998
PHY_EDGE_ROW_11_Left_61, 5.52, 40.8, 1.79998
input14, 5.52, 40.8, 1.79998
input15, 5.52, 40.8, 1.79998
PHY_EDGE_ROW_10_Right_10, 154.1, 40.8, 1.79999
PHY_EDGE_ROW_11_Right_11, 154.1, 40.8, 1.79999
output70, 154.1, 40.8, 1.79999
FILLER_0_10_317, 154.1, 40.8, 1.79999
FILLER_0_11_313, 154.1, 40.8, 1.79999
_0670_, 47.38, 40.8, 1.79999
_0797_, 47.38, 40.8, 1.79999
_0813_, 47.38, 40.8, 1.79999
FILLER_0_11_80, 47.38, 40.8, 1.79999
FILLER_0_11_91, 47.38, 40.8, 1.79999
_0808_, 52.9, 40.8, 1.79999
_0809_, 52.9, 40.8, 1.79999
_0812_, 52.9, 40.8, 1.79999
FILLER_0_10_109, 52.9, 40.8, 1.79999
FILLER_0_11_102, 52.9, 40.8, 1.79999
FILLER_0_12_107, 52.9, 40.8, 1.79999
_0615_, 73.14, 40.8, 1.79999
FILLER_0_11_150, 73.14, 40.8, 1.79999
_0867_, 78.66, 40.8, 1.79999
_0868_, 78.66, 40.8, 1.79999
FILLER_0_11_163, 78.66, 40.8, 1.79999
_1047_, 118.68, 40.8, 1.79999
FILLER_0_11_245, 118.68, 40.8, 1.79999
FILLER_0_12_248, 118.68, 40.8, 1.79999
FILLER_0_12_29, 16.56, 40.8, 1.79998
_1062_, 22.08, 40.8, 1.79998
_0811_, 60.26, 40.8, 1.79999
_0820_, 60.26, 40.8, 1.79999
FILLER_0_10_117, 60.26, 40.8, 1.79999
FILLER_0_12_115, 60.26, 40.8, 1.79999
FILLER_0_12_141, 71.76, 40.8, 1.79999
_0617_, 92, 40.8, 1.79999
_0638_, 92, 40.8, 1.79999
_0866_, 92, 40.8, 1.79999
_0875_, 92, 40.8, 1.79999
FILLER_0_10_190, 92, 40.8, 1.79999
FILLER_0_11_194, 92, 40.8, 1.79999
FILLER_0_12_179, 92, 40.8, 1.79999
FILLER_0_11_305, 143.06, 40.8, 1.79999
FILLER_0_12_301, 143.06, 40.8, 1.79999
_0581_, 35.735, 40.8, 1.79999
_0657_, 35.735, 40.8, 1.79999
_0658_, 35.735, 40.8, 1.79999
_0798_, 35.735, 40.8, 1.79999
_0806_, 35.735, 40.8, 1.79999
hold17, 35.735, 40.8, 1.79999
_0619_, 108.525, 40.8, 1.79998
_0621_, 108.525, 40.8, 1.79998
_0637_, 108.525, 40.8, 1.79998
_1110_, 108.525, 40.8, 1.79998
FILLER_0_11_220, 108.525, 40.8, 1.79998
PHY_EDGE_ROW_8_Left_58, 5.52, 35.36, 1.79999
PHY_EDGE_ROW_9_Left_59, 5.52, 35.36, 1.79999
input13, 5.52, 35.36, 1.79999
output52, 5.52, 35.36, 1.79999
PHY_EDGE_ROW_8_Right_8, 154.1, 35.36, 1.8
PHY_EDGE_ROW_9_Right_9, 154.1, 35.36, 1.8
FILLER_0_8_317, 154.1, 35.36, 1.8
FILLER_0_9_317, 154.1, 35.36, 1.8
FILLER_0_10_19, 15.18, 35.36, 1.79999
_1061_, 27.14, 35.36, 1.79999
FILLER_0_9_52, 27.14, 35.36, 1.79999
_0802_, 32.66, 35.36, 1.79998
_0656_, 38.18, 35.36, 1.79998
_0815_, 38.18, 35.36, 1.79998
_1121_, 38.18, 35.36, 1.79998
FILLER_0_9_69, 38.18, 35.36, 1.79998
FILLER_0_10_79, 38.18, 35.36, 1.79998
_1060_, 51.52, 35.36, 1.79998
FILLER_0_9_104, 51.52, 35.36, 1.79998
_1059_, 63.48, 35.36, 1.79998
FILLER_0_10_129, 63.48, 35.36, 1.79998
_1112_, 78.66, 35.36, 1.79997
FILLER_0_9_160, 78.66, 35.36, 1.79997
FILLER_0_10_165, 78.66, 35.36, 1.79997
_0616_, 89.7, 35.36, 1.79998
_0878_, 89.7, 35.36, 1.79998
FILLER_0_9_189, 89.7, 35.36, 1.79998
FILLER_0_10_173, 89.7, 35.36, 1.79998
hold15, 103.96, 35.36, 1.79998
FILLER_0_9_215, 103.96, 35.36, 1.79998
_0620_, 109.48, 35.36, 1.79999
_1048_, 115, 35.36, 1.79999
FILLER_0_9_273, 130.18, 35.36, 1.79999
FILLER_0_10_29, 16.56, 35.36, 1.79999
FILLER_0_10_62, 34.5, 35.36, 1.79998
FILLER_0_10_137, 70.84, 35.36, 1.79998
_0618_, 111.78, 35.36, 1.79999
FILLER_0_10_301, 143.06, 35.36, 1.8
FILLER_0_8_309, 148.58, 35.36, 1.8
FILLER_0_10_309, 148.58, 35.36, 1.8
PHY_EDGE_ROW_6_Left_56, 5.52, 29.92, 1.8
PHY_EDGE_ROW_7_Left_57, 5.52, 29.92, 1.8
PHY_EDGE_ROW_6_Right_6, 154.1, 29.92, 1.8
PHY_EDGE_ROW_7_Right_7, 154.1, 29.92, 1.8
FILLER_0_6_317, 154.1, 29.92, 1.8
FILLER_0_7_317, 154.1, 29.92, 1.8
FILLER_0_7_51, 27.14, 29.92, 1.8
FILLER_0_7_105, 52.9, 29.92, 1.8
FILLER_0_8_106, 52.9, 29.92, 1.8
FILLER_0_8_114, 58.42, 29.92, 1.8
FILLER_0_7_161, 78.66, 29.92, 1.8
FILLER_0_8_165, 78.66, 29.92, 1.8
_1049_, 98.9, 29.92, 1.8
FILLER_0_7_217, 104.42, 29.92, 1.8
FILLER_0_7_273, 130.18, 29.92, 1.8
FILLER_0_8_77, 40.02, 29.92, 1.8
_0814_, 45.54, 29.92, 1.8
_0821_, 60.26, 29.92, 1.8
FILLER_0_8_132, 65.78, 29.92, 1.8
_1050_, 86.02, 29.92, 1.8
FILLER_0_8_189, 91.54, 29.92, 1.8
FILLER_0_8_197, 97.06, 29.92, 1.8
FILLER_0_8_244, 117.3, 29.92, 1.8
FILLER_0_8_301, 143.06, 29.92, 1.8
FILLER_0_6_309, 148.58, 29.92, 1.8
PHY_EDGE_ROW_4_Left_54, 5.52, 24.48, 1.8
PHY_EDGE_ROW_5_Left_55, 5.52, 24.48, 1.8
PHY_EDGE_ROW_4_Right_4, 154.1, 24.48, 1.8
PHY_EDGE_ROW_5_Right_5, 154.1, 24.48, 1.8
FILLER_0_4_317, 154.1, 24.48, 1.8
FILLER_0_5_317, 154.1, 24.48, 1.8
FILLER_0_5_51, 27.14, 24.48, 1.8
FILLER_0_5_105, 52.9, 24.48, 1.8
FILLER_0_5_161, 78.66, 24.48, 1.8
FILLER_0_5_217, 104.42, 24.48, 1.8
FILLER_0_5_273, 130.18, 24.48, 1.8
FILLER_0_6_77, 40.02, 24.48, 1.8
FILLER_0_6_133, 65.78, 24.48, 1.8
FILLER_0_6_189, 91.54, 24.48, 1.8
FILLER_0_6_245, 117.3, 24.48, 1.8
FILLER_0_6_301, 143.06, 24.48, 1.8
FILLER_0_4_309, 148.58, 24.48, 1.8
PHY_EDGE_ROW_2_Left_52, 5.52, 19.04, 1.8
PHY_EDGE_ROW_3_Left_53, 5.52, 19.04, 1.8
PHY_EDGE_ROW_2_Right_2, 154.1, 19.04, 1.8
PHY_EDGE_ROW_3_Right_3, 154.1, 19.04, 1.8
FILLER_0_2_317, 154.1, 19.04, 1.8
FILLER_0_3_317, 154.1, 19.04, 1.8
FILLER_0_3_51, 27.14, 19.04, 1.8
FILLER_0_3_105, 52.9, 19.04, 1.8
FILLER_0_3_161, 78.66, 19.04, 1.8
FILLER_0_3_217, 104.42, 19.04, 1.8
FILLER_0_3_273, 130.18, 19.04, 1.8
FILLER_0_4_77, 40.02, 19.04, 1.8
FILLER_0_4_133, 65.78, 19.04, 1.8
FILLER_0_4_189, 91.54, 19.04, 1.8
FILLER_0_4_245, 117.3, 19.04, 1.8
FILLER_0_4_301, 143.06, 19.04, 1.8
FILLER_0_2_309, 148.58, 19.04, 1.8
PHY_EDGE_ROW_0_Left_50, 5.52, 13.6, 1.8
PHY_EDGE_ROW_1_Left_51, 5.52, 13.6, 1.8
PHY_EDGE_ROW_0_Right_0, 154.1, 13.6, 1.8
PHY_EDGE_ROW_1_Right_1, 154.1, 13.6, 1.8
FILLER_0_0_317, 154.1, 13.6, 1.8
FILLER_0_1_317, 154.1, 13.6, 1.8
FILLER_0_0_53, 27.14, 13.6, 1.8
FILLER_0_1_51, 27.14, 13.6, 1.8
FILLER_0_0_81, 40.02, 13.6, 1.8
FILLER_0_2_77, 40.02, 13.6, 1.8
FILLER_0_0_249, 117.3, 13.6, 1.8
FILLER_0_2_245, 117.3, 13.6, 1.8
FILLER_0_1_273, 130.18, 13.6, 1.8
FILLER_0_0_305, 143.06, 13.6, 1.8
FILLER_0_2_301, 143.06, 13.6, 1.8
input10, 45.54, 13.6, 1.79999
FILLER_0_0_90, 45.54, 13.6, 1.79999
input11, 51.06, 13.6, 1.79999
output50, 51.06, 13.6, 1.79999
FILLER_0_0_97, 51.06, 13.6, 1.79999
FILLER_0_0_105, 51.06, 13.6, 1.79999
FILLER_0_1_105, 51.06, 13.6, 1.79999
input8, 60.26, 13.6, 1.79999
FILLER_0_0_118, 60.26, 13.6, 1.79999
input9, 65.78, 13.6, 1.79999
output48, 65.78, 13.6, 1.79999
FILLER_0_0_133, 65.78, 13.6, 1.79999
FILLER_0_2_133, 65.78, 13.6, 1.79999
FILLER_0_0_141, 71.3, 13.6, 1.79999
input6, 76.82, 13.6, 1.79999
output42, 76.82, 13.6, 1.79999
output43, 76.82, 13.6, 1.79999
FILLER_0_0_154, 76.82, 13.6, 1.79999
FILLER_0_0_161, 76.82, 13.6, 1.79999
FILLER_0_1_161, 76.82, 13.6, 1.79999
input2, 86.02, 13.6, 1.79999
input3, 86.02, 13.6, 1.79999
FILLER_0_0_175, 86.02, 13.6, 1.79999
input4, 91.54, 13.6, 1.79999
output41, 91.54, 13.6, 1.79999
FILLER_0_0_182, 91.54, 13.6, 1.79999
FILLER_0_0_189, 91.54, 13.6, 1.79999
FILLER_0_2_189, 91.54, 13.6, 1.79999
input32, 102.58, 13.6, 1.8
output71, 102.58, 13.6, 1.8
FILLER_0_0_209, 102.58, 13.6, 1.8
FILLER_0_0_217, 102.58, 13.6, 1.8
FILLER_0_1_217, 102.58, 13.6, 1.8
FILLER_0_0_309, 148.58, 13.6, 1.8

