Instance name, X location, Y location, Voltage
FILLER_0_49_209, 101.67, 146.88, 6.12587e-07
_1004_, 101.67, 125.12, 2.2116e-05
_1034_, 101.67, 125.12, 2.2116e-05
_1098_, 101.67, 125.12, 2.2116e-05
FILLER_0_42_201, 101.67, 125.12, 2.2116e-05
_0986_, 101.67, 119.68, 1.83845e-05
_0997_, 101.67, 119.68, 1.83845e-05
_1003_, 101.67, 119.68, 1.83845e-05
FILLER_0_41_215, 101.67, 119.68, 1.83845e-05
_0987_, 101.67, 114.24, 6.55285e-06
_0998_, 101.67, 114.24, 6.55285e-06
_0991_, 101.67, 108.8, 1.18269e-05
_1001_, 101.67, 108.8, 1.18269e-05
_1002_, 101.67, 108.8, 1.18269e-05
FILLER_0_36_213, 101.67, 108.8, 1.18269e-05
_0951_, 101.67, 103.36, 1.18184e-05
_0952_, 101.67, 103.36, 1.18184e-05
_1000_, 101.67, 103.36, 1.18184e-05
_1026_, 101.67, 103.36, 1.18184e-05
_1075_, 101.67, 97.92, 3.21032e-05
_1136_, 101.67, 97.92, 3.21032e-05
FILLER_0_33_202, 101.67, 97.92, 3.21032e-05
_0560_, 101.67, 92.48, 8.20292e-05
_0595_, 101.67, 92.48, 8.20292e-05
_0936_, 101.67, 92.48, 8.20292e-05
clkbuf_2_3__f_clock, 101.67, 92.48, 8.20292e-05
hold33, 101.67, 92.48, 8.20292e-05
FILLER_0_31_198, 101.67, 92.48, 8.20292e-05
_0593_, 101.67, 87.04, 3.06411e-05
_0594_, 101.67, 87.04, 3.06411e-05
_0937_, 101.67, 87.04, 3.06411e-05
hold35, 101.67, 87.04, 3.06411e-05
_0562_, 101.67, 81.6, 4.21529e-05
_0572_, 101.67, 81.6, 4.21529e-05
_0938_, 101.67, 81.6, 4.21529e-05
_0939_, 101.67, 81.6, 4.21529e-05
_0731_, 101.67, 76.16, 3.25365e-05
_0926_, 101.67, 76.16, 3.25365e-05
FILLER_0_24_209, 101.67, 76.16, 3.25365e-05
_0716_, 101.67, 70.72, 7.81883e-05
_1053_, 101.67, 70.72, 7.81883e-05
clkbuf_2_2__f_clock, 101.67, 70.72, 7.81883e-05
_1045_, 101.67, 65.28, 1.56541e-05
_1107_, 101.67, 65.28, 1.56541e-05
FILLER_0_19_208, 101.67, 65.28, 1.56541e-05
FILLER_0_21_203, 101.67, 65.28, 1.56541e-05
FILLER_0_21_211, 101.67, 65.28, 1.56541e-05
_0634_, 101.67, 59.84, 2.51961e-06
_0635_, 101.67, 59.84, 2.51961e-06
_0916_, 101.67, 59.84, 2.51961e-06
FILLER_0_18_200, 101.67, 59.84, 2.51961e-06
FILLER_0_19_200, 101.67, 59.84, 2.51961e-06
_0575_, 101.67, 54.4, 9.93971e-06
FILLER_0_15_209, 101.67, 54.4, 9.93971e-06
FILLER_0_16_209, 101.67, 54.4, 9.93971e-06
_0865_, 101.67, 48.96, 6.11369e-06
_0881_, 101.67, 48.96, 6.11369e-06
_0883_, 101.67, 48.96, 6.11369e-06
_0890_, 101.67, 48.96, 6.11369e-06
_0891_, 101.67, 48.96, 6.11369e-06
_0624_, 101.67, 43.52, 9.69344e-06
_0884_, 101.67, 43.52, 9.69344e-06
_0885_, 101.67, 43.52, 9.69344e-06
FILLER_0_11_207, 101.67, 43.52, 9.69344e-06
FILLER_0_12_215, 101.67, 43.52, 9.69344e-06
_0619_, 101.67, 38.08, 9.35178e-06
_0637_, 101.67, 38.08, 9.35178e-06
_0886_, 101.67, 38.08, 9.35178e-06
_0887_, 101.67, 38.08, 9.35178e-06
hold15, 101.67, 38.08, 9.35178e-06
FILLER_0_10_197, 101.67, 38.08, 9.35178e-06
FILLER_0_11_220, 101.67, 38.08, 9.35178e-06
_1049_, 101.67, 32.64, 1.48384e-05
input32, 101.67, 10.88, 3.67927e-06
output71, 101.67, 10.88, 3.67927e-06
FILLER_0_0_209, 101.67, 10.88, 3.67927e-06
FILLER_0_0_217, 101.67, 10.88, 3.67927e-06
input25, 64.53, 141.44, 2.19538e-06
FILLER_0_42_133, 64.53, 125.12, 1.4774e-05
_1020_, 64.53, 119.68, 1.80745e-05
_1022_, 64.53, 119.68, 1.80745e-05
FILLER_0_40_134, 64.53, 119.68, 1.80745e-05
_1021_, 64.53, 114.24, 1.70246e-05
_1096_, 64.53, 114.24, 1.70246e-05
_1030_, 64.53, 108.8, 2.92358e-05
_1031_, 64.53, 108.8, 2.92358e-05
_1146_, 64.53, 108.8, 2.92358e-05
hold13, 64.53, 108.8, 2.92358e-05
_0587_, 64.53, 97.92, 4.97733e-05
_0711_, 64.53, 97.92, 4.97733e-05
_0718_, 64.53, 97.92, 4.97733e-05
_0712_, 64.53, 92.48, 2.14051e-05
_0714_, 64.53, 92.48, 2.14051e-05
_0715_, 64.53, 92.48, 2.14051e-05
_0717_, 64.53, 92.48, 2.14051e-05
FILLER_0_30_118, 64.53, 92.48, 2.14051e-05
FILLER_0_30_141, 64.53, 92.48, 2.14051e-05
FILLER_0_31_125, 64.53, 92.48, 2.14051e-05
FILLER_0_31_137, 64.53, 92.48, 2.14051e-05
_0551_, 64.53, 87.04, 2.308e-05
_0708_, 64.53, 87.04, 2.308e-05
FILLER_0_28_133, 64.53, 87.04, 2.308e-05
FILLER_0_29_137, 64.53, 87.04, 2.308e-05
_0721_, 64.53, 81.6, 6.33804e-05
_0722_, 64.53, 81.6, 6.33804e-05
_0726_, 64.53, 81.6, 6.33804e-05
_0735_, 64.53, 81.6, 6.33804e-05
_1032_, 64.53, 81.6, 6.33804e-05
_1055_, 64.53, 76.16, 3.75259e-05
_1066_, 64.53, 76.16, 3.75259e-05
_1117_, 64.53, 76.16, 3.75259e-05
FILLER_0_24_137, 64.53, 76.16, 3.75259e-05
FILLER_0_25_119, 64.53, 76.16, 3.75259e-05
FILLER_0_25_127, 64.53, 76.16, 3.75259e-05
_0845_, 64.53, 70.72, 6.30828e-05
_1056_, 64.53, 70.72, 6.30828e-05
_1058_, 64.53, 70.72, 6.30828e-05
FILLER_0_20_132, 64.53, 65.28, 1.36696e-05
_0822_, 64.53, 59.84, 5.87943e-06
_0826_, 64.53, 59.84, 5.87943e-06
_0832_, 64.53, 59.84, 5.87943e-06
FILLER_0_17_128, 64.53, 59.84, 5.87943e-06
_0668_, 64.53, 54.4, 9.78488e-06
_0823_, 64.53, 54.4, 9.78488e-06
_0674_, 64.53, 43.52, 7.75086e-06
_0807_, 64.53, 43.52, 7.75086e-06
_0819_, 64.53, 43.52, 7.75086e-06
_0672_, 64.53, 38.08, 6.13702e-06
_0673_, 64.53, 38.08, 6.13702e-06
_0820_, 64.53, 38.08, 6.13702e-06
FILLER_0_10_117, 64.53, 38.08, 6.13702e-06
FILLER_0_10_129, 64.53, 38.08, 6.13702e-06
input9, 64.53, 10.88, 3.74951e-06
output48, 64.53, 10.88, 3.74951e-06
output49, 64.53, 10.88, 3.74951e-06
FILLER_0_0_118, 64.53, 10.88, 3.74951e-06
FILLER_0_0_126, 64.53, 10.88, 3.74951e-06
FILLER_0_0_133, 64.53, 10.88, 3.74951e-06
FILLER_0_49_53, 27.39, 141.44, 5.28169e-07
FILLER_0_47_51, 27.39, 136, 5.4944e-08
FILLER_0_45_51, 27.39, 130.56, 6.81449e-09
FILLER_0_43_51, 27.39, 125.12, 4.46723e-06
_1012_, 27.39, 108.8, 3.3563e-05
_1151_, 27.39, 108.8, 3.3563e-05
FILLER_0_37_51, 27.39, 108.8, 3.3563e-05
_1090_, 27.39, 103.36, 3.65722e-05
hold5, 27.39, 103.36, 3.65722e-05
FILLER_0_35_49, 27.39, 103.36, 3.65722e-05
_1069_, 27.39, 97.92, 5.82022e-05
FILLER_0_32_53, 27.39, 97.92, 5.82022e-05
FILLER_0_33_51, 27.39, 97.92, 5.82022e-05
_0687_, 27.39, 92.48, 1.81913e-05
_0756_, 27.39, 92.48, 1.81913e-05
FILLER_0_30_43, 27.39, 92.48, 1.81913e-05
FILLER_0_30_52, 27.39, 92.48, 1.81913e-05
FILLER_0_31_57, 27.39, 92.48, 1.81913e-05
_0686_, 27.39, 87.04, 1.10695e-05
_0753_, 27.39, 87.04, 1.10695e-05
_0755_, 27.39, 87.04, 1.10695e-05
_0760_, 27.39, 87.04, 1.10695e-05
FILLER_0_29_43, 27.39, 87.04, 1.10695e-05
FILLER_0_29_52, 27.39, 87.04, 1.10695e-05
FILLER_0_29_57, 27.39, 87.04, 1.10695e-05
_0757_, 27.39, 81.6, 2.21972e-05
_1067_, 27.39, 81.6, 2.21972e-05
FILLER_0_27_43, 27.39, 81.6, 2.21972e-05
FILLER_0_27_50, 27.39, 81.6, 2.21972e-05
_0690_, 27.39, 76.16, 2.90553e-05
_0769_, 27.39, 76.16, 2.90553e-05
_0770_, 27.39, 76.16, 2.90553e-05
hold14, 27.39, 76.16, 2.90553e-05
FILLER_0_24_59, 27.39, 76.16, 2.90553e-05
_0584_, 27.39, 70.72, 5.86918e-05
_0767_, 27.39, 70.72, 5.86918e-05
_0774_, 27.39, 70.72, 5.86918e-05
FILLER_0_22_42, 27.39, 70.72, 5.86918e-05
_0773_, 27.39, 65.28, 1.83722e-05
_0778_, 27.39, 65.28, 1.83722e-05
hold18, 27.39, 65.28, 1.83722e-05
FILLER_0_21_43, 27.39, 65.28, 1.83722e-05
FILLER_0_21_51, 27.39, 65.28, 1.83722e-05
_0776_, 27.39, 59.84, 1.91734e-05
_0789_, 27.39, 59.84, 1.91734e-05
_0790_, 27.39, 59.84, 1.91734e-05
_1064_, 27.39, 59.84, 1.91734e-05
FILLER_0_19_51, 27.39, 59.84, 1.91734e-05
_0651_, 27.39, 54.4, 4.93365e-06
_0800_, 27.39, 48.96, 4.80706e-06
hold19, 27.39, 48.96, 4.80706e-06
FILLER_0_14_37, 27.39, 48.96, 4.80706e-06
FILLER_0_14_55, 27.39, 48.96, 4.80706e-06
_0659_, 27.39, 43.52, 1.42042e-05
_0799_, 27.39, 43.52, 1.42042e-05
_0801_, 27.39, 43.52, 1.42042e-05
_0803_, 27.39, 38.08, 1.26748e-05
FILLER_0_11_42, 27.39, 38.08, 1.26748e-05
_1061_, 27.39, 32.64, 1.21879e-05
FILLER_0_9_52, 27.39, 32.64, 1.21879e-05
FILLER_0_7_51, 27.39, 27.2, 3.20844e-11
FILLER_0_5_51, 27.39, 21.76, 1.35681e-07
FILLER_0_3_51, 27.39, 16.32, 1.08266e-06
FILLER_0_0_53, 27.39, 10.88, 1.25364e-06
FILLER_0_1_51, 27.39, 10.88, 1.25364e-06
PHY_EDGE_ROW_49_Left_99, 5.52, 146.88, 3.07107e-07
PHY_EDGE_ROW_49_Right_49, 154.1, 146.88, 1.61616e-07
FILLER_0_49_317, 154.1, 146.88, 1.61616e-07
input7, 75.275, 146.88, 2.14103e-06
PHY_EDGE_ROW_47_Left_97, 5.52, 141.44, 5.28206e-07
PHY_EDGE_ROW_48_Left_98, 5.52, 141.44, 5.28206e-07
PHY_EDGE_ROW_47_Right_47, 154.1, 141.44, 1.83655e-07
PHY_EDGE_ROW_48_Right_48, 154.1, 141.44, 1.83655e-07
FILLER_0_47_317, 154.1, 141.44, 1.83655e-07
FILLER_0_48_317, 154.1, 141.44, 1.83655e-07
FILLER_0_48_77, 40.02, 141.44, 1.09515e-06
FILLER_0_49_81, 40.02, 141.44, 1.09515e-06
output34, 60.26, 141.44, 2.00371e-06
FILLER_0_48_133, 65.78, 141.44, 2.35767e-06
FILLER_0_49_132, 65.78, 141.44, 2.35767e-06
output73, 71.3, 141.44, 3.07435e-06
FILLER_0_49_154, 76.82, 141.44, 2.65074e-06
FILLER_0_48_189, 91.54, 141.44, 1.52108e-06
output40, 97.06, 141.44, 1.09744e-06
FILLER_0_49_193, 97.06, 141.44, 1.09744e-06
output36, 102.58, 141.44, 7.29919e-07
FILLER_0_48_245, 117.3, 141.44, 5.07969e-07
FILLER_0_49_245, 117.3, 141.44, 5.07969e-07
FILLER_0_48_301, 143.06, 141.44, 1.83608e-07
FILLER_0_49_305, 143.06, 141.44, 1.83608e-07
FILLER_0_48_309, 148.58, 141.44, 1.83636e-07
FILLER_0_49_309, 148.58, 141.44, 1.83636e-07
FILLER_0_49_109, 52.9, 141.44, 1.67333e-06
FILLER_0_49_113, 58.42, 141.44, 1.92112e-06
output72, 78.66, 141.44, 2.50954e-06
FILLER_0_49_163, 78.66, 141.44, 2.50954e-06
output35, 98.9, 141.44, 9.5623e-07
FILLER_0_49_219, 104.42, 141.44, 7.02178e-07
output64, 109.94, 141.44, 6.18949e-07
FILLER_0_49_277, 130.18, 141.44, 3.13732e-07
PHY_EDGE_ROW_45_Left_95, 5.52, 136, 5.49809e-08
PHY_EDGE_ROW_46_Left_96, 5.52, 136, 5.49809e-08
PHY_EDGE_ROW_45_Right_45, 154.1, 136, 2.63548e-08
PHY_EDGE_ROW_46_Right_46, 154.1, 136, 2.63548e-08
FILLER_0_45_317, 154.1, 136, 2.63548e-08
FILLER_0_46_317, 154.1, 136, 2.63548e-08
FILLER_0_46_77, 40.02, 136, 7.58534e-08
FILLER_0_46_133, 65.78, 136, 1.14655e-07
FILLER_0_46_189, 91.54, 136, 7.86657e-08
FILLER_0_46_245, 117.3, 136, 4.84324e-08
FILLER_0_46_301, 143.06, 136, 2.63129e-08
FILLER_0_46_309, 148.58, 136, 2.63362e-08
FILLER_0_47_105, 52.9, 136, 9.71658e-08
FILLER_0_47_161, 78.66, 136, 9.66659e-08
FILLER_0_47_217, 104.42, 136, 6.1675e-08
FILLER_0_47_273, 130.18, 136, 3.51789e-08
PHY_EDGE_ROW_43_Left_93, 5.52, 130.56, 6.8514e-09
PHY_EDGE_ROW_44_Left_94, 5.52, 130.56, 6.8514e-09
PHY_EDGE_ROW_43_Right_43, 154.1, 130.56, 5.30162e-08
PHY_EDGE_ROW_44_Right_44, 154.1, 130.56, 5.30162e-08
FILLER_0_43_317, 154.1, 130.56, 5.30162e-08
FILLER_0_44_317, 154.1, 130.56, 5.30162e-08
FILLER_0_44_77, 40.02, 130.56, 1.53865e-08
FILLER_0_44_133, 65.78, 130.56, 3.68348e-08
_1017_, 71.3, 130.56, 5.82205e-08
FILLER_0_44_189, 91.54, 130.56, 1.36589e-07
FILLER_0_44_245, 117.3, 130.56, 1.66687e-07
FILLER_0_44_301, 143.06, 130.56, 5.29743e-08
FILLER_0_44_309, 148.58, 130.56, 5.29976e-08
FILLER_0_45_105, 52.9, 130.56, 2.41173e-08
FILLER_0_43_161, 78.66, 130.56, 8.67262e-08
FILLER_0_45_161, 78.66, 130.56, 8.67262e-08
_1035_, 104.42, 130.56, 2.34771e-07
FILLER_0_43_221, 104.42, 130.56, 2.34771e-07
FILLER_0_45_217, 104.42, 130.56, 2.34771e-07
FILLER_0_43_273, 130.18, 130.56, 9.85927e-08
FILLER_0_45_273, 130.18, 130.56, 9.85927e-08
PHY_EDGE_ROW_41_Left_91, 5.52, 125.12, 4.46727e-06
PHY_EDGE_ROW_42_Left_92, 5.52, 125.12, 4.46727e-06
PHY_EDGE_ROW_41_Right_41, 154.1, 125.12, 1.19606e-05
PHY_EDGE_ROW_42_Right_42, 154.1, 125.12, 1.19606e-05
FILLER_0_41_317, 154.1, 125.12, 1.19606e-05
FILLER_0_42_317, 154.1, 125.12, 1.19606e-05
FILLER_0_42_77, 40.02, 125.12, 8.21404e-06
FILLER_0_41_276, 129.72, 125.12, 2.1687e-05
FILLER_0_42_300, 143.06, 125.12, 1.19606e-05
FILLER_0_42_309, 148.58, 125.12, 1.19606e-05
FILLER_0_43_105, 52.9, 125.12, 1.2035e-05
FILLER_0_41_113, 58.42, 125.12, 1.36725e-05
_1145_, 63.94, 125.12, 1.53101e-05
_1085_, 76.91, 125.12, 1.89289e-05
_1143_, 76.91, 125.12, 1.89289e-05
FILLER_0_42_150, 76.91, 125.12, 1.89289e-05
_0978_, 89.29, 125.12, 2.06824e-05
_1010_, 89.29, 125.12, 2.06824e-05
_1084_, 89.29, 125.12, 2.06824e-05
FILLER_0_41_177, 89.29, 125.12, 2.06824e-05
FILLER_0_42_184, 89.29, 125.12, 2.06824e-05
_0996_, 111.02, 125.12, 3.18327e-05
_1099_, 111.02, 125.12, 3.18327e-05
_0985_, 120.37, 125.12, 3.16916e-05
_1100_, 120.37, 125.12, 3.16916e-05
FILLER_0_41_254, 120.37, 125.12, 3.16916e-05
PHY_EDGE_ROW_39_Left_89, 5.52, 119.68, 7.40273e-06
PHY_EDGE_ROW_40_Left_90, 5.52, 119.68, 7.40273e-06
PHY_EDGE_ROW_39_Right_39, 154.1, 119.68, 1.55831e-05
PHY_EDGE_ROW_40_Right_40, 154.1, 119.68, 1.55831e-05
input27, 154.1, 119.68, 1.55831e-05
FILLER_0_39_313, 154.1, 119.68, 1.55831e-05
FILLER_0_40_317, 154.1, 119.68, 1.55831e-05
FILLER_0_41_51, 28.06, 119.68, 7.70982e-06
FILLER_0_40_77, 40.02, 119.68, 1.31922e-05
_1018_, 70.38, 119.68, 2.29679e-05
_1019_, 70.38, 119.68, 2.29679e-05
_1086_, 70.38, 119.68, 2.29679e-05
_1144_, 70.38, 119.68, 2.29679e-05
_0542_, 80.04, 119.68, 2.60835e-05
_0970_, 80.04, 119.68, 2.60835e-05
FILLER_0_40_156, 80.04, 119.68, 2.60835e-05
FILLER_0_40_165, 80.04, 119.68, 2.60835e-05
FILLER_0_41_169, 80.04, 119.68, 2.60835e-05
FILLER_0_41_105, 52.9, 119.68, 1.90963e-05
_1095_, 58.42, 119.68, 2.16266e-05
FILLER_0_40_121, 58.42, 119.68, 2.16266e-05
FILLER_0_39_305, 143.52, 119.68, 1.37526e-05
FILLER_0_40_309, 143.52, 119.68, 1.37526e-05
_0966_, 90.855, 119.68, 2.95717e-05
_1008_, 90.855, 119.68, 2.95717e-05
_1009_, 90.855, 119.68, 2.95717e-05
_1011_, 90.855, 119.68, 2.95717e-05
_1097_, 90.855, 119.68, 2.95717e-05
FILLER_0_39_186, 90.855, 119.68, 2.95717e-05
FILLER_0_40_185, 90.855, 119.68, 2.95717e-05
FILLER_0_40_197, 90.855, 119.68, 2.95717e-05
_0967_, 113.626, 119.68, 2.35424e-05
_0972_, 113.626, 119.68, 2.35424e-05
_0994_, 113.626, 119.68, 2.35424e-05
_0995_, 113.626, 119.68, 2.35424e-05
_1036_, 113.626, 119.68, 2.35424e-05
hold25, 113.626, 119.68, 2.35424e-05
FILLER_0_39_230, 113.626, 119.68, 2.35424e-05
FILLER_0_40_230, 113.626, 119.68, 2.35424e-05
FILLER_0_40_246, 113.626, 119.68, 2.35424e-05
_0961_, 125.583, 119.68, 2.53007e-05
_0976_, 125.583, 119.68, 2.53007e-05
_0977_, 125.583, 119.68, 2.53007e-05
_1037_, 125.583, 119.68, 2.53007e-05
_1101_, 125.583, 119.68, 2.53007e-05
PHY_EDGE_ROW_37_Left_87, 5.52, 114.24, 1.4466e-05
PHY_EDGE_ROW_38_Left_88, 5.52, 114.24, 1.4466e-05
input20, 5.52, 114.24, 1.4466e-05
PHY_EDGE_ROW_37_Right_37, 154.1, 114.24, 9.10907e-06
PHY_EDGE_ROW_38_Right_38, 154.1, 114.24, 9.10907e-06
input12, 154.1, 114.24, 9.10907e-06
FILLER_0_38_317, 154.1, 114.24, 9.10907e-06
hold3, 53.36, 114.24, 2.16143e-05
FILLER_0_39_105, 53.36, 114.24, 2.16143e-05
_0543_, 79.58, 114.24, 1.31617e-05
_1023_, 79.58, 114.24, 1.31617e-05
_0945_, 86.02, 114.24, 1.12462e-05
_0969_, 86.02, 114.24, 1.12462e-05
FILLER_0_39_176, 86.02, 114.24, 1.12462e-05
_0999_, 98.9, 114.24, 7.38364e-06
_1005_, 98.9, 114.24, 7.38364e-06
FILLER_0_38_197, 98.9, 114.24, 7.38364e-06
FILLER_0_39_205, 98.9, 114.24, 7.38364e-06
_0971_, 118.22, 114.24, 7.39301e-06
_0973_, 118.22, 114.24, 7.39301e-06
_0974_, 118.22, 114.24, 7.39301e-06
_0981_, 118.22, 114.24, 7.39301e-06
FILLER_0_38_299, 143.06, 114.24, 6.4859e-06
FILLER_0_38_309, 143.06, 114.24, 6.4859e-06
_1091_, 21.62, 114.24, 1.2283e-05
FILLER_0_37_31, 21.62, 114.24, 1.2283e-05
hold8, 27.14, 114.24, 1.15345e-05
_1013_, 32.66, 114.24, 1.48147e-05
hold7, 32.66, 114.24, 1.48147e-05
FILLER_0_37_57, 32.66, 114.24, 1.48147e-05
hold6, 38.18, 114.24, 1.8286e-05
FILLER_0_38_77, 38.18, 114.24, 1.8286e-05
_1147_, 47.38, 114.24, 2.40715e-05
hold10, 47.38, 114.24, 2.40715e-05
hold11, 47.38, 114.24, 2.40715e-05
_0975_, 90.16, 114.24, 1.0005e-05
_1006_, 90.16, 114.24, 1.0005e-05
FILLER_0_37_181, 90.16, 114.24, 1.0005e-05
FILLER_0_38_190, 90.16, 114.24, 1.0005e-05
_0962_, 106.26, 114.24, 6.90419e-06
_0963_, 106.26, 114.24, 6.90419e-06
_0993_, 106.26, 114.24, 6.90419e-06
FILLER_0_37_225, 106.26, 114.24, 6.90419e-06
FILLER_0_39_217, 106.26, 114.24, 6.90419e-06
_0959_, 129.26, 114.24, 6.73753e-06
_1038_, 129.26, 114.24, 6.73753e-06
FILLER_0_39_273, 129.26, 114.24, 6.73753e-06
_0546_, 72.055, 114.24, 1.53998e-05
_0570_, 72.055, 114.24, 1.53998e-05
_1014_, 72.055, 114.24, 1.53998e-05
FILLER_0_37_140, 72.055, 114.24, 1.53998e-05
FILLER_0_38_141, 72.055, 114.24, 1.53998e-05
PHY_EDGE_ROW_35_Left_85, 5.52, 108.8, 4.43453e-05
PHY_EDGE_ROW_36_Left_86, 5.52, 108.8, 4.43453e-05
output58, 5.52, 108.8, 4.43453e-05
output59, 5.52, 108.8, 4.43453e-05
PHY_EDGE_ROW_35_Right_35, 154.1, 108.8, 4.91075e-06
PHY_EDGE_ROW_36_Right_36, 154.1, 108.8, 4.91075e-06
output39, 154.1, 108.8, 4.91075e-06
FILLER_0_36_19, 11.5, 108.8, 4.43452e-05
_1150_, 17.02, 108.8, 4.43452e-05
_1142_, 54.28, 108.8, 4.20042e-05
hold4, 54.28, 108.8, 4.20042e-05
FILLER_0_36_115, 54.28, 108.8, 4.20042e-05
_0946_, 86.02, 108.8, 2.45512e-05
_0960_, 86.02, 108.8, 2.45512e-05
_0964_, 86.02, 108.8, 2.45512e-05
FILLER_0_35_181, 86.02, 108.8, 2.45512e-05
FILLER_0_36_178, 86.02, 108.8, 2.45512e-05
_0965_, 112.24, 108.8, 1.16822e-05
_0988_, 112.24, 108.8, 1.16822e-05
_0990_, 112.24, 108.8, 1.16822e-05
_0992_, 112.24, 108.8, 1.16822e-05
FILLER_0_35_235, 112.24, 108.8, 1.16822e-05
FILLER_0_38_232, 112.24, 108.8, 1.16822e-05
_0958_, 127.88, 108.8, 8.66825e-06
FILLER_0_37_259, 127.88, 108.8, 8.66825e-06
FILLER_0_35_277, 133.4, 108.8, 6.77057e-06
FILLER_0_37_276, 133.4, 108.8, 6.77057e-06
FILLER_0_35_305, 144.44, 108.8, 4.91072e-06
FILLER_0_36_309, 144.44, 108.8, 4.91072e-06
FILLER_0_37_305, 144.44, 108.8, 4.91072e-06
_1082_, 40.835, 108.8, 4.47733e-05
_1089_, 40.835, 108.8, 4.47733e-05
_1093_, 40.835, 108.8, 4.47733e-05
_1148_, 40.835, 108.8, 4.47733e-05
FILLER_0_36_72, 40.835, 108.8, 4.47733e-05
FILLER_0_37_80, 40.835, 108.8, 4.47733e-05
_0544_, 75.275, 108.8, 2.92584e-05
_0968_, 75.275, 108.8, 2.92584e-05
_1015_, 75.275, 108.8, 2.92584e-05
_1016_, 75.275, 108.8, 2.92584e-05
_1024_, 75.275, 108.8, 2.92584e-05
_1087_, 75.275, 108.8, 2.92584e-05
FILLER_0_34_151, 75.275, 108.8, 2.92584e-05
_0947_, 93.845, 108.8, 1.8407e-05
_0950_, 93.845, 108.8, 1.8407e-05
_1007_, 93.845, 108.8, 1.8407e-05
FILLER_0_35_196, 93.845, 108.8, 1.8407e-05
FILLER_0_36_193, 93.845, 108.8, 1.8407e-05
FILLER_0_36_197, 93.845, 108.8, 1.8407e-05
_0983_, 120.06, 108.8, 1.09343e-05
_0984_, 120.06, 108.8, 1.09343e-05
_1029_, 120.06, 108.8, 1.09343e-05
FILLER_0_35_251, 120.06, 108.8, 1.09343e-05
FILLER_0_37_251, 120.06, 108.8, 1.09343e-05
PHY_EDGE_ROW_33_Left_83, 5.52, 103.36, 4.35282e-05
PHY_EDGE_ROW_34_Left_84, 5.52, 103.36, 4.35282e-05
output61, 5.52, 103.36, 4.35282e-05
output63, 5.52, 103.36, 4.35282e-05
PHY_EDGE_ROW_33_Right_33, 154.1, 103.36, 1.33669e-05
PHY_EDGE_ROW_34_Right_34, 154.1, 103.36, 1.33669e-05
FILLER_0_33_317, 154.1, 103.36, 1.33669e-05
FILLER_0_34_19, 15.18, 103.36, 4.35281e-05
_1149_, 20.7, 103.36, 4.35281e-05
hold9, 20.7, 103.36, 4.35281e-05
FILLER_0_35_31, 20.7, 103.36, 4.35281e-05
_1092_, 26.22, 103.36, 3.77887e-05
_1073_, 60.26, 103.36, 3.44034e-05
FILLER_0_34_118, 60.26, 103.36, 3.44034e-05
_0545_, 69, 103.36, 2.72041e-05
_0549_, 69, 103.36, 2.72041e-05
hold12, 69, 103.36, 2.72041e-05
FILLER_0_34_136, 69, 103.36, 2.72041e-05
FILLER_0_34_141, 69, 103.36, 2.72041e-05
_0954_, 105.8, 103.36, 1.19157e-05
_0955_, 105.8, 103.36, 1.19157e-05
_0989_, 105.8, 103.36, 1.19157e-05
_0979_, 137.54, 103.36, 8.71193e-06
FILLER_0_34_305, 143.06, 103.36, 1.05662e-05
input23, 148.58, 103.36, 1.33669e-05
input26, 148.58, 103.36, 1.33669e-05
output38, 148.58, 103.36, 1.33669e-05
FILLER_0_34_309, 148.58, 103.36, 1.33669e-05
_1094_, 34.96, 103.36, 5.39556e-05
_1129_, 34.96, 103.36, 5.39556e-05
_1152_, 34.96, 103.36, 5.39556e-05
_1088_, 40.48, 103.36, 5.50724e-05
_1131_, 40.48, 103.36, 5.50724e-05
_0705_, 51.52, 103.36, 4.56597e-05
_1071_, 51.52, 103.36, 4.56597e-05
_1083_, 51.52, 103.36, 4.56597e-05
_1072_, 57.04, 103.36, 4.07456e-05
_1133_, 57.04, 103.36, 4.07456e-05
_0547_, 81.88, 103.36, 2.94878e-05
_1134_, 81.88, 103.36, 2.94878e-05
FILLER_0_35_159, 81.88, 103.36, 2.94878e-05
_0953_, 104.88, 103.36, 1.18949e-05
_0949_, 118.22, 103.36, 1.15817e-05
_0982_, 118.22, 103.36, 1.15817e-05
_1028_, 118.22, 103.36, 1.15817e-05
FILLER_0_35_243, 118.22, 103.36, 1.15817e-05
_1025_, 91.775, 103.36, 2.08037e-05
_1074_, 91.775, 103.36, 2.08037e-05
hold27, 91.775, 103.36, 2.08037e-05
FILLER_0_33_191, 91.775, 103.36, 2.08037e-05
_0948_, 127.88, 103.36, 1.069e-05
_0957_, 127.88, 103.36, 1.069e-05
_0980_, 127.88, 103.36, 1.069e-05
hold32, 127.88, 103.36, 1.069e-05
FILLER_0_34_268, 127.88, 103.36, 1.069e-05
FILLER_0_35_261, 127.88, 103.36, 1.069e-05
PHY_EDGE_ROW_31_Left_81, 5.52, 97.92, 6.16484e-05
PHY_EDGE_ROW_32_Left_82, 5.52, 97.92, 6.16484e-05
input22, 5.52, 97.92, 6.16484e-05
PHY_EDGE_ROW_31_Right_31, 154.1, 97.92, 1.02491e-05
PHY_EDGE_ROW_32_Right_32, 154.1, 97.92, 1.02491e-05
output37, 154.1, 97.92, 1.02491e-05
_0555_, 116.38, 97.92, 3.32061e-05
_1078_, 116.38, 97.92, 3.32061e-05
_1138_, 116.38, 97.92, 3.32061e-05
hold30, 116.38, 97.92, 3.32061e-05
FILLER_0_32_301, 143.06, 97.92, 1.0249e-05
FILLER_0_32_309, 143.06, 97.92, 1.0249e-05
FILLER_0_32_19, 11.5, 97.92, 6.0708e-05
_1068_, 27.14, 97.92, 5.82483e-05
FILLER_0_31_47, 27.14, 97.92, 5.82483e-05
_0564_, 82.8, 97.92, 6.17539e-05
_0941_, 82.8, 97.92, 6.17539e-05
_1079_, 82.8, 97.92, 6.17539e-05
_1081_, 82.8, 97.92, 6.17539e-05
_1139_, 82.8, 97.92, 6.17539e-05
FILLER_0_32_174, 82.8, 97.92, 6.17539e-05
FILLER_0_33_169, 82.8, 97.92, 6.17539e-05
_0561_, 91.08, 97.92, 5.36496e-05
_0563_, 91.08, 97.92, 5.36496e-05
_1135_, 91.08, 97.92, 5.36496e-05
FILLER_0_31_190, 91.08, 97.92, 5.36496e-05
_0554_, 124.66, 97.92, 2.474e-05
_0956_, 130.18, 97.92, 1.9091e-05
FILLER_0_31_275, 130.18, 97.92, 1.9091e-05
FILLER_0_33_275, 130.18, 97.92, 1.9091e-05
_0699_, 39.77, 97.92, 0.000127597
_0701_, 39.77, 97.92, 0.000127597
_0738_, 39.77, 97.92, 0.000127597
_0739_, 39.77, 97.92, 0.000127597
clkbuf_2_1__f_clock, 39.77, 97.92, 0.000127597
hold29, 39.77, 97.92, 0.000127597
FILLER_0_31_78, 39.77, 97.92, 0.000127597
FILLER_0_32_63, 39.77, 97.92, 0.000127597
FILLER_0_32_78, 39.77, 97.92, 0.000127597
_1132_, 52.15, 97.92, 9.52154e-05
hold31, 52.15, 97.92, 9.52154e-05
FILLER_0_31_105, 52.15, 97.92, 9.52154e-05
FILLER_0_32_94, 52.15, 97.92, 9.52154e-05
FILLER_0_33_104, 52.15, 97.92, 9.52154e-05
_0548_, 73.665, 97.92, 6.05818e-05
_0567_, 73.665, 97.92, 6.05818e-05
_0571_, 73.665, 97.92, 6.05818e-05
_1141_, 73.665, 97.92, 6.05818e-05
FILLER_0_32_141, 73.665, 97.92, 6.05818e-05
FILLER_0_32_154, 73.665, 97.92, 6.05818e-05
_0558_, 109.025, 97.92, 3.27699e-05
_1027_, 109.025, 97.92, 3.27699e-05
_1076_, 109.025, 97.92, 3.27699e-05
FILLER_0_33_225, 109.025, 97.92, 3.27699e-05
PHY_EDGE_ROW_29_Left_79, 5.52, 92.48, 3.37301e-05
PHY_EDGE_ROW_30_Left_80, 5.52, 92.48, 3.37301e-05
input19, 5.52, 92.48, 3.37301e-05
input24, 5.52, 92.48, 3.37301e-05
PHY_EDGE_ROW_29_Right_29, 154.1, 92.48, 2.68571e-05
PHY_EDGE_ROW_30_Right_30, 154.1, 92.48, 2.68571e-05
output51, 154.1, 92.48, 2.68571e-05
output62, 154.1, 92.48, 2.68571e-05
FILLER_0_29_313, 154.1, 92.48, 2.68571e-05
FILLER_0_30_18, 11.5, 92.48, 3.24726e-05
FILLER_0_31_18, 11.5, 92.48, 3.24726e-05
_0762_, 17.02, 92.48, 3.13117e-05
_1128_, 17.02, 92.48, 3.13117e-05
_0761_, 22.54, 92.48, 2.43277e-05
_0565_, 76.82, 92.48, 4.14806e-05
_0566_, 76.82, 92.48, 4.14806e-05
_0713_, 76.82, 92.48, 4.14806e-05
_0764_, 76.82, 92.48, 4.14806e-05
FILLER_0_30_152, 76.82, 92.48, 4.14806e-05
FILLER_0_30_166, 76.82, 92.48, 4.14806e-05
_0556_, 120.98, 92.48, 6.91242e-05
_1041_, 120.98, 92.48, 6.91242e-05
_1137_, 120.98, 92.48, 6.91242e-05
FILLER_0_31_247, 120.98, 92.48, 6.91242e-05
FILLER_0_30_305, 143.06, 92.48, 2.68571e-05
FILLER_0_30_309, 143.06, 92.48, 2.68571e-05
FILLER_0_31_305, 143.06, 92.48, 2.68571e-05
_0685_, 38.18, 92.48, 2.04864e-05
_0688_, 38.18, 92.48, 2.04864e-05
_0700_, 38.18, 92.48, 2.04864e-05
_0750_, 38.18, 92.48, 2.04864e-05
_0752_, 38.18, 92.48, 2.04864e-05
FILLER_0_29_65, 38.18, 92.48, 2.04864e-05
FILLER_0_30_77, 38.18, 92.48, 2.04864e-05
FILLER_0_30_85, 38.18, 92.48, 2.04864e-05
_0706_, 51.355, 92.48, 2.17412e-05
_0707_, 51.355, 92.48, 2.17412e-05
_0710_, 51.355, 92.48, 2.17412e-05
_0730_, 51.355, 92.48, 2.17412e-05
_0732_, 51.355, 92.48, 2.17412e-05
_0737_, 51.355, 92.48, 2.17412e-05
_0552_, 89.245, 92.48, 6.17617e-05
_0553_, 89.245, 92.48, 6.17617e-05
_0942_, 89.245, 92.48, 6.17617e-05
FILLER_0_29_173, 89.245, 92.48, 6.17617e-05
FILLER_0_29_179, 89.245, 92.48, 6.17617e-05
FILLER_0_30_186, 89.245, 92.48, 6.17617e-05
_0559_, 111.325, 92.48, 8.10015e-05
_0597_, 111.325, 92.48, 8.10015e-05
_0935_, 111.325, 92.48, 8.10015e-05
_1104_, 111.325, 92.48, 8.10015e-05
FILLER_0_30_225, 111.325, 92.48, 8.10015e-05
_0557_, 129.26, 92.48, 4.99726e-05
_1077_, 129.26, 92.48, 4.99726e-05
rebuffer2, 129.26, 92.48, 4.99726e-05
hold34, 129.26, 92.48, 4.99726e-05
PHY_EDGE_ROW_27_Left_77, 5.52, 87.04, 1.4656e-05
PHY_EDGE_ROW_28_Left_78, 5.52, 87.04, 1.4656e-05
input21, 5.52, 87.04, 1.4656e-05
PHY_EDGE_ROW_27_Right_27, 154.1, 87.04, 1.62658e-05
PHY_EDGE_ROW_28_Right_28, 154.1, 87.04, 1.62658e-05
output65, 154.1, 87.04, 1.62658e-05
FILLER_0_27_313, 154.1, 87.04, 1.62658e-05
FILLER_0_28_317, 154.1, 87.04, 1.62658e-05
hold23, 129.72, 87.04, 2.73662e-05
FILLER_0_27_276, 129.72, 87.04, 2.73662e-05
FILLER_0_29_270, 129.72, 87.04, 2.73662e-05
_1042_, 137.54, 87.04, 1.78479e-05
FILLER_0_28_301, 143.06, 87.04, 1.62658e-05
FILLER_0_28_309, 143.06, 87.04, 1.62658e-05
FILLER_0_29_305, 143.06, 87.04, 1.62658e-05
FILLER_0_27_25, 15.18, 87.04, 1.30719e-05
_0724_, 52.9, 87.04, 2.00921e-05
_0725_, 52.9, 87.04, 2.00921e-05
_0733_, 52.9, 87.04, 2.00921e-05
_0734_, 52.9, 87.04, 2.00921e-05
FILLER_0_27_109, 52.9, 87.04, 2.00921e-05
_0586_, 58.42, 87.04, 2.15296e-05
_0729_, 58.42, 87.04, 2.15296e-05
_0736_, 58.42, 87.04, 2.15296e-05
FILLER_0_27_117, 58.42, 87.04, 2.15296e-05
_0588_, 63.94, 87.04, 2.29518e-05
_0709_, 63.94, 87.04, 2.29518e-05
_0596_, 104.88, 87.04, 3.1645e-05
FILLER_0_27_215, 104.88, 87.04, 3.1645e-05
FILLER_0_29_221, 104.88, 87.04, 3.1645e-05
_0932_, 110.4, 87.04, 3.30348e-05
_0934_, 110.4, 87.04, 3.30348e-05
_0591_, 115.92, 87.04, 3.44245e-05
_0592_, 115.92, 87.04, 3.44245e-05
FILLER_0_28_246, 115.92, 87.04, 3.44245e-05
_0689_, 40.145, 87.04, 1.64468e-05
_0748_, 40.145, 87.04, 1.64468e-05
_0751_, 40.145, 87.04, 1.64468e-05
_0758_, 40.145, 87.04, 1.64468e-05
FILLER_0_28_66, 40.145, 87.04, 1.64468e-05
FILLER_0_28_74, 40.145, 87.04, 1.64468e-05
FILLER_0_28_85, 40.145, 87.04, 1.64468e-05
FILLER_0_29_82, 40.145, 87.04, 1.64468e-05
_0719_, 76.91, 87.04, 4.31207e-05
_0944_, 76.91, 87.04, 4.31207e-05
_1140_, 76.91, 87.04, 4.31207e-05
FILLER_0_27_157, 76.91, 87.04, 4.31207e-05
FILLER_0_29_161, 76.91, 87.04, 4.31207e-05
_1039_, 89.29, 87.04, 5.0108e-05
_1102_, 89.29, 87.04, 5.0108e-05
_1103_, 89.29, 87.04, 5.0108e-05
FILLER_0_27_180, 89.29, 87.04, 5.0108e-05
FILLER_0_29_187, 89.29, 87.04, 5.0108e-05
FILLER_0_29_193, 89.29, 87.04, 5.0108e-05
_0930_, 122.82, 87.04, 3.57646e-05
_1033_, 122.82, 87.04, 3.57646e-05
_1105_, 122.82, 87.04, 3.57646e-05
FILLER_0_27_250, 122.82, 87.04, 3.57646e-05
FILLER_0_28_253, 122.82, 87.04, 3.57646e-05
FILLER_0_29_257, 122.82, 87.04, 3.57646e-05
PHY_EDGE_ROW_25_Left_75, 5.52, 81.6, 2.63898e-05
PHY_EDGE_ROW_26_Left_76, 5.52, 81.6, 2.63898e-05
input33, 5.52, 81.6, 2.63898e-05
output60, 5.52, 81.6, 2.63898e-05
PHY_EDGE_ROW_25_Right_25, 154.1, 81.6, 1.51924e-05
PHY_EDGE_ROW_26_Right_26, 154.1, 81.6, 1.51924e-05
input1, 154.1, 81.6, 1.51924e-05
FILLER_0_26_19, 11.5, 81.6, 2.53204e-05
_0698_, 40.48, 81.6, 3.74377e-05
_0704_, 40.48, 81.6, 3.74377e-05
_0740_, 40.48, 81.6, 3.74377e-05
_0741_, 40.48, 81.6, 3.74377e-05
FILLER_0_25_82, 40.48, 81.6, 3.74377e-05
FILLER_0_26_78, 40.48, 81.6, 3.74377e-05
FILLER_0_26_85, 40.48, 81.6, 3.74377e-05
FILLER_0_27_76, 40.48, 81.6, 3.74377e-05
_0940_, 98.44, 81.6, 5.31618e-05
_1040_, 98.44, 81.6, 5.31618e-05
FILLER_0_26_193, 98.44, 81.6, 5.31618e-05
_0605_, 137.54, 81.6, 1.52544e-05
_0759_, 21.62, 81.6, 2.35106e-05
FILLER_0_26_41, 21.62, 81.6, 2.35106e-05
FILLER_0_27_33, 21.62, 81.6, 2.35106e-05
_0585_, 29.9, 81.6, 2.5359e-05
_0691_, 29.9, 81.6, 2.5359e-05
_0754_, 29.9, 81.6, 2.5359e-05
_0768_, 29.9, 81.6, 2.5359e-05
_0697_, 35.42, 81.6, 3.16686e-05
_0749_, 35.42, 81.6, 3.16686e-05
FILLER_0_25_305, 143.52, 81.6, 1.44296e-05
FILLER_0_26_309, 143.52, 81.6, 1.44296e-05
FILLER_0_27_305, 143.52, 81.6, 1.44296e-05
_0702_, 52.505, 81.6, 5.10755e-05
_0703_, 52.505, 81.6, 5.10755e-05
_0743_, 52.505, 81.6, 5.10755e-05
_0744_, 52.505, 81.6, 5.10755e-05
FILLER_0_25_108, 52.505, 81.6, 5.10755e-05
FILLER_0_26_94, 52.505, 81.6, 5.10755e-05
FILLER_0_26_112, 52.505, 81.6, 5.10755e-05
FILLER_0_27_96, 52.505, 81.6, 5.10755e-05
_0550_, 75.833, 81.6, 0.000129312
_0851_, 75.833, 81.6, 0.000129312
_1044_, 75.833, 81.6, 0.000129312
_1080_, 75.833, 81.6, 0.000129312
clkbuf_0_clock, 75.833, 81.6, 0.000129312
FILLER_0_26_163, 75.833, 81.6, 0.000129312
_0727_, 87.136, 81.6, 9.13915e-05
_0943_, 87.136, 81.6, 9.13915e-05
_1054_, 87.136, 81.6, 9.13915e-05
FILLER_0_26_175, 87.136, 81.6, 9.13915e-05
FILLER_0_27_169, 87.136, 81.6, 9.13915e-05
_0927_, 113.626, 81.6, 3.42751e-05
_0929_, 113.626, 81.6, 3.42751e-05
_0931_, 113.626, 81.6, 3.42751e-05
_0933_, 113.626, 81.6, 3.42751e-05
rebuffer1, 113.626, 81.6, 3.42751e-05
FILLER_0_25_236, 113.626, 81.6, 3.42751e-05
FILLER_0_27_237, 113.626, 81.6, 3.42751e-05
_0922_, 125.583, 81.6, 2.52304e-05
_0923_, 125.583, 81.6, 2.52304e-05
_0924_, 125.583, 81.6, 2.52304e-05
FILLER_0_26_253, 125.583, 81.6, 2.52304e-05
PHY_EDGE_ROW_23_Left_73, 5.52, 76.16, 4.36258e-05
PHY_EDGE_ROW_24_Left_74, 5.52, 76.16, 4.36258e-05
input18, 5.52, 76.16, 4.36258e-05
output57, 5.52, 76.16, 4.36258e-05
PHY_EDGE_ROW_23_Right_23, 154.1, 76.16, 1.21361e-05
PHY_EDGE_ROW_24_Right_24, 154.1, 76.16, 1.21361e-05
FILLER_0_23_317, 154.1, 76.16, 1.21361e-05
_1127_, 15.18, 76.16, 4.28794e-05
FILLER_0_24_18, 15.18, 76.16, 4.28794e-05
FILLER_0_24_29, 15.18, 76.16, 4.28794e-05
FILLER_0_25_19, 15.18, 76.16, 4.28794e-05
_0928_, 115.92, 76.16, 3.01567e-05
_1043_, 115.92, 76.16, 3.01567e-05
FILLER_0_25_248, 115.92, 76.16, 3.01567e-05
_0606_, 125.58, 76.16, 2.29144e-05
_0911_, 125.58, 76.16, 2.29144e-05
_0925_, 125.58, 76.16, 2.29144e-05
FILLER_0_24_253, 125.58, 76.16, 2.29144e-05
FILLER_0_25_260, 125.58, 76.16, 2.29144e-05
_0590_, 131.1, 76.16, 1.84175e-05
FILLER_0_25_275, 131.1, 76.16, 1.84175e-05
FILLER_0_24_298, 143.06, 76.16, 1.2136e-05
output45, 148.58, 76.16, 1.2136e-05
output66, 148.58, 76.16, 1.2136e-05
FILLER_0_24_309, 148.58, 76.16, 1.2136e-05
FILLER_0_25_313, 148.58, 76.16, 1.2136e-05
_0625_, 80.96, 76.16, 4.78486e-05
_0838_, 80.96, 76.16, 4.78486e-05
_0847_, 80.96, 76.16, 4.78486e-05
_1116_, 80.96, 76.16, 4.78486e-05
_0728_, 89.7, 76.16, 4.26191e-05
_0859_, 89.7, 76.16, 4.26191e-05
FILLER_0_24_189, 89.7, 76.16, 4.26191e-05
_1115_, 98.9, 76.16, 3.71143e-05
_0692_, 39.77, 76.16, 4.14898e-05
_0765_, 39.77, 76.16, 4.14898e-05
_0766_, 39.77, 76.16, 4.14898e-05
_0771_, 39.77, 76.16, 4.14898e-05
_1130_, 39.77, 76.16, 4.14898e-05
FILLER_0_23_72, 39.77, 76.16, 4.14898e-05
FILLER_0_24_78, 39.77, 76.16, 4.14898e-05
_0589_, 52.15, 76.16, 3.96924e-05
_0742_, 52.15, 76.16, 3.96924e-05
_0745_, 52.15, 76.16, 3.96924e-05
_1070_, 52.15, 76.16, 3.96924e-05
hold21, 52.15, 76.16, 3.96924e-05
FILLER_0_25_96, 52.15, 76.16, 3.96924e-05
_0568_, 72.745, 76.16, 4.32296e-05
_0626_, 72.745, 76.16, 4.32296e-05
_0644_, 72.745, 76.16, 4.32296e-05
_0839_, 72.745, 76.16, 4.32296e-05
_0852_, 72.745, 76.16, 4.32296e-05
FILLER_0_23_139, 72.745, 76.16, 4.32296e-05
FILLER_0_23_145, 72.745, 76.16, 4.32296e-05
FILLER_0_24_148, 72.745, 76.16, 4.32296e-05
_0569_, 108.795, 76.16, 3.51049e-05
_0920_, 108.795, 76.16, 3.51049e-05
_0921_, 108.795, 76.16, 3.51049e-05
_1106_, 108.795, 76.16, 3.51049e-05
FILLER_0_24_221, 108.795, 76.16, 3.51049e-05
FILLER_0_25_218, 108.795, 76.16, 3.51049e-05
FILLER_0_25_225, 108.795, 76.16, 3.51049e-05
PHY_EDGE_ROW_21_Left_71, 5.52, 70.72, 5.86919e-05
PHY_EDGE_ROW_22_Left_72, 5.52, 70.72, 5.86919e-05
output46, 5.52, 70.72, 5.86919e-05
PHY_EDGE_ROW_21_Right_21, 154.1, 70.72, 2.19026e-05
PHY_EDGE_ROW_22_Right_22, 154.1, 70.72, 2.19026e-05
input28, 154.1, 70.72, 2.19026e-05
_0693_, 34.5, 70.72, 9.54075e-05
_0694_, 34.5, 70.72, 9.54075e-05
_0695_, 34.5, 70.72, 9.54075e-05
_0747_, 34.5, 70.72, 9.54075e-05
_0763_, 34.5, 70.72, 9.54075e-05
FILLER_0_23_57, 34.5, 70.72, 9.54075e-05
FILLER_0_23_65, 34.5, 70.72, 9.54075e-05
_0696_, 44.62, 70.72, 0.000146627
_0746_, 44.62, 70.72, 0.000146627
clkbuf_2_0__f_clock, 44.62, 70.72, 0.000146627
FILLER_0_22_94, 44.62, 70.72, 0.000146627
FILLER_0_23_80, 44.62, 70.72, 0.000146627
_0645_, 78.66, 70.72, 6.97075e-05
_0837_, 78.66, 70.72, 6.97075e-05
_0850_, 78.66, 70.72, 6.97075e-05
_0917_, 117.3, 70.72, 5.49251e-05
_0604_, 129.72, 70.72, 3.55823e-05
_0918_, 129.72, 70.72, 3.55823e-05
output44, 148.58, 70.72, 2.14341e-05
FILLER_0_22_309, 148.58, 70.72, 2.14341e-05
FILLER_0_22_19, 11.5, 70.72, 5.86919e-05
_0720_, 56.58, 70.72, 0.000101606
_1057_, 56.58, 70.72, 0.000101606
_1119_, 56.58, 70.72, 0.000101606
FILLER_0_22_117, 56.58, 70.72, 0.000101606
_0646_, 65.32, 70.72, 6.34591e-05
_0844_, 65.32, 70.72, 6.34591e-05
FILLER_0_21_133, 65.32, 70.72, 6.34591e-05
FILLER_0_22_136, 65.32, 70.72, 6.34591e-05
_0841_, 76.82, 70.72, 6.88855e-05
_0843_, 76.82, 70.72, 6.88855e-05
_0601_, 117.76, 70.72, 5.42281e-05
_0602_, 117.76, 70.72, 5.42281e-05
FILLER_0_23_246, 117.76, 70.72, 5.42281e-05
FILLER_0_21_276, 133.4, 70.72, 2.95188e-05
_0775_, 19.445, 70.72, 5.86918e-05
hold16, 19.445, 70.72, 5.86918e-05
FILLER_0_22_29, 19.445, 70.72, 5.86918e-05
FILLER_0_23_27, 19.445, 70.72, 5.86918e-05
FILLER_0_23_35, 19.445, 70.72, 5.86918e-05
_0631_, 90.165, 70.72, 7.4553e-05
_0641_, 90.165, 70.72, 7.4553e-05
_0642_, 90.165, 70.72, 7.4553e-05
_0643_, 90.165, 70.72, 7.4553e-05
_0846_, 90.165, 70.72, 7.4553e-05
_0858_, 90.165, 70.72, 7.4553e-05
FILLER_0_22_184, 90.165, 70.72, 7.4553e-05
_0723_, 109.485, 70.72, 6.65629e-05
_0919_, 109.485, 70.72, 6.65629e-05
FILLER_0_21_218, 109.485, 70.72, 6.65629e-05
FILLER_0_21_225, 109.485, 70.72, 6.65629e-05
PHY_EDGE_ROW_19_Left_69, 5.52, 65.28, 2.89741e-05
PHY_EDGE_ROW_20_Left_70, 5.52, 65.28, 2.89741e-05
input17, 5.52, 65.28, 2.89741e-05
output56, 5.52, 65.28, 2.89741e-05
PHY_EDGE_ROW_19_Right_19, 154.1, 65.28, 9.1398e-06
PHY_EDGE_ROW_20_Right_20, 154.1, 65.28, 9.1398e-06
input5, 154.1, 65.28, 9.1398e-06
output67, 154.1, 65.28, 9.1398e-06
FILLER_0_20_19, 11.5, 65.28, 2.84241e-05
FILLER_0_21_18, 11.5, 65.28, 2.84241e-05
_0827_, 63.02, 65.28, 1.48328e-05
_0828_, 63.02, 65.28, 1.48328e-05
FILLER_0_20_120, 63.02, 65.28, 1.48328e-05
_0840_, 78.66, 65.28, 1.57419e-05
_0848_, 78.66, 65.28, 1.57419e-05
_0849_, 78.66, 65.28, 1.57419e-05
FILLER_0_20_165, 78.66, 65.28, 1.57419e-05
FILLER_0_21_165, 78.66, 65.28, 1.57419e-05
FILLER_0_21_169, 78.66, 65.28, 1.57419e-05
_0630_, 90.62, 65.28, 1.68577e-05
_0632_, 90.62, 65.28, 1.68577e-05
_0633_, 90.62, 65.28, 1.68577e-05
_0855_, 90.62, 65.28, 1.68577e-05
_0856_, 90.62, 65.28, 1.68577e-05
FILLER_0_20_183, 90.62, 65.28, 1.68577e-05
FILLER_0_20_197, 90.62, 65.28, 1.68577e-05
FILLER_0_21_185, 90.62, 65.28, 1.68577e-05
_0912_, 129.72, 65.28, 1.02646e-05
_0913_, 129.72, 65.28, 1.02646e-05
FILLER_0_20_304, 143.06, 65.28, 7.4614e-06
FILLER_0_20_309, 143.06, 65.28, 7.4614e-06
_0772_, 36.34, 65.28, 2.11627e-05
_0777_, 36.34, 65.28, 2.11627e-05
FILLER_0_19_73, 36.34, 65.28, 2.11627e-05
FILLER_0_20_73, 36.34, 65.28, 2.11627e-05
FILLER_0_20_81, 36.34, 65.28, 2.11627e-05
FILLER_0_21_69, 36.34, 65.28, 2.11627e-05
_1065_, 19.445, 65.28, 2.76934e-05
_1126_, 19.445, 65.28, 2.76934e-05
FILLER_0_20_29, 19.445, 65.28, 2.76934e-05
FILLER_0_20_36, 19.445, 65.28, 2.76934e-05
_0684_, 49.68, 65.28, 2.51084e-05
_0830_, 49.68, 65.28, 2.51084e-05
_0833_, 49.68, 65.28, 2.51084e-05
_1118_, 49.68, 65.28, 2.51084e-05
hold26, 49.68, 65.28, 2.51084e-05
FILLER_0_20_91, 49.68, 65.28, 2.51084e-05
_0579_, 71.595, 65.28, 1.49704e-05
_0647_, 71.595, 65.28, 1.49704e-05
_0842_, 71.595, 65.28, 1.49704e-05
FILLER_0_20_141, 71.595, 65.28, 1.49704e-05
FILLER_0_21_146, 71.595, 65.28, 1.49704e-05
_0573_, 111.02, 65.28, 1.4913e-05
_0879_, 111.02, 65.28, 1.4913e-05
_0909_, 111.02, 65.28, 1.4913e-05
_0910_, 111.02, 65.28, 1.4913e-05
_0914_, 111.02, 65.28, 1.4913e-05
FILLER_0_19_237, 111.02, 65.28, 1.4913e-05
_0598_, 120.37, 65.28, 1.30878e-05
_0599_, 120.37, 65.28, 1.30878e-05
_0603_, 120.37, 65.28, 1.30878e-05
_0611_, 120.37, 65.28, 1.30878e-05
FILLER_0_19_248, 120.37, 65.28, 1.30878e-05
FILLER_0_20_247, 120.37, 65.28, 1.30878e-05
FILLER_0_21_249, 120.37, 65.28, 1.30878e-05
PHY_EDGE_ROW_17_Left_67, 5.52, 59.84, 4.4935e-05
PHY_EDGE_ROW_18_Left_68, 5.52, 59.84, 4.4935e-05
output55, 5.52, 59.84, 4.4935e-05
PHY_EDGE_ROW_17_Right_17, 154.1, 59.84, 1.21014e-06
PHY_EDGE_ROW_18_Right_18, 154.1, 59.84, 1.21014e-06
FILLER_0_18_317, 154.1, 59.84, 1.21014e-06
_0664_, 54.28, 59.84, 1.13174e-05
_0665_, 54.28, 59.84, 1.13174e-05
_0666_, 54.28, 59.84, 1.13174e-05
_0829_, 54.28, 59.84, 1.13174e-05
FILLER_0_19_104, 54.28, 59.84, 1.13174e-05
_0824_, 61.64, 59.84, 7.53035e-06
_0825_, 61.64, 59.84, 7.53035e-06
_0580_, 71.3, 59.84, 5.97835e-06
_0831_, 71.3, 59.84, 5.97835e-06
FILLER_0_18_150, 71.3, 59.84, 5.97835e-06
FILLER_0_19_143, 71.3, 59.84, 5.97835e-06
_0834_, 105.34, 59.84, 2.65362e-06
_0915_, 105.34, 59.84, 2.65362e-06
FILLER_0_18_304, 146.74, 59.84, 1.21012e-06
FILLER_0_18_309, 146.74, 59.84, 1.21012e-06
FILLER_0_19_305, 146.74, 59.84, 1.21012e-06
FILLER_0_19_313, 146.74, 59.84, 1.21012e-06
_1124_, 15.18, 59.84, 4.49349e-05
_1125_, 15.18, 59.84, 4.49349e-05
FILLER_0_19_19, 15.18, 59.84, 4.49349e-05
FILLER_0_18_41, 21.62, 59.84, 3.13474e-05
_0583_, 35.88, 59.84, 1.71517e-05
_0652_, 35.88, 59.84, 1.71517e-05
_0783_, 35.88, 59.84, 1.71517e-05
_0786_, 35.88, 59.84, 1.71517e-05
FILLER_0_17_64, 35.88, 59.84, 1.71517e-05
_0578_, 92.92, 59.84, 4.37641e-06
_0853_, 92.92, 59.84, 4.37641e-06
_0854_, 92.92, 59.84, 4.37641e-06
_0857_, 92.92, 59.84, 4.37641e-06
_0860_, 92.92, 59.84, 4.37641e-06
_0576_, 110.4, 59.84, 2.80622e-06
FILLER_0_18_234, 110.4, 59.84, 2.80622e-06
FILLER_0_19_225, 110.4, 59.84, 2.80622e-06
_0904_, 131.56, 59.84, 2.08705e-06
FILLER_0_17_270, 131.56, 59.84, 2.08705e-06
FILLER_0_19_276, 131.56, 59.84, 2.08705e-06
hold28, 137.08, 59.84, 1.41934e-06
_0653_, 45.08, 59.84, 1.48527e-05
_0654_, 45.08, 59.84, 1.48527e-05
_0677_, 45.08, 59.84, 1.48527e-05
_0779_, 45.08, 59.84, 1.48527e-05
_0785_, 45.08, 59.84, 1.48527e-05
FILLER_0_17_87, 45.08, 59.84, 1.48527e-05
FILLER_0_18_85, 45.08, 59.84, 1.48527e-05
FILLER_0_19_89, 45.08, 59.84, 1.48527e-05
_0627_, 82.11, 59.84, 5.81987e-06
_0648_, 82.11, 59.84, 5.81987e-06
_0836_, 82.11, 59.84, 5.81987e-06
_0861_, 82.11, 59.84, 5.81987e-06
FILLER_0_18_167, 82.11, 59.84, 5.81987e-06
FILLER_0_19_165, 82.11, 59.84, 5.81987e-06
_0600_, 120.98, 59.84, 3.06737e-06
_0610_, 120.98, 59.84, 3.06737e-06
_0612_, 120.98, 59.84, 3.06737e-06
_0613_, 120.98, 59.84, 3.06737e-06
_0898_, 120.98, 59.84, 3.06737e-06
_0905_, 120.98, 59.84, 3.06737e-06
FILLER_0_18_253, 120.98, 59.84, 3.06737e-06
PHY_EDGE_ROW_15_Left_65, 5.52, 54.4, 7.15313e-06
PHY_EDGE_ROW_16_Left_66, 5.52, 54.4, 7.15313e-06
input16, 5.52, 54.4, 7.15313e-06
output47, 5.52, 54.4, 7.15313e-06
PHY_EDGE_ROW_15_Right_15, 154.1, 54.4, 1.29338e-05
PHY_EDGE_ROW_16_Right_16, 154.1, 54.4, 1.29338e-05
input29, 154.1, 54.4, 1.29338e-05
input30, 154.1, 54.4, 1.29338e-05
FILLER_0_16_19, 11.5, 54.4, 6.63931e-06
_0793_, 17.02, 54.4, 6.165e-06
FILLER_0_16_29, 17.02, 54.4, 6.165e-06
_0649_, 22.54, 54.4, 5.69069e-06
_0792_, 22.54, 54.4, 5.69069e-06
_1063_, 22.54, 54.4, 5.69069e-06
FILLER_0_16_35, 22.54, 54.4, 5.69069e-06
_0650_, 28.06, 54.4, 5.06256e-06
_0788_, 28.06, 54.4, 5.06256e-06
_0791_, 28.06, 54.4, 5.06256e-06
FILLER_0_16_51, 28.06, 54.4, 5.06256e-06
FILLER_0_16_58, 28.06, 54.4, 5.06256e-06
_0655_, 37.72, 54.4, 6.72235e-06
_0682_, 37.72, 54.4, 6.72235e-06
_0683_, 37.72, 54.4, 6.72235e-06
_0782_, 37.72, 54.4, 6.72235e-06
_0784_, 37.72, 54.4, 6.72235e-06
FILLER_0_16_68, 37.72, 54.4, 6.72235e-06
_0864_, 79.58, 54.4, 1.57863e-05
hold24, 79.58, 54.4, 1.57863e-05
FILLER_0_17_162, 79.58, 54.4, 1.57863e-05
_0870_, 86.02, 54.4, 1.48726e-05
output68, 148.58, 54.4, 1.19984e-05
FILLER_0_16_309, 148.58, 54.4, 1.19984e-05
FILLER_0_17_313, 148.58, 54.4, 1.19984e-05
_0676_, 47.38, 54.4, 7.96058e-06
_0781_, 47.38, 54.4, 7.96058e-06
_0678_, 52.9, 54.4, 8.55201e-06
FILLER_0_16_109, 52.9, 54.4, 8.55201e-06
FILLER_0_15_126, 63.02, 54.4, 9.62481e-06
_0577_, 86.48, 54.4, 1.48074e-05
_0628_, 86.48, 54.4, 1.48074e-05
_0629_, 86.48, 54.4, 1.48074e-05
_0862_, 86.48, 54.4, 1.48074e-05
FILLER_0_16_182, 86.48, 54.4, 1.48074e-05
_0835_, 98.9, 54.4, 1.08287e-05
_0863_, 98.9, 54.4, 1.08287e-05
_0882_, 98.9, 54.4, 1.08287e-05
FILLER_0_16_191, 98.9, 54.4, 1.08287e-05
_1052_, 72.055, 54.4, 1.68539e-05
_1114_, 72.055, 54.4, 1.68539e-05
FILLER_0_15_143, 72.055, 54.4, 1.68539e-05
FILLER_0_16_137, 72.055, 54.4, 1.68539e-05
FILLER_0_17_149, 72.055, 54.4, 1.68539e-05
_0607_, 113.626, 54.4, 1.62103e-05
_0614_, 113.626, 54.4, 1.62103e-05
_0893_, 113.626, 54.4, 1.62103e-05
_0894_, 113.626, 54.4, 1.62103e-05
_0895_, 113.626, 54.4, 1.62103e-05
_0906_, 113.626, 54.4, 1.62103e-05
_0907_, 113.626, 54.4, 1.62103e-05
FILLER_0_16_224, 113.626, 54.4, 1.62103e-05
FILLER_0_16_246, 113.626, 54.4, 1.62103e-05
_0896_, 125.583, 54.4, 2.06693e-05
_0897_, 125.583, 54.4, 2.06693e-05
_0899_, 125.583, 54.4, 2.06693e-05
_0908_, 125.583, 54.4, 2.06693e-05
_1108_, 125.583, 54.4, 2.06693e-05
FILLER_0_15_261, 125.583, 54.4, 2.06693e-05
FILLER_0_16_257, 125.583, 54.4, 2.06693e-05
PHY_EDGE_ROW_13_Left_63, 5.52, 48.96, 4.80718e-06
PHY_EDGE_ROW_14_Left_64, 5.52, 48.96, 4.80718e-06
output53, 5.52, 48.96, 4.80718e-06
output54, 5.52, 48.96, 4.80718e-06
PHY_EDGE_ROW_13_Right_13, 154.1, 48.96, 5.34003e-06
PHY_EDGE_ROW_14_Right_14, 154.1, 48.96, 5.34003e-06
input31, 154.1, 48.96, 5.34003e-06
FILLER_0_13_317, 154.1, 48.96, 5.34003e-06
FILLER_0_14_19, 15.18, 48.96, 4.80714e-06
FILLER_0_14_29, 15.18, 48.96, 4.80714e-06
_0663_, 42.32, 48.96, 8.97931e-06
_0795_, 42.32, 48.96, 8.97931e-06
_0796_, 42.32, 48.96, 8.97931e-06
_0805_, 42.32, 48.96, 8.97931e-06
FILLER_0_14_85, 42.32, 48.96, 8.97931e-06
_0680_, 47.84, 48.96, 1.01995e-05
_0804_, 47.84, 48.96, 1.01995e-05
_0810_, 60.26, 48.96, 1.18795e-05
_0817_, 60.26, 48.96, 1.18795e-05
_0818_, 60.26, 48.96, 1.18795e-05
_0669_, 68.08, 48.96, 1.52316e-05
_1113_, 68.08, 48.96, 1.52316e-05
FILLER_0_14_137, 68.08, 48.96, 1.52316e-05
_0869_, 92, 48.96, 8.99493e-06
_0876_, 92, 48.96, 8.99493e-06
_0877_, 92, 48.96, 8.99493e-06
FILLER_0_14_179, 92, 48.96, 8.99493e-06
FILLER_0_14_189, 92, 48.96, 8.99493e-06
FILLER_0_14_197, 92, 48.96, 8.99493e-06
FILLER_0_15_194, 92, 48.96, 8.99493e-06
_0622_, 104.88, 48.96, 6.42219e-06
_0880_, 104.88, 48.96, 6.42219e-06
_0888_, 104.88, 48.96, 6.42219e-06
_0889_, 104.88, 48.96, 6.42219e-06
_0892_, 104.88, 48.96, 6.42219e-06
FILLER_0_14_217, 104.88, 48.96, 6.42219e-06
FILLER_0_14_228, 104.88, 48.96, 6.42219e-06
_0900_, 131.1, 48.96, 5.00404e-06
_1046_, 131.1, 48.96, 5.00404e-06
FILLER_0_15_269, 131.1, 48.96, 5.00404e-06
FILLER_0_14_305, 143.06, 48.96, 4.19431e-06
FILLER_0_14_309, 148.58, 48.96, 4.76718e-06
_0675_, 52.9, 48.96, 1.10898e-05
_0679_, 52.9, 48.96, 1.10898e-05
_0780_, 52.9, 48.96, 1.10898e-05
FILLER_0_13_98, 52.9, 48.96, 1.10898e-05
FILLER_0_14_109, 52.9, 48.96, 1.10898e-05
_0667_, 65.78, 48.96, 1.3142e-05
FILLER_0_15_275, 132.02, 48.96, 4.85479e-06
_0660_, 34.855, 48.96, 7.11273e-06
_0662_, 34.855, 48.96, 7.11273e-06
_0681_, 34.855, 48.96, 7.11273e-06
_0787_, 34.855, 48.96, 7.11273e-06
_0794_, 34.855, 48.96, 7.11273e-06
_0871_, 80.04, 48.96, 1.22807e-05
_0872_, 80.04, 48.96, 1.22807e-05
_1051_, 80.04, 48.96, 1.22807e-05
FILLER_0_13_159, 80.04, 48.96, 1.22807e-05
_0574_, 117.99, 48.96, 6.76143e-06
_0608_, 117.99, 48.96, 6.76143e-06
_0609_, 117.99, 48.96, 6.76143e-06
_0902_, 117.99, 48.96, 6.76143e-06
FILLER_0_14_236, 117.99, 48.96, 6.76143e-06
FILLER_0_15_247, 117.99, 48.96, 6.76143e-06
PHY_EDGE_ROW_11_Left_61, 5.52, 43.52, 2.78472e-05
PHY_EDGE_ROW_12_Left_62, 5.52, 43.52, 2.78472e-05
input15, 5.52, 43.52, 2.78472e-05
PHY_EDGE_ROW_11_Right_11, 154.1, 43.52, 5.70498e-06
PHY_EDGE_ROW_12_Right_12, 154.1, 43.52, 5.70498e-06
output69, 154.1, 43.52, 5.70498e-06
FILLER_0_12_18, 11.04, 43.52, 2.73237e-05
_1123_, 16.56, 43.52, 2.68002e-05
FILLER_0_12_29, 16.56, 43.52, 2.68002e-05
_1062_, 22.08, 43.52, 2.04534e-05
FILLER_0_12_40, 22.08, 43.52, 2.04534e-05
_0811_, 60.26, 43.52, 8.93457e-06
FILLER_0_12_107, 60.26, 43.52, 8.93457e-06
FILLER_0_12_115, 60.26, 43.52, 8.93457e-06
_0615_, 71.76, 43.52, 9.22347e-06
_0636_, 71.76, 43.52, 9.22347e-06
_0816_, 71.76, 43.52, 9.22347e-06
_0873_, 71.76, 43.52, 9.22347e-06
FILLER_0_12_141, 71.76, 43.52, 9.22347e-06
FILLER_0_13_142, 71.76, 43.52, 9.22347e-06
_0617_, 92, 43.52, 1.04828e-05
_0866_, 92, 43.52, 1.04828e-05
_0874_, 92, 43.52, 1.04828e-05
_0875_, 92, 43.52, 1.04828e-05
FILLER_0_11_194, 92, 43.52, 1.04828e-05
FILLER_0_12_179, 92, 43.52, 1.04828e-05
FILLER_0_13_194, 92, 43.52, 1.04828e-05
FILLER_0_12_301, 143.06, 43.52, 5.70495e-06
FILLER_0_12_309, 143.06, 43.52, 5.70495e-06
_0581_, 34.04, 43.52, 1.41608e-05
_0582_, 34.04, 43.52, 1.41608e-05
_0661_, 34.04, 43.52, 1.41608e-05
hold17, 34.04, 43.52, 1.41608e-05
FILLER_0_13_62, 34.04, 43.52, 1.41608e-05
_0639_, 80.96, 43.52, 1.03558e-05
_0640_, 80.96, 43.52, 1.03558e-05
_0867_, 80.96, 43.52, 1.03558e-05
FILLER_0_11_163, 80.96, 43.52, 1.03558e-05
FILLER_0_13_169, 80.96, 43.52, 1.03558e-05
_0901_, 124.66, 43.52, 1.21004e-05
hold20, 124.66, 43.52, 1.21004e-05
FILLER_0_12_248, 124.66, 43.52, 1.21004e-05
_0658_, 47.15, 43.52, 1.25505e-05
_0671_, 47.15, 43.52, 1.25505e-05
_0797_, 47.15, 43.52, 1.25505e-05
_0808_, 47.15, 43.52, 1.25505e-05
_0813_, 47.15, 43.52, 1.25505e-05
FILLER_0_11_80, 47.15, 43.52, 1.25505e-05
_0621_, 113.165, 43.52, 1.72899e-05
_0623_, 113.165, 43.52, 1.72899e-05
_0903_, 113.165, 43.52, 1.72899e-05
_1109_, 113.165, 43.52, 1.72899e-05
hold22, 113.165, 43.52, 1.72899e-05
FILLER_0_12_234, 113.165, 43.52, 1.72899e-05
PHY_EDGE_ROW_9_Left_59, 5.52, 38.08, 2.03984e-05
PHY_EDGE_ROW_10_Left_60, 5.52, 38.08, 2.03984e-05
input14, 5.52, 38.08, 2.03984e-05
output52, 5.52, 38.08, 2.03984e-05
PHY_EDGE_ROW_9_Right_9, 154.1, 38.08, 5.48944e-06
PHY_EDGE_ROW_10_Right_10, 154.1, 38.08, 5.48944e-06
FILLER_0_9_317, 154.1, 38.08, 5.48944e-06
FILLER_0_10_317, 154.1, 38.08, 5.48944e-06
FILLER_0_10_19, 16.56, 38.08, 1.93273e-05
FILLER_0_10_29, 16.56, 38.08, 1.93273e-05
_1122_, 22.08, 38.08, 1.87917e-05
_0656_, 34.5, 38.08, 1.20142e-05
_0657_, 34.5, 38.08, 1.20142e-05
_0798_, 34.5, 38.08, 1.20142e-05
_0802_, 34.5, 38.08, 1.20142e-05
_0806_, 34.5, 38.08, 1.20142e-05
FILLER_0_10_62, 34.5, 38.08, 1.20142e-05
FILLER_0_10_137, 70.84, 38.08, 6.9925e-06
_0868_, 76.36, 38.08, 7.74086e-06
_0618_, 111.78, 38.08, 1.73112e-05
_0620_, 111.78, 38.08, 1.73112e-05
_1048_, 111.78, 38.08, 1.73112e-05
_1110_, 111.78, 38.08, 1.73112e-05
_1047_, 122.82, 38.08, 1.26691e-05
FILLER_0_10_301, 143.06, 38.08, 5.48938e-06
FILLER_0_11_305, 143.06, 38.08, 5.48938e-06
output70, 148.58, 38.08, 5.48942e-06
FILLER_0_10_309, 148.58, 38.08, 5.48942e-06
FILLER_0_11_313, 148.58, 38.08, 5.48942e-06
_0670_, 47.38, 38.08, 9.9851e-06
FILLER_0_10_79, 47.38, 38.08, 9.9851e-06
FILLER_0_11_91, 47.38, 38.08, 9.9851e-06
_0809_, 52.9, 38.08, 9.05619e-06
_0812_, 52.9, 38.08, 9.05619e-06
FILLER_0_9_104, 52.9, 38.08, 9.05619e-06
FILLER_0_10_109, 52.9, 38.08, 9.05619e-06
FILLER_0_11_102, 52.9, 38.08, 9.05619e-06
FILLER_0_11_150, 73.14, 38.08, 7.30432e-06
FILLER_0_10_165, 78.66, 38.08, 7.93786e-06
FILLER_0_11_245, 118.68, 38.08, 1.44099e-05
_0616_, 90.165, 38.08, 8.9233e-06
_0638_, 90.165, 38.08, 8.9233e-06
_0878_, 90.165, 38.08, 8.9233e-06
FILLER_0_10_173, 90.165, 38.08, 8.9233e-06
FILLER_0_10_190, 90.165, 38.08, 8.9233e-06
PHY_EDGE_ROW_7_Left_57, 5.52, 32.64, 1.39976e-05
PHY_EDGE_ROW_8_Left_58, 5.52, 32.64, 1.39976e-05
input13, 5.52, 32.64, 1.39976e-05
PHY_EDGE_ROW_7_Right_7, 154.1, 32.64, 3.57106e-06
PHY_EDGE_ROW_8_Right_8, 154.1, 32.64, 3.57106e-06
FILLER_0_7_317, 154.1, 32.64, 3.57106e-06
FILLER_0_8_317, 154.1, 32.64, 3.57106e-06
FILLER_0_9_42, 26.22, 32.64, 1.22847e-05
_0815_, 40.02, 32.64, 2.46314e-05
_1121_, 40.02, 32.64, 2.46314e-05
FILLER_0_8_77, 40.02, 32.64, 2.46314e-05
_0814_, 45.54, 32.64, 2.42466e-05
_0821_, 60.26, 32.64, 2.29859e-05
_1120_, 60.26, 32.64, 2.29859e-05
FILLER_0_8_114, 60.26, 32.64, 2.29859e-05
_1059_, 65.78, 32.64, 1.87276e-05
FILLER_0_8_132, 65.78, 32.64, 1.87276e-05
_1050_, 86.02, 32.64, 2.88488e-05
_1112_, 86.02, 32.64, 2.88488e-05
FILLER_0_8_189, 91.54, 32.64, 2.56225e-05
FILLER_0_9_189, 91.54, 32.64, 2.56225e-05
_1111_, 97.06, 32.64, 2.23962e-05
FILLER_0_8_197, 97.06, 32.64, 2.23962e-05
FILLER_0_8_244, 117.3, 32.64, 1.00967e-05
FILLER_0_8_301, 143.06, 32.64, 3.57102e-06
FILLER_0_8_309, 148.58, 32.64, 3.57104e-06
FILLER_0_9_69, 38.18, 32.64, 2.28186e-05
_1060_, 51.52, 32.64, 2.38297e-05
FILLER_0_8_106, 51.52, 32.64, 2.38297e-05
FILLER_0_8_165, 78.66, 32.64, 2.51684e-05
FILLER_0_9_160, 78.66, 32.64, 2.51684e-05
FILLER_0_9_215, 103.96, 32.64, 1.41437e-05
FILLER_0_9_273, 130.18, 32.64, 6.18915e-06
PHY_EDGE_ROW_5_Left_55, 5.52, 27.2, 6.89904e-11
PHY_EDGE_ROW_6_Left_56, 5.52, 27.2, 6.89904e-11
PHY_EDGE_ROW_5_Right_5, 154.1, 27.2, 1.18098e-10
PHY_EDGE_ROW_6_Right_6, 154.1, 27.2, 1.18098e-10
FILLER_0_5_317, 154.1, 27.2, 1.18098e-10
FILLER_0_6_317, 154.1, 27.2, 1.18098e-10
FILLER_0_6_77, 40.02, 27.2, 4.06239e-11
FILLER_0_6_133, 65.78, 27.2, 2.87748e-11
FILLER_0_6_189, 91.54, 27.2, 3.88813e-11
FILLER_0_6_245, 117.3, 27.2, 5.2446e-11
FILLER_0_6_301, 143.06, 27.2, 7.61802e-11
FILLER_0_6_309, 148.58, 27.2, 9.9468e-11
FILLER_0_7_105, 52.9, 27.2, 3.84648e-11
FILLER_0_7_161, 78.66, 27.2, 3.92619e-11
FILLER_0_7_217, 104.42, 27.2, 3.58898e-11
FILLER_0_7_273, 130.18, 27.2, 5.81345e-11
PHY_EDGE_ROW_3_Left_53, 5.52, 21.76, 1.35718e-07
PHY_EDGE_ROW_4_Left_54, 5.52, 21.76, 1.35718e-07
PHY_EDGE_ROW_3_Right_3, 154.1, 21.76, 8.08911e-08
PHY_EDGE_ROW_4_Right_4, 154.1, 21.76, 8.08911e-08
FILLER_0_3_317, 154.1, 21.76, 8.08911e-08
FILLER_0_4_317, 154.1, 21.76, 8.08911e-08
FILLER_0_4_77, 40.02, 21.76, 1.63799e-07
FILLER_0_4_133, 65.78, 21.76, 2.17104e-07
FILLER_0_4_189, 91.54, 21.76, 1.91668e-07
FILLER_0_4_245, 117.3, 21.76, 1.39233e-07
FILLER_0_4_301, 143.06, 21.76, 8.08492e-08
FILLER_0_4_309, 148.58, 21.76, 8.08725e-08
FILLER_0_5_105, 52.9, 21.76, 1.92464e-07
FILLER_0_5_161, 78.66, 21.76, 2.04391e-07
FILLER_0_5_217, 104.42, 21.76, 1.74191e-07
FILLER_0_5_273, 130.18, 21.76, 1.04265e-07
PHY_EDGE_ROW_1_Left_51, 5.52, 16.32, 1.0827e-06
PHY_EDGE_ROW_2_Left_52, 5.52, 16.32, 1.0827e-06
PHY_EDGE_ROW_1_Right_1, 154.1, 16.32, 2.0374e-07
PHY_EDGE_ROW_2_Right_2, 154.1, 16.32, 2.0374e-07
FILLER_0_1_317, 154.1, 16.32, 2.0374e-07
FILLER_0_2_317, 154.1, 16.32, 2.0374e-07
FILLER_0_2_77, 40.02, 16.32, 2.165e-06
input10, 45.54, 16.32, 2.63804e-06
FILLER_0_2_133, 65.78, 16.32, 1.52549e-06
FILLER_0_2_189, 91.54, 16.32, 8.38098e-07
FILLER_0_2_245, 117.3, 16.32, 4.14558e-07
FILLER_0_2_301, 143.06, 16.32, 2.03699e-07
FILLER_0_2_309, 148.58, 16.32, 2.03722e-07
FILLER_0_1_105, 52.9, 16.32, 2.48308e-06
FILLER_0_3_105, 52.9, 16.32, 2.48308e-06
input8, 58.42, 16.32, 2.36685e-06
FILLER_0_1_161, 78.66, 16.32, 1.1818e-06
FILLER_0_3_161, 78.66, 16.32, 1.1818e-06
FILLER_0_1_217, 104.42, 16.32, 5.40817e-07
FILLER_0_3_217, 104.42, 16.32, 5.40817e-07
FILLER_0_3_273, 130.18, 16.32, 2.88289e-07
PHY_EDGE_ROW_0_Left_50, 5.52, 10.88, 1.25365e-06
PHY_EDGE_ROW_0_Right_0, 154.1, 10.88, 9.001e-07
FILLER_0_0_317, 154.1, 10.88, 9.001e-07
FILLER_0_0_81, 40.02, 10.88, 2.47681e-06
input4, 98.9, 10.88, 4.51489e-06
FILLER_0_0_249, 117.3, 10.88, 2.50968e-06
FILLER_0_0_277, 130.18, 10.88, 1.54587e-06
FILLER_0_1_273, 130.18, 10.88, 1.54587e-06
FILLER_0_0_305, 143.06, 10.88, 9.00081e-07
FILLER_0_0_309, 143.06, 10.88, 9.00081e-07
input11, 52.275, 10.88, 3.66366e-06
output50, 52.275, 10.88, 3.66366e-06
FILLER_0_0_90, 52.275, 10.88, 3.66366e-06
FILLER_0_0_97, 52.275, 10.88, 3.66366e-06
FILLER_0_0_105, 52.275, 10.88, 3.66366e-06
input6, 75.986, 10.88, 6.28598e-06
output42, 75.986, 10.88, 6.28598e-06
output43, 75.986, 10.88, 6.28598e-06
FILLER_0_0_141, 75.986, 10.88, 6.28598e-06
FILLER_0_0_154, 75.986, 10.88, 6.28598e-06
FILLER_0_0_161, 75.986, 10.88, 6.28598e-06
input2, 87.443, 10.88, 6.90798e-06
input3, 87.443, 10.88, 6.90798e-06
output41, 87.443, 10.88, 6.90798e-06
FILLER_0_0_175, 87.443, 10.88, 6.90798e-06
FILLER_0_0_182, 87.443, 10.88, 6.90798e-06
FILLER_0_0_189, 87.443, 10.88, 6.90798e-06

