
===========================================================================
 report_power
============================================================================
======================= Fastest Corner ===================================

Group                  Internal  Switching    Leakage      Total
                          Power      Power      Power      Power (Watts)
----------------------------------------------------------------
Sequential             2.64e-04   6.54e-06   4.13e-08   2.71e-04  49.9%
Combinational          2.95e-05   4.70e-05   4.41e-09   7.64e-05  14.1%
Clock                  1.00e-04   9.54e-05   2.26e-09   1.96e-04  36.0%
Macro                  0.00e+00   0.00e+00   0.00e+00   0.00e+00   0.0%
Pad                    0.00e+00   0.00e+00   0.00e+00   0.00e+00   0.0%
----------------------------------------------------------------
Total                  3.94e-04   1.49e-04   4.79e-08   5.43e-04 100.0%
                          72.6%      27.4%       0.0%

======================= Slowest Corner ===================================

Group                  Internal  Switching    Leakage      Total
                          Power      Power      Power      Power (Watts)
----------------------------------------------------------------
Sequential             1.71e-04   4.21e-06   1.04e-06   1.77e-04  48.3%
Combinational          2.14e-05   3.08e-05   2.95e-06   5.52e-05  15.1%
Clock                  7.25e-05   6.16e-05   9.70e-08   1.34e-04  36.7%
Macro                  0.00e+00   0.00e+00   0.00e+00   0.00e+00   0.0%
Pad                    0.00e+00   0.00e+00   0.00e+00   0.00e+00   0.0%
----------------------------------------------------------------
Total                  2.65e-04   9.66e-05   4.08e-06   3.66e-04 100.0%
                          72.5%      26.4%       1.1%

======================= Typical Corner ===================================

Group                  Internal  Switching    Leakage      Total
                          Power      Power      Power      Power (Watts)
----------------------------------------------------------------
Sequential             2.24e-04   5.44e-06   4.09e-08   2.30e-04  49.6%
Combinational          2.63e-05   3.96e-05   2.30e-09   6.59e-05  14.2%
Clock                  8.74e-05   7.99e-05   2.01e-09   1.67e-04  36.1%
Macro                  0.00e+00   0.00e+00   0.00e+00   0.00e+00   0.0%
Pad                    0.00e+00   0.00e+00   0.00e+00   0.00e+00   0.0%
----------------------------------------------------------------
Total                  3.38e-04   1.25e-04   4.52e-08   4.63e-04 100.0%
                          73.0%      27.0%       0.0%

