
79. Printing statistics.

=== manchester_baby ===

   Number of wires:                579
   Number of wire bits:            645
   Number of public wires:          37
   Number of public wire bits:     103
   Number of memories:               0
   Number of memory bits:            0
   Number of processes:              0
   Number of cells:                611
     sky130_fd_sc_hd__a2111o_2       1
     sky130_fd_sc_hd__a211o_2        9
     sky130_fd_sc_hd__a211oi_2       1
     sky130_fd_sc_hd__a21bo_2        2
     sky130_fd_sc_hd__a21boi_2       3
     sky130_fd_sc_hd__a21o_2        16
     sky130_fd_sc_hd__a21oi_2       14
     sky130_fd_sc_hd__a221o_2        2
     sky130_fd_sc_hd__a22o_2        13
     sky130_fd_sc_hd__a311o_2        3
     sky130_fd_sc_hd__a311oi_2       1
     sky130_fd_sc_hd__a31o_2        34
     sky130_fd_sc_hd__a31oi_2        1
     sky130_fd_sc_hd__a32o_2         9
     sky130_fd_sc_hd__a41oi_2        1
     sky130_fd_sc_hd__and2_2         5
     sky130_fd_sc_hd__and2b_2       27
     sky130_fd_sc_hd__and3_2        17
     sky130_fd_sc_hd__and3b_2        8
     sky130_fd_sc_hd__and4_2         1
     sky130_fd_sc_hd__and4b_2        3
     sky130_fd_sc_hd__and4bb_2       1
     sky130_fd_sc_hd__buf_1         46
     sky130_fd_sc_hd__dfrtp_2       49
     sky130_fd_sc_hd__dfxtp_2        9
     sky130_fd_sc_hd__inv_2         63
     sky130_fd_sc_hd__mux2_2        21
     sky130_fd_sc_hd__nand2_2       53
     sky130_fd_sc_hd__nand3_2        2
     sky130_fd_sc_hd__nor2_2        12
     sky130_fd_sc_hd__nor3_2         3
     sky130_fd_sc_hd__o211a_2        4
     sky130_fd_sc_hd__o211ai_2       2
     sky130_fd_sc_hd__o21a_2         9
     sky130_fd_sc_hd__o21ai_2       15
     sky130_fd_sc_hd__o21ba_2        1
     sky130_fd_sc_hd__o221a_2        2
     sky130_fd_sc_hd__o22a_2        20
     sky130_fd_sc_hd__o311ai_2       1
     sky130_fd_sc_hd__o31ai_2        3
     sky130_fd_sc_hd__o41a_2         1
     sky130_fd_sc_hd__or2_2         41
     sky130_fd_sc_hd__or2b_2        31
     sky130_fd_sc_hd__or3_2         16
     sky130_fd_sc_hd__or3b_2         2
     sky130_fd_sc_hd__or4_2          8
     sky130_fd_sc_hd__or4b_2         1
     sky130_fd_sc_hd__xnor2_2       16
     sky130_fd_sc_hd__xor2_2         8

   Chip area for module '\manchester_baby': 5890.649600

